<?xml version="1.0" encoding="UTF-8"?>
<testsuite name="com.endava.bank.ApplyServiceTests" time="0.019" tests="1" errors="1" skipped="0" failures="0">
  <properties>
    <property name="idea.version" value="2017.2.5"/>
    <property name="java.runtime.name" value="Java(TM) SE Runtime Environment"/>
    <property name="sun.boot.library.path" value="C:\Program Files\Java\jdk1.8.0_77\jre\bin"/>
    <property name="java.vm.version" value="25.77-b03"/>
    <property name="java.vm.vendor" value="Oracle Corporation"/>
    <property name="maven.multiModuleProjectDirectory" value="D:\projects\presentation\cloud-contract\bank"/>
    <property name="java.vendor.url" value="http://java.oracle.com/"/>
    <property name="path.separator" value=";"/>
    <property name="guice.disable.misplaced.annotation.check" value="true"/>
    <property name="java.vm.name" value="Java HotSpot(TM) 64-Bit Server VM"/>
    <property name="file.encoding.pkg" value="sun.io"/>
    <property name="user.script" value=""/>
    <property name="user.country" value="US"/>
    <property name="sun.java.launcher" value="SUN_STANDARD"/>
    <property name="sun.os.patch.level" value=""/>
    <property name="java.vm.specification.name" value="Java Virtual Machine Specification"/>
    <property name="user.dir" value="D:\projects\presentation\cloud-contract\bank"/>
    <property name="java.runtime.version" value="1.8.0_77-b03"/>
    <property name="java.awt.graphicsenv" value="sun.awt.Win32GraphicsEnvironment"/>
    <property name="java.endorsed.dirs" value="C:\Program Files\Java\jdk1.8.0_77\jre\lib\endorsed"/>
    <property name="os.arch" value="amd64"/>
    <property name="java.io.tmpdir" value="C:\Users\ARECIC~1\AppData\Local\Temp\"/>
    <property name="line.separator" value="&#10;"/>
    <property name="java.vm.specification.vendor" value="Oracle Corporation"/>
    <property name="user.variant" value=""/>
    <property name="os.name" value="Windows 8.1"/>
    <property name="classworlds.conf" value="D:\Programms\Maven\apache-maven-3.3.9\bin\m2.conf"/>
    <property name="sun.jnu.encoding" value="Cp1252"/>
    <property name="java.library.path" value="C:\Program Files\Java\jdk1.8.0_77\bin;C:\Windows\Sun\Java\bin;C:\Windows\system32;C:\Windows;C:\app\arecicalov\product\12.1.0\dbhome_1\bin;C:\ProgramData\Oracle\Java\javapath;C:\Windows\system32;C:\Windows;C:\Windows\System32\Wbem;C:\Windows\System32\WindowsPowerShell\v1.0\;C:\Windows\CCM;C:\Program Files\OpenVPN\bin;C:\Program Files\Java\jdk1.8.0_77\bin;C:\Program Files (x86)\GitExtensions\;D:\Programms\Maven\apache-maven-3.3.9\bin;C:\Program Files (x86)\Skype\Phone\;."/>
    <property name="java.specification.name" value="Java Platform API Specification"/>
    <property name="java.class.version" value="52.0"/>
    <property name="sun.management.compiler" value="HotSpot 64-Bit Tiered Compilers"/>
    <property name="os.version" value="6.3"/>
    <property name="user.home" value="C:\Users\arecicalov"/>
    <property name="user.timezone" value="EET"/>
    <property name="java.awt.printerjob" value="sun.awt.windows.WPrinterJob"/>
    <property name="java.specification.version" value="1.8"/>
    <property name="file.encoding" value="UTF-8"/>
    <property name="user.name" value="arecicalov"/>
    <property name="java.class.path" value="D:\Programms\Maven\apache-maven-3.3.9\boot\plexus-classworlds-2.5.2.jar;C:\Program Files\JetBrains\IntelliJ IDEA 2017.2.5\lib\idea_rt.jar"/>
    <property name="java.vm.specification.version" value="1.8"/>
    <property name="sun.arch.data.model" value="64"/>
    <property name="java.home" value="C:\Program Files\Java\jdk1.8.0_77\jre"/>
    <property name="sun.java.command" value="org.codehaus.classworlds.Launcher -Didea.version=2017.2.5 clean install -P windows"/>
    <property name="java.specification.vendor" value="Oracle Corporation"/>
    <property name="user.language" value="en"/>
    <property name="awt.toolkit" value="sun.awt.windows.WToolkit"/>
    <property name="java.vm.info" value="mixed mode"/>
    <property name="java.version" value="1.8.0_77"/>
    <property name="java.ext.dirs" value="C:\Program Files\Java\jdk1.8.0_77\jre\lib\ext;C:\Windows\Sun\Java\lib\ext"/>
    <property name="sun.boot.class.path" value="C:\Program Files\Java\jdk1.8.0_77\jre\lib\resources.jar;C:\Program Files\Java\jdk1.8.0_77\jre\lib\rt.jar;C:\Program Files\Java\jdk1.8.0_77\jre\lib\sunrsasign.jar;C:\Program Files\Java\jdk1.8.0_77\jre\lib\jsse.jar;C:\Program Files\Java\jdk1.8.0_77\jre\lib\jce.jar;C:\Program Files\Java\jdk1.8.0_77\jre\lib\charsets.jar;C:\Program Files\Java\jdk1.8.0_77\jre\lib\jfr.jar;C:\Program Files\Java\jdk1.8.0_77\jre\classes"/>
    <property name="java.vendor" value="Oracle Corporation"/>
    <property name="maven.home" value="D:\Programms\Maven\apache-maven-3.3.9"/>
    <property name="file.separator" value="\"/>
    <property name="java.vendor.url.bug" value="http://bugreport.sun.com/bugreport/"/>
    <property name="sun.cpu.endian" value="little"/>
    <property name="sun.io.unicode.encoding" value="UnicodeLittle"/>
    <property name="sun.desktop" value="windows"/>
    <property name="sun.cpu.isalist" value="amd64"/>
  </properties>
  <testcase name="shouldBeRejectedDueToAbnormalLoanAmount" classname="com.endava.bank.ApplyServiceTests" time="0.019">
    <error message="Failed to load ApplicationContext" type="java.lang.IllegalStateException"><![CDATA[java.lang.IllegalStateException: Failed to load ApplicationContext
	at org.springframework.test.context.cache.DefaultCacheAwareContextLoaderDelegate.loadContext(DefaultCacheAwareContextLoaderDelegate.java:124)
	at org.springframework.test.context.support.DefaultTestContext.getApplicationContext(DefaultTestContext.java:83)
	at org.springframework.test.context.support.DependencyInjectionTestExecutionListener.injectDependencies(DependencyInjectionTestExecutionListener.java:117)
	at org.springframework.test.context.support.DependencyInjectionTestExecutionListener.prepareTestInstance(DependencyInjectionTestExecutionListener.java:83)
	at org.springframework.boot.test.autoconfigure.SpringBootDependencyInjectionTestExecutionListener.prepareTestInstance(SpringBootDependencyInjectionTestExecutionListener.java:44)
	at org.springframework.test.context.TestContextManager.prepareTestInstance(TestContextManager.java:230)
	at org.springframework.test.context.junit4.SpringJUnit4ClassRunner.createTest(SpringJUnit4ClassRunner.java:228)
	at org.springframework.test.context.junit4.SpringJUnit4ClassRunner$1.runReflectiveCall(SpringJUnit4ClassRunner.java:287)
	at org.junit.internal.runners.model.ReflectiveCallable.run(ReflectiveCallable.java:12)
	at org.springframework.test.context.junit4.SpringJUnit4ClassRunner.methodBlock(SpringJUnit4ClassRunner.java:289)
	at org.springframework.test.context.junit4.SpringJUnit4ClassRunner.runChild(SpringJUnit4ClassRunner.java:247)
	at org.springframework.test.context.junit4.SpringJUnit4ClassRunner.runChild(SpringJUnit4ClassRunner.java:94)
	at org.junit.runners.ParentRunner$3.run(ParentRunner.java:290)
	at org.junit.runners.ParentRunner$1.schedule(ParentRunner.java:71)
	at org.junit.runners.ParentRunner.runChildren(ParentRunner.java:288)
	at org.junit.runners.ParentRunner.access$000(ParentRunner.java:58)
	at org.junit.runners.ParentRunner$2.evaluate(ParentRunner.java:268)
	at org.springframework.test.context.junit4.statements.RunBeforeTestClassCallbacks.evaluate(RunBeforeTestClassCallbacks.java:61)
	at org.springframework.test.context.junit4.statements.RunAfterTestClassCallbacks.evaluate(RunAfterTestClassCallbacks.java:70)
	at org.junit.runners.ParentRunner.run(ParentRunner.java:363)
	at org.springframework.test.context.junit4.SpringJUnit4ClassRunner.run(SpringJUnit4ClassRunner.java:191)
	at org.apache.maven.surefire.junit4.JUnit4Provider.execute(JUnit4Provider.java:283)
	at org.apache.maven.surefire.junit4.JUnit4Provider.executeWithRerun(JUnit4Provider.java:173)
	at org.apache.maven.surefire.junit4.JUnit4Provider.executeTestSet(JUnit4Provider.java:153)
	at org.apache.maven.surefire.junit4.JUnit4Provider.invoke(JUnit4Provider.java:128)
	at org.apache.maven.surefire.booter.ForkedBooter.invokeProviderInSameClassLoader(ForkedBooter.java:203)
	at org.apache.maven.surefire.booter.ForkedBooter.runSuitesInProcess(ForkedBooter.java:155)
	at org.apache.maven.surefire.booter.ForkedBooter.main(ForkedBooter.java:103)
Caused by: org.springframework.beans.factory.BeanCreationException: Error creating bean with name 'batchStubRunner' defined in class path resource [org/springframework/cloud/contract/stubrunner/spring/StubRunnerConfiguration.class]: Bean instantiation via factory method failed; nested exception is org.springframework.beans.BeanInstantiationException: Failed to instantiate [org.springframework.cloud.contract.stubrunner.BatchStubRunner]: Factory method 'batchStubRunner' threw exception; nested exception is java.lang.IllegalArgumentException: For groupId [com.endava] artifactId [fraud-service] and classifier [stubs] the version was not resolved! The following exceptions took place [org.eclipse.aether.transfer.MetadataNotFoundException: Could not find metadata com.endava:fraud-service/maven-metadata.xml in local (C:\Users\arecicalov\.m2\repository)]
	at org.springframework.beans.factory.support.ConstructorResolver.instantiateUsingFactoryMethod(ConstructorResolver.java:599)
	at org.springframework.beans.factory.support.AbstractAutowireCapableBeanFactory.instantiateUsingFactoryMethod(AbstractAutowireCapableBeanFactory.java:1173)
	at org.springframework.beans.factory.support.AbstractAutowireCapableBeanFactory.createBeanInstance(AbstractAutowireCapableBeanFactory.java:1067)
	at org.springframework.beans.factory.support.AbstractAutowireCapableBeanFactory.doCreateBean(AbstractAutowireCapableBeanFactory.java:513)
	at org.springframework.beans.factory.support.AbstractAutowireCapableBeanFactory.createBean(AbstractAutowireCapableBeanFactory.java:483)
	at org.springframework.beans.factory.support.AbstractBeanFactory$1.getObject(AbstractBeanFactory.java:306)
	at org.springframework.beans.factory.support.DefaultSingletonBeanRegistry.getSingleton(DefaultSingletonBeanRegistry.java:230)
	at org.springframework.beans.factory.support.AbstractBeanFactory.doGetBean(AbstractBeanFactory.java:302)
	at org.springframework.beans.factory.support.AbstractBeanFactory.getBean(AbstractBeanFactory.java:197)
	at org.springframework.beans.factory.support.DefaultListableBeanFactory.preInstantiateSingletons(DefaultListableBeanFactory.java:761)
	at org.springframework.context.support.AbstractApplicationContext.finishBeanFactoryInitialization(AbstractApplicationContext.java:867)
	at org.springframework.context.support.AbstractApplicationContext.refresh(AbstractApplicationContext.java:543)
	at org.springframework.boot.SpringApplication.refresh(SpringApplication.java:693)
	at org.springframework.boot.SpringApplication.refreshContext(SpringApplication.java:360)
	at org.springframework.boot.SpringApplication.run(SpringApplication.java:303)
	at org.springframework.boot.test.context.SpringBootContextLoader.loadContext(SpringBootContextLoader.java:120)
	at org.springframework.test.context.cache.DefaultCacheAwareContextLoaderDelegate.loadContextInternal(DefaultCacheAwareContextLoaderDelegate.java:98)
	at org.springframework.test.context.cache.DefaultCacheAwareContextLoaderDelegate.loadContext(DefaultCacheAwareContextLoaderDelegate.java:116)
	at org.springframework.test.context.support.DefaultTestContext.getApplicationContext(DefaultTestContext.java:83)
	at org.springframework.test.context.support.DependencyInjectionTestExecutionListener.injectDependencies(DependencyInjectionTestExecutionListener.java:117)
	at org.springframework.test.context.support.DependencyInjectionTestExecutionListener.prepareTestInstance(DependencyInjectionTestExecutionListener.java:83)
	at org.springframework.boot.test.autoconfigure.SpringBootDependencyInjectionTestExecutionListener.prepareTestInstance(SpringBootDependencyInjectionTestExecutionListener.java:44)
	at org.springframework.test.context.TestContextManager.prepareTestInstance(TestContextManager.java:230)
	at org.springframework.test.context.junit4.SpringJUnit4ClassRunner.createTest(SpringJUnit4ClassRunner.java:228)
	at org.springframework.test.context.junit4.SpringJUnit4ClassRunner$1.runReflectiveCall(SpringJUnit4ClassRunner.java:287)
	at org.junit.internal.runners.model.ReflectiveCallable.run(ReflectiveCallable.java:12)
	at org.springframework.test.context.junit4.SpringJUnit4ClassRunner.methodBlock(SpringJUnit4ClassRunner.java:289)
	at org.springframework.test.context.junit4.SpringJUnit4ClassRunner.runChild(SpringJUnit4ClassRunner.java:247)
	at org.springframework.test.context.junit4.SpringJUnit4ClassRunner.runChild(SpringJUnit4ClassRunner.java:94)
	at org.junit.runners.ParentRunner$3.run(ParentRunner.java:290)
	at org.junit.runners.ParentRunner$1.schedule(ParentRunner.java:71)
	at org.junit.runners.ParentRunner.runChildren(ParentRunner.java:288)
	at org.junit.runners.ParentRunner.access$000(ParentRunner.java:58)
	at org.junit.runners.ParentRunner$2.evaluate(ParentRunner.java:268)
	at org.springframework.test.context.junit4.statements.RunBeforeTestClassCallbacks.evaluate(RunBeforeTestClassCallbacks.java:61)
	at org.springframework.test.context.junit4.statements.RunAfterTestClassCallbacks.evaluate(RunAfterTestClassCallbacks.java:70)
	at org.junit.runners.ParentRunner.run(ParentRunner.java:363)
	at org.springframework.test.context.junit4.SpringJUnit4ClassRunner.run(SpringJUnit4ClassRunner.java:191)
	at org.apache.maven.surefire.junit4.JUnit4Provider.execute(JUnit4Provider.java:283)
	at org.apache.maven.surefire.junit4.JUnit4Provider.executeWithRerun(JUnit4Provider.java:173)
	at org.apache.maven.surefire.junit4.JUnit4Provider.executeTestSet(JUnit4Provider.java:153)
	at org.apache.maven.surefire.junit4.JUnit4Provider.invoke(JUnit4Provider.java:128)
	at org.apache.maven.surefire.booter.ForkedBooter.invokeProviderInSameClassLoader(ForkedBooter.java:203)
	at org.apache.maven.surefire.booter.ForkedBooter.runSuitesInProcess(ForkedBooter.java:155)
	at org.apache.maven.surefire.booter.ForkedBooter.main(ForkedBooter.java:103)
Caused by: org.springframework.beans.BeanInstantiationException: Failed to instantiate [org.springframework.cloud.contract.stubrunner.BatchStubRunner]: Factory method 'batchStubRunner' threw exception; nested exception is java.lang.IllegalArgumentException: For groupId [com.endava] artifactId [fraud-service] and classifier [stubs] the version was not resolved! The following exceptions took place [org.eclipse.aether.transfer.MetadataNotFoundException: Could not find metadata com.endava:fraud-service/maven-metadata.xml in local (C:\Users\arecicalov\.m2\repository)]
	at org.springframework.beans.factory.support.SimpleInstantiationStrategy.instantiate(SimpleInstantiationStrategy.java:189)
	at org.springframework.beans.factory.support.ConstructorResolver.instantiateUsingFactoryMethod(ConstructorResolver.java:588)
	at org.springframework.beans.factory.support.AbstractAutowireCapableBeanFactory.instantiateUsingFactoryMethod(AbstractAutowireCapableBeanFactory.java:1173)
	at org.springframework.beans.factory.support.AbstractAutowireCapableBeanFactory.createBeanInstance(AbstractAutowireCapableBeanFactory.java:1067)
	at org.springframework.beans.factory.support.AbstractAutowireCapableBeanFactory.doCreateBean(AbstractAutowireCapableBeanFactory.java:513)
	at org.springframework.beans.factory.support.AbstractAutowireCapableBeanFactory.createBean(AbstractAutowireCapableBeanFactory.java:483)
	at org.springframework.beans.factory.support.AbstractBeanFactory$1.getObject(AbstractBeanFactory.java:306)
	at org.springframework.beans.factory.support.DefaultSingletonBeanRegistry.getSingleton(DefaultSingletonBeanRegistry.java:230)
	at org.springframework.beans.factory.support.AbstractBeanFactory.doGetBean(AbstractBeanFactory.java:302)
	at org.springframework.beans.factory.support.AbstractBeanFactory.getBean(AbstractBeanFactory.java:197)
	at org.springframework.beans.factory.support.DefaultListableBeanFactory.preInstantiateSingletons(DefaultListableBeanFactory.java:761)
	at org.springframework.context.support.AbstractApplicationContext.finishBeanFactoryInitialization(AbstractApplicationContext.java:867)
	at org.springframework.context.support.AbstractApplicationContext.refresh(AbstractApplicationContext.java:543)
	at org.springframework.boot.SpringApplication.refresh(SpringApplication.java:693)
	at org.springframework.boot.SpringApplication.refreshContext(SpringApplication.java:360)
	at org.springframework.boot.SpringApplication.run(SpringApplication.java:303)
	at org.springframework.boot.test.context.SpringBootContextLoader.loadContext(SpringBootContextLoader.java:120)
	at org.springframework.test.context.cache.DefaultCacheAwareContextLoaderDelegate.loadContextInternal(DefaultCacheAwareContextLoaderDelegate.java:98)
	at org.springframework.test.context.cache.DefaultCacheAwareContextLoaderDelegate.loadContext(DefaultCacheAwareContextLoaderDelegate.java:116)
	at org.springframework.test.context.support.DefaultTestContext.getApplicationContext(DefaultTestContext.java:83)
	at org.springframework.test.context.support.DependencyInjectionTestExecutionListener.injectDependencies(DependencyInjectionTestExecutionListener.java:117)
	at org.springframework.test.context.support.DependencyInjectionTestExecutionListener.prepareTestInstance(DependencyInjectionTestExecutionListener.java:83)
	at org.springframework.boot.test.autoconfigure.SpringBootDependencyInjectionTestExecutionListener.prepareTestInstance(SpringBootDependencyInjectionTestExecutionListener.java:44)
	at org.springframework.test.context.TestContextManager.prepareTestInstance(TestContextManager.java:230)
	at org.springframework.test.context.junit4.SpringJUnit4ClassRunner.createTest(SpringJUnit4ClassRunner.java:228)
	at org.springframework.test.context.junit4.SpringJUnit4ClassRunner$1.runReflectiveCall(SpringJUnit4ClassRunner.java:287)
	at org.junit.internal.runners.model.ReflectiveCallable.run(ReflectiveCallable.java:12)
	at org.springframework.test.context.junit4.SpringJUnit4ClassRunner.methodBlock(SpringJUnit4ClassRunner.java:289)
	at org.springframework.test.context.junit4.SpringJUnit4ClassRunner.runChild(SpringJUnit4ClassRunner.java:247)
	at org.springframework.test.context.junit4.SpringJUnit4ClassRunner.runChild(SpringJUnit4ClassRunner.java:94)
	at org.junit.runners.ParentRunner$3.run(ParentRunner.java:290)
	at org.junit.runners.ParentRunner$1.schedule(ParentRunner.java:71)
	at org.junit.runners.ParentRunner.runChildren(ParentRunner.java:288)
	at org.junit.runners.ParentRunner.access$000(ParentRunner.java:58)
	at org.junit.runners.ParentRunner$2.evaluate(ParentRunner.java:268)
	at org.springframework.test.context.junit4.statements.RunBeforeTestClassCallbacks.evaluate(RunBeforeTestClassCallbacks.java:61)
	at org.springframework.test.context.junit4.statements.RunAfterTestClassCallbacks.evaluate(RunAfterTestClassCallbacks.java:70)
	at org.junit.runners.ParentRunner.run(ParentRunner.java:363)
	at org.springframework.test.context.junit4.SpringJUnit4ClassRunner.run(SpringJUnit4ClassRunner.java:191)
	at org.apache.maven.surefire.junit4.JUnit4Provider.execute(JUnit4Provider.java:283)
	at org.apache.maven.surefire.junit4.JUnit4Provider.executeWithRerun(JUnit4Provider.java:173)
	at org.apache.maven.surefire.junit4.JUnit4Provider.executeTestSet(JUnit4Provider.java:153)
	at org.apache.maven.surefire.junit4.JUnit4Provider.invoke(JUnit4Provider.java:128)
	at org.apache.maven.surefire.booter.ForkedBooter.invokeProviderInSameClassLoader(ForkedBooter.java:203)
	at org.apache.maven.surefire.booter.ForkedBooter.runSuitesInProcess(ForkedBooter.java:155)
	at org.apache.maven.surefire.booter.ForkedBooter.main(ForkedBooter.java:103)
Caused by: java.lang.IllegalArgumentException: For groupId [com.endava] artifactId [fraud-service] and classifier [stubs] the version was not resolved! The following exceptions took place [org.eclipse.aether.transfer.MetadataNotFoundException: Could not find metadata com.endava:fraud-service/maven-metadata.xml in local (C:\Users\arecicalov\.m2\repository)]
	at org.springframework.cloud.contract.stubrunner.AetherStubDownloader.resolveHighestArtifactVersion(AetherStubDownloader.java:252)
	at org.springframework.cloud.contract.stubrunner.AetherStubDownloader.getVersion(AetherStubDownloader.java:209)
	at org.springframework.cloud.contract.stubrunner.AetherStubDownloader.downloadAndUnpackStubJar(AetherStubDownloader.java:216)
	at org.springframework.cloud.contract.stubrunner.StubRunnerFactory.createStubsFromServiceConfiguration(StubRunnerFactory.java:60)
	at org.springframework.cloud.contract.stubrunner.BatchStubRunnerFactory.buildBatchStubRunner(BatchStubRunnerFactory.java:59)
	at org.springframework.cloud.contract.stubrunner.spring.StubRunnerConfiguration.batchStubRunner(StubRunnerConfiguration.java:77)
	at org.springframework.cloud.contract.stubrunner.spring.StubRunnerConfiguration$$EnhancerBySpringCGLIB$$490bfd54.CGLIB$batchStubRunner$0(<generated>)
	at org.springframework.cloud.contract.stubrunner.spring.StubRunnerConfiguration$$EnhancerBySpringCGLIB$$490bfd54$$FastClassBySpringCGLIB$$ec088cc2.invoke(<generated>)
	at org.springframework.cglib.proxy.MethodProxy.invokeSuper(MethodProxy.java:228)
	at org.springframework.context.annotation.ConfigurationClassEnhancer$BeanMethodInterceptor.intercept(ConfigurationClassEnhancer.java:358)
	at org.springframework.cloud.contract.stubrunner.spring.StubRunnerConfiguration$$EnhancerBySpringCGLIB$$490bfd54.batchStubRunner(<generated>)
	at sun.reflect.NativeMethodAccessorImpl.invoke0(Native Method)
	at sun.reflect.NativeMethodAccessorImpl.invoke(NativeMethodAccessorImpl.java:62)
	at sun.reflect.DelegatingMethodAccessorImpl.invoke(DelegatingMethodAccessorImpl.java:43)
	at java.lang.reflect.Method.invoke(Method.java:498)
	at org.springframework.beans.factory.support.SimpleInstantiationStrategy.instantiate(SimpleInstantiationStrategy.java:162)
	at org.springframework.beans.factory.support.ConstructorResolver.instantiateUsingFactoryMethod(ConstructorResolver.java:588)
	at org.springframework.beans.factory.support.AbstractAutowireCapableBeanFactory.instantiateUsingFactoryMethod(AbstractAutowireCapableBeanFactory.java:1173)
	at org.springframework.beans.factory.support.AbstractAutowireCapableBeanFactory.createBeanInstance(AbstractAutowireCapableBeanFactory.java:1067)
	at org.springframework.beans.factory.support.AbstractAutowireCapableBeanFactory.doCreateBean(AbstractAutowireCapableBeanFactory.java:513)
	at org.springframework.beans.factory.support.AbstractAutowireCapableBeanFactory.createBean(AbstractAutowireCapableBeanFactory.java:483)
	at org.springframework.beans.factory.support.AbstractBeanFactory$1.getObject(AbstractBeanFactory.java:306)
	at org.springframework.beans.factory.support.DefaultSingletonBeanRegistry.getSingleton(DefaultSingletonBeanRegistry.java:230)
	at org.springframework.beans.factory.support.AbstractBeanFactory.doGetBean(AbstractBeanFactory.java:302)
	at org.springframework.beans.factory.support.AbstractBeanFactory.getBean(AbstractBeanFactory.java:197)
	at org.springframework.beans.factory.support.DefaultListableBeanFactory.preInstantiateSingletons(DefaultListableBeanFactory.java:761)
	at org.springframework.context.support.AbstractApplicationContext.finishBeanFactoryInitialization(AbstractApplicationContext.java:867)
	at org.springframework.context.support.AbstractApplicationContext.refresh(AbstractApplicationContext.java:543)
	at org.springframework.boot.SpringApplication.refresh(SpringApplication.java:693)
	at org.springframework.boot.SpringApplication.refreshContext(SpringApplication.java:360)
	at org.springframework.boot.SpringApplication.run(SpringApplication.java:303)
	at org.springframework.boot.test.context.SpringBootContextLoader.loadContext(SpringBootContextLoader.java:120)
	at org.springframework.test.context.cache.DefaultCacheAwareContextLoaderDelegate.loadContextInternal(DefaultCacheAwareContextLoaderDelegate.java:98)
	at org.springframework.test.context.cache.DefaultCacheAwareContextLoaderDelegate.loadContext(DefaultCacheAwareContextLoaderDelegate.java:116)
	at org.springframework.test.context.support.DefaultTestContext.getApplicationContext(DefaultTestContext.java:83)
	at org.springframework.test.context.support.DependencyInjectionTestExecutionListener.injectDependencies(DependencyInjectionTestExecutionListener.java:117)
	at org.springframework.test.context.support.DependencyInjectionTestExecutionListener.prepareTestInstance(DependencyInjectionTestExecutionListener.java:83)
	at org.springframework.boot.test.autoconfigure.SpringBootDependencyInjectionTestExecutionListener.prepareTestInstance(SpringBootDependencyInjectionTestExecutionListener.java:44)
	at org.springframework.test.context.TestContextManager.prepareTestInstance(TestContextManager.java:230)
	at org.springframework.test.context.junit4.SpringJUnit4ClassRunner.createTest(SpringJUnit4ClassRunner.java:228)
	at org.springframework.test.context.junit4.SpringJUnit4ClassRunner$1.runReflectiveCall(SpringJUnit4ClassRunner.java:287)
	at org.junit.internal.runners.model.ReflectiveCallable.run(ReflectiveCallable.java:12)
	at org.springframework.test.context.junit4.SpringJUnit4ClassRunner.methodBlock(SpringJUnit4ClassRunner.java:289)
	at org.springframework.test.context.junit4.SpringJUnit4ClassRunner.runChild(SpringJUnit4ClassRunner.java:247)
	at org.springframework.test.context.junit4.SpringJUnit4ClassRunner.runChild(SpringJUnit4ClassRunner.java:94)
	at org.junit.runners.ParentRunner$3.run(ParentRunner.java:290)
	at org.junit.runners.ParentRunner$1.schedule(ParentRunner.java:71)
	at org.junit.runners.ParentRunner.runChildren(ParentRunner.java:288)
	at org.junit.runners.ParentRunner.access$000(ParentRunner.java:58)
	at org.junit.runners.ParentRunner$2.evaluate(ParentRunner.java:268)
	at org.springframework.test.context.junit4.statements.RunBeforeTestClassCallbacks.evaluate(RunBeforeTestClassCallbacks.java:61)
	at org.springframework.test.context.junit4.statements.RunAfterTestClassCallbacks.evaluate(RunAfterTestClassCallbacks.java:70)
	at org.junit.runners.ParentRunner.run(ParentRunner.java:363)
	at org.springframework.test.context.junit4.SpringJUnit4ClassRunner.run(SpringJUnit4ClassRunner.java:191)
	at org.apache.maven.surefire.junit4.JUnit4Provider.execute(JUnit4Provider.java:283)
	at org.apache.maven.surefire.junit4.JUnit4Provider.executeWithRerun(JUnit4Provider.java:173)
	at org.apache.maven.surefire.junit4.JUnit4Provider.executeTestSet(JUnit4Provider.java:153)
	at org.apache.maven.surefire.junit4.JUnit4Provider.invoke(JUnit4Provider.java:128)
	at org.apache.maven.surefire.booter.ForkedBooter.invokeProviderInSameClassLoader(ForkedBooter.java:203)
	at org.apache.maven.surefire.booter.ForkedBooter.runSuitesInProcess(ForkedBooter.java:155)
	at org.apache.maven.surefire.booter.ForkedBooter.main(ForkedBooter.java:103)
]]></error>
    <system-out><![CDATA[17:43:15.220 [main] DEBUG org.springframework.test.context.junit4.SpringJUnit4ClassRunner - SpringJUnit4ClassRunner constructor called with [class com.endava.bank.ApplyServiceTests]
17:43:15.249 [main] DEBUG org.springframework.test.context.BootstrapUtils - Instantiating CacheAwareContextLoaderDelegate from class [org.springframework.test.context.cache.DefaultCacheAwareContextLoaderDelegate]
17:43:15.268 [main] DEBUG org.springframework.test.context.BootstrapUtils - Instantiating BootstrapContext using constructor [public org.springframework.test.context.support.DefaultBootstrapContext(java.lang.Class,org.springframework.test.context.CacheAwareContextLoaderDelegate)]
17:43:15.309 [main] DEBUG org.springframework.test.context.BootstrapUtils - Instantiating TestContextBootstrapper for test class [com.endava.bank.ApplyServiceTests] from class [org.springframework.boot.test.context.SpringBootTestContextBootstrapper]
17:43:15.332 [main] INFO org.springframework.boot.test.context.SpringBootTestContextBootstrapper - Neither @ContextConfiguration nor @ContextHierarchy found for test class [com.endava.bank.ApplyServiceTests], using SpringBootContextLoader
17:43:15.338 [main] DEBUG org.springframework.test.context.support.AbstractContextLoader - Did not detect default resource location for test class [com.endava.bank.ApplyServiceTests]: class path resource [com/endava/bank/ApplyServiceTests-context.xml] does not exist
17:43:15.339 [main] DEBUG org.springframework.test.context.support.AbstractContextLoader - Did not detect default resource location for test class [com.endava.bank.ApplyServiceTests]: class path resource [com/endava/bank/ApplyServiceTestsContext.groovy] does not exist
17:43:15.340 [main] INFO org.springframework.test.context.support.AbstractContextLoader - Could not detect default resource locations for test class [com.endava.bank.ApplyServiceTests]: no resource found for suffixes {-context.xml, Context.groovy}.
17:43:15.341 [main] INFO org.springframework.test.context.support.AnnotationConfigContextLoaderUtils - Could not detect default configuration classes for test class [com.endava.bank.ApplyServiceTests]: ApplyServiceTests does not declare any static, non-private, non-final, nested classes annotated with @Configuration.
17:43:15.536 [main] DEBUG org.springframework.test.context.support.ActiveProfilesUtils - Could not find an 'annotation declaring class' for annotation type [org.springframework.test.context.ActiveProfiles] and class [com.endava.bank.ApplyServiceTests]
17:43:15.548 [main] DEBUG org.springframework.core.env.StandardEnvironment - Adding PropertySource 'systemProperties' with lowest search precedence
17:43:15.548 [main] DEBUG org.springframework.core.env.StandardEnvironment - Adding PropertySource 'systemEnvironment' with lowest search precedence
17:43:15.550 [main] DEBUG org.springframework.core.env.StandardEnvironment - Initialized StandardEnvironment with PropertySources [MapPropertySource@668210649 {name='systemProperties', properties={idea.version=2017.2.5, java.runtime.name=Java(TM) SE Runtime Environment, sun.boot.library.path=C:\Program Files\Java\jdk1.8.0_77\jre\bin, java.vm.version=25.77-b03, java.vm.vendor=Oracle Corporation, java.vendor.url=http://java.oracle.com/, path.separator=;, java.vm.name=Java HotSpot(TM) 64-Bit Server VM, file.encoding.pkg=sun.io, user.country=US, user.script=, sun.java.launcher=SUN_STANDARD, sun.os.patch.level=, java.vm.specification.name=Java Virtual Machine Specification, user.dir=D:\projects\presentation\cloud-contract\bank, java.runtime.version=1.8.0_77-b03, basedir=D:\projects\presentation\cloud-contract\bank, java.awt.graphicsenv=sun.awt.Win32GraphicsEnvironment, java.endorsed.dirs=C:\Program Files\Java\jdk1.8.0_77\jre\lib\endorsed, os.arch=amd64, surefire.real.class.path=D:\projects\presentation\cloud-contract\bank\target\surefire\surefirebooter8472915972823468913.jar, java.io.tmpdir=C:\Users\ARECIC~1\AppData\Local\Temp\, line.separator=
, java.vm.specification.vendor=Oracle Corporation, user.variant=, os.name=Windows 8.1, sun.jnu.encoding=Cp1252, java.library.path=C:\Program Files\Java\jdk1.8.0_77\jre\bin;C:\Windows\Sun\Java\bin;C:\Windows\system32;C:\Windows;C:\app\arecicalov\product\12.1.0\dbhome_1\bin;C:\ProgramData\Oracle\Java\javapath;C:\Windows\system32;C:\Windows;C:\Windows\System32\Wbem;C:\Windows\System32\WindowsPowerShell\v1.0\;C:\Windows\CCM;C:\Program Files\OpenVPN\bin;C:\Program Files\Java\jdk1.8.0_77\bin;C:\Program Files (x86)\GitExtensions\;D:\Programms\Maven\apache-maven-3.3.9\bin;C:\Program Files (x86)\Skype\Phone\;., surefire.test.class.path=D:\projects\presentation\cloud-contract\bank\target\test-classes;D:\projects\presentation\cloud-contract\bank\target\classes;C:\Users\arecicalov\.m2\repository\org\springframework\boot\spring-boot-starter-actuator\1.5.9.RELEASE\spring-boot-starter-actuator-1.5.9.RELEASE.jar;C:\Users\arecicalov\.m2\repository\org\springframework\boot\spring-boot-starter\1.5.9.RELEASE\spring-boot-starter-1.5.9.RELEASE.jar;C:\Users\arecicalov\.m2\repository\org\springframework\boot\spring-boot\1.5.9.RELEASE\spring-boot-1.5.9.RELEASE.jar;C:\Users\arecicalov\.m2\repository\org\springframework\boot\spring-boot-autoconfigure\1.5.9.RELEASE\spring-boot-autoconfigure-1.5.9.RELEASE.jar;C:\Users\arecicalov\.m2\repository\org\springframework\boot\spring-boot-starter-logging\1.5.9.RELEASE\spring-boot-starter-logging-1.5.9.RELEASE.jar;C:\Users\arecicalov\.m2\repository\ch\qos\logback\logback-classic\1.1.11\logback-classic-1.1.11.jar;C:\Users\arecicalov\.m2\repository\ch\qos\logback\logback-core\1.1.11\logback-core-1.1.11.jar;C:\Users\arecicalov\.m2\repository\org\slf4j\jcl-over-slf4j\1.7.25\jcl-over-slf4j-1.7.25.jar;C:\Users\arecicalov\.m2\repository\org\slf4j\jul-to-slf4j\1.7.25\jul-to-slf4j-1.7.25.jar;C:\Users\arecicalov\.m2\repository\org\slf4j\log4j-over-slf4j\1.7.25\log4j-over-slf4j-1.7.25.jar;C:\Users\arecicalov\.m2\repository\org\springframework\spring-core\4.3.13.RELEASE\spring-core-4.3.13.RELEASE.jar;C:\Users\arecicalov\.m2\repository\org\yaml\snakeyaml\1.17\snakeyaml-1.17.jar;C:\Users\arecicalov\.m2\repository\org\springframework\boot\spring-boot-actuator\1.5.9.RELEASE\spring-boot-actuator-1.5.9.RELEASE.jar;C:\Users\arecicalov\.m2\repository\org\springframework\spring-context\4.3.13.RELEASE\spring-context-4.3.13.RELEASE.jar;C:\Users\arecicalov\.m2\repository\org\springframework\boot\spring-boot-starter-web\1.5.9.RELEASE\spring-boot-starter-web-1.5.9.RELEASE.jar;C:\Users\arecicalov\.m2\repository\org\springframework\boot\spring-boot-starter-tomcat\1.5.9.RELEASE\spring-boot-starter-tomcat-1.5.9.RELEASE.jar;C:\Users\arecicalov\.m2\repository\org\apache\tomcat\embed\tomcat-embed-core\8.5.23\tomcat-embed-core-8.5.23.jar;C:\Users\arecicalov\.m2\repository\org\apache\tomcat\tomcat-annotations-api\8.5.23\tomcat-annotations-api-8.5.23.jar;C:\Users\arecicalov\.m2\repository\org\apache\tomcat\embed\tomcat-embed-el\8.5.23\tomcat-embed-el-8.5.23.jar;C:\Users\arecicalov\.m2\repository\org\apache\tomcat\embed\tomcat-embed-websocket\8.5.23\tomcat-embed-websocket-8.5.23.jar;C:\Users\arecicalov\.m2\repository\org\hibernate\hibernate-validator\5.3.6.Final\hibernate-validator-5.3.6.Final.jar;C:\Users\arecicalov\.m2\repository\javax\validation\validation-api\1.1.0.Final\validation-api-1.1.0.Final.jar;C:\Users\arecicalov\.m2\repository\org\jboss\logging\jboss-logging\3.3.1.Final\jboss-logging-3.3.1.Final.jar;C:\Users\arecicalov\.m2\repository\com\fasterxml\classmate\1.3.4\classmate-1.3.4.jar;C:\Users\arecicalov\.m2\repository\com\fasterxml\jackson\core\jackson-databind\2.9.3\jackson-databind-2.9.3.jar;C:\Users\arecicalov\.m2\repository\com\fasterxml\jackson\core\jackson-annotations\2.9.0\jackson-annotations-2.9.0.jar;C:\Users\arecicalov\.m2\repository\com\fasterxml\jackson\core\jackson-core\2.9.3\jackson-core-2.9.3.jar;C:\Users\arecicalov\.m2\repository\org\springframework\spring-web\4.3.13.RELEASE\spring-web-4.3.13.RELEASE.jar;C:\Users\arecicalov\.m2\repository\org\springframework\spring-aop\4.3.13.RELEASE\spring-aop-4.3.13.RELEASE.jar;C:\Users\arecicalov\.m2\repository\org\springframework\spring-beans\4.3.13.RELEASE\spring-beans-4.3.13.RELEASE.jar;C:\Users\arecicalov\.m2\repository\org\springframework\spring-webmvc\4.3.13.RELEASE\spring-webmvc-4.3.13.RELEASE.jar;C:\Users\arecicalov\.m2\repository\org\springframework\spring-expression\4.3.13.RELEASE\spring-expression-4.3.13.RELEASE.jar;C:\Users\arecicalov\.m2\repository\org\apache\httpcomponents\httpclient\4.5.3\httpclient-4.5.3.jar;C:\Users\arecicalov\.m2\repository\org\apache\httpcomponents\httpcore\4.4.8\httpcore-4.4.8.jar;C:\Users\arecicalov\.m2\repository\commons-codec\commons-codec\1.10\commons-codec-1.10.jar;C:\Users\arecicalov\.m2\repository\org\projectlombok\lombok\1.16.18\lombok-1.16.18.jar;C:\Users\arecicalov\.m2\repository\org\springframework\cloud\spring-cloud-starter-contract-stub-runner\2.0.0.BUILD-SNAPSHOT\spring-cloud-starter-contract-stub-runner-2.0.0.BUILD-SNAPSHOT.jar;C:\Users\arecicalov\.m2\repository\org\springframework\cloud\spring-cloud-contract-stub-runner\2.0.0.BUILD-SNAPSHOT\spring-cloud-contract-stub-runner-2.0.0.BUILD-SNAPSHOT.jar;C:\Users\arecicalov\.m2\repository\org\springframework\cloud\spring-cloud-contract-verifier\2.0.0.BUILD-SNAPSHOT\spring-cloud-contract-verifier-2.0.0.BUILD-SNAPSHOT.jar;C:\Users\arecicalov\.m2\repository\javax\inject\javax.inject\1\javax.inject-1.jar;C:\Users\arecicalov\.m2\repository\org\slf4j\slf4j-api\1.7.25\slf4j-api-1.7.25.jar;C:\Users\arecicalov\.m2\repository\com\toomuchcoding\jsonassert\jsonassert\0.4.10\jsonassert-0.4.10.jar;C:\Users\arecicalov\.m2\repository\org\codehaus\groovy\groovy\2.4.13\groovy-2.4.13.jar;C:\Users\arecicalov\.m2\repository\org\codehaus\groovy\groovy-nio\2.4.13\groovy-nio-2.4.13.jar;C:\Users\arecicalov\.m2\repository\org\codehaus\groovy\groovy-json\2.4.13\groovy-json-2.4.13.jar;C:\Users\arecicalov\.m2\repository\org\codehaus\groovy\groovy-xml\2.4.13\groovy-xml-2.4.13.jar;C:\Users\arecicalov\.m2\repository\com\github\jknack\handlebars\4.0.6\handlebars-4.0.6.jar;C:\Users\arecicalov\.m2\repository\org\apache\commons\commons-lang3\3.1\commons-lang3-3.1.jar;C:\Users\arecicalov\.m2\repository\org\antlr\antlr4-runtime\4.5.1-1\antlr4-runtime-4.5.1-1.jar;C:\Users\arecicalov\.m2\repository\org\mozilla\rhino\1.7R4\rhino-1.7R4.jar;C:\Users\arecicalov\.m2\repository\org\springframework\cloud\spring-cloud-contract-shade\2.0.0.BUILD-SNAPSHOT\spring-cloud-contract-shade-2.0.0.BUILD-SNAPSHOT.jar;C:\Users\arecicalov\.m2\repository\org\springframework\cloud\spring-cloud-contract-spec\2.0.0.BUILD-SNAPSHOT\spring-cloud-contract-spec-2.0.0.BUILD-SNAPSHOT.jar;C:\Users\arecicalov\.m2\repository\dk\brics\automaton\automaton\1.11-8\automaton-1.11-8.jar;C:\Users\arecicalov\.m2\repository\org\apache\commons\commons-text\1.1\commons-text-1.1.jar;C:\Users\arecicalov\.m2\repository\junit\junit\4.12\junit-4.12.jar;C:\Users\arecicalov\.m2\repository\org\springframework\boot\spring-boot-starter-test\1.5.9.RELEASE\spring-boot-starter-test-1.5.9.RELEASE.jar;C:\Users\arecicalov\.m2\repository\org\springframework\boot\spring-boot-test\1.5.9.RELEASE\spring-boot-test-1.5.9.RELEASE.jar;C:\Users\arecicalov\.m2\repository\org\springframework\boot\spring-boot-test-autoconfigure\1.5.9.RELEASE\spring-boot-test-autoconfigure-1.5.9.RELEASE.jar;C:\Users\arecicalov\.m2\repository\com\jayway\jsonpath\json-path\2.2.0\json-path-2.2.0.jar;C:\Users\arecicalov\.m2\repository\net\minidev\json-smart\2.2.1\json-smart-2.2.1.jar;C:\Users\arecicalov\.m2\repository\net\minidev\accessors-smart\1.1\accessors-smart-1.1.jar;C:\Users\arecicalov\.m2\repository\org\ow2\asm\asm\5.0.3\asm-5.0.3.jar;C:\Users\arecicalov\.m2\repository\org\assertj\assertj-core\2.6.0\assertj-core-2.6.0.jar;C:\Users\arecicalov\.m2\repository\org\mockito\mockito-core\1.10.19\mockito-core-1.10.19.jar;C:\Users\arecicalov\.m2\repository\org\objenesis\objenesis\2.1\objenesis-2.1.jar;C:\Users\arecicalov\.m2\repository\org\hamcrest\hamcrest-core\1.3\hamcrest-core-1.3.jar;C:\Users\arecicalov\.m2\repository\org\hamcrest\hamcrest-library\1.3\hamcrest-library-1.3.jar;C:\Users\arecicalov\.m2\repository\org\skyscreamer\jsonassert\1.4.0\jsonassert-1.4.0.jar;C:\Users\arecicalov\.m2\repository\com\vaadin\external\google\android-json\0.0.20131108.vaadin1\android-json-0.0.20131108.vaadin1.jar;C:\Users\arecicalov\.m2\repository\org\springframework\spring-test\4.3.13.RELEASE\spring-test-4.3.13.RELEASE.jar;C:\Users\arecicalov\.m2\repository\org\springframework\cloud\spring-cloud-stream-test-support\2.0.0.BUILD-SNAPSHOT\spring-cloud-stream-test-support-2.0.0.BUILD-SNAPSHOT.jar;C:\Users\arecicalov\.m2\repository\org\springframework\cloud\spring-cloud-stream\2.0.0.BUILD-SNAPSHOT\spring-cloud-stream-2.0.0.BUILD-SNAPSHOT.jar;C:\Users\arecicalov\.m2\repository\org\springframework\boot\spring-boot-starter-validation\1.5.9.RELEASE\spring-boot-starter-validation-1.5.9.RELEASE.jar;C:\Users\arecicalov\.m2\repository\org\springframework\spring-messaging\4.3.13.RELEASE\spring-messaging-4.3.13.RELEASE.jar;C:\Users\arecicalov\.m2\repository\org\springframework\integration\spring-integration-core\4.3.12.RELEASE\spring-integration-core-4.3.12.RELEASE.jar;C:\Users\arecicalov\.m2\repository\org\springframework\spring-tx\4.3.13.RELEASE\spring-tx-4.3.13.RELEASE.jar;C:\Users\arecicalov\.m2\repository\org\springframework\integration\spring-integration-jmx\4.3.12.RELEASE\spring-integration-jmx-4.3.12.RELEASE.jar;C:\Users\arecicalov\.m2\repository\org\springframework\spring-tuple\1.0.0.RELEASE\spring-tuple-1.0.0.RELEASE.jar;C:\Users\arecicalov\.m2\repository\com\esotericsoftware\kryo-shaded\3.0.3\kryo-shaded-3.0.3.jar;C:\Users\arecicalov\.m2\repository\com\esotericsoftware\minlog\1.3.0\minlog-1.3.0.jar;C:\Users\arecicalov\.m2\repository\org\springframework\integration\spring-integration-tuple\1.0.0.RELEASE\spring-integration-tuple-1.0.0.RELEASE.jar;C:\Users\arecicalov\.m2\repository\org\springframework\retry\spring-retry\1.2.1.RELEASE\spring-retry-1.2.1.RELEASE.jar;C:\Users\arecicalov\.m2\repository\org\springframework\cloud\spring-cloud-contract-wiremock\2.0.0.BUILD-SNAPSHOT\spring-cloud-contract-wiremock-2.0.0.BUILD-SNAPSHOT.jar;C:\Users\arecicalov\.m2\repository\com\github\tomakehurst\wiremock-standalone\2.14.0\wiremock-standalone-2.14.0.jar;C:\Users\arecicalov\.m2\repository\org\eclipse\aether\aether-api\1.0.2.v20150114\aether-api-1.0.2.v20150114.jar;, java.specification.name=Java Platform API Specification, java.class.version=52.0, sun.management.compiler=HotSpot 64-Bit Tiered Compilers, os.version=6.3, user.home=C:\Users\arecicalov, user.timezone=EET, java.awt.printerjob=sun.awt.windows.WPrinterJob, file.encoding=Cp1252, java.specification.version=1.8, java.class.path=D:\projects\presentation\cloud-contract\bank\target\test-classes;D:\projects\presentation\cloud-contract\bank\target\classes;C:\Users\arecicalov\.m2\repository\org\springframework\boot\spring-boot-starter-actuator\1.5.9.RELEASE\spring-boot-starter-actuator-1.5.9.RELEASE.jar;C:\Users\arecicalov\.m2\repository\org\springframework\boot\spring-boot-starter\1.5.9.RELEASE\spring-boot-starter-1.5.9.RELEASE.jar;C:\Users\arecicalov\.m2\repository\org\springframework\boot\spring-boot\1.5.9.RELEASE\spring-boot-1.5.9.RELEASE.jar;C:\Users\arecicalov\.m2\repository\org\springframework\boot\spring-boot-autoconfigure\1.5.9.RELEASE\spring-boot-autoconfigure-1.5.9.RELEASE.jar;C:\Users\arecicalov\.m2\repository\org\springframework\boot\spring-boot-starter-logging\1.5.9.RELEASE\spring-boot-starter-logging-1.5.9.RELEASE.jar;C:\Users\arecicalov\.m2\repository\ch\qos\logback\logback-classic\1.1.11\logback-classic-1.1.11.jar;C:\Users\arecicalov\.m2\repository\ch\qos\logback\logback-core\1.1.11\logback-core-1.1.11.jar;C:\Users\arecicalov\.m2\repository\org\slf4j\jcl-over-slf4j\1.7.25\jcl-over-slf4j-1.7.25.jar;C:\Users\arecicalov\.m2\repository\org\slf4j\jul-to-slf4j\1.7.25\jul-to-slf4j-1.7.25.jar;C:\Users\arecicalov\.m2\repository\org\slf4j\log4j-over-slf4j\1.7.25\log4j-over-slf4j-1.7.25.jar;C:\Users\arecicalov\.m2\repository\org\springframework\spring-core\4.3.13.RELEASE\spring-core-4.3.13.RELEASE.jar;C:\Users\arecicalov\.m2\repository\org\yaml\snakeyaml\1.17\snakeyaml-1.17.jar;C:\Users\arecicalov\.m2\repository\org\springframework\boot\spring-boot-actuator\1.5.9.RELEASE\spring-boot-actuator-1.5.9.RELEASE.jar;C:\Users\arecicalov\.m2\repository\org\springframework\spring-context\4.3.13.RELEASE\spring-context-4.3.13.RELEASE.jar;C:\Users\arecicalov\.m2\repository\org\springframework\boot\spring-boot-starter-web\1.5.9.RELEASE\spring-boot-starter-web-1.5.9.RELEASE.jar;C:\Users\arecicalov\.m2\repository\org\springframework\boot\spring-boot-starter-tomcat\1.5.9.RELEASE\spring-boot-starter-tomcat-1.5.9.RELEASE.jar;C:\Users\arecicalov\.m2\repository\org\apache\tomcat\embed\tomcat-embed-core\8.5.23\tomcat-embed-core-8.5.23.jar;C:\Users\arecicalov\.m2\repository\org\apache\tomcat\tomcat-annotations-api\8.5.23\tomcat-annotations-api-8.5.23.jar;C:\Users\arecicalov\.m2\repository\org\apache\tomcat\embed\tomcat-embed-el\8.5.23\tomcat-embed-el-8.5.23.jar;C:\Users\arecicalov\.m2\repository\org\apache\tomcat\embed\tomcat-embed-websocket\8.5.23\tomcat-embed-websocket-8.5.23.jar;C:\Users\arecicalov\.m2\repository\org\hibernate\hibernate-validator\5.3.6.Final\hibernate-validator-5.3.6.Final.jar;C:\Users\arecicalov\.m2\repository\javax\validation\validation-api\1.1.0.Final\validation-api-1.1.0.Final.jar;C:\Users\arecicalov\.m2\repository\org\jboss\logging\jboss-logging\3.3.1.Final\jboss-logging-3.3.1.Final.jar;C:\Users\arecicalov\.m2\repository\com\fasterxml\classmate\1.3.4\classmate-1.3.4.jar;C:\Users\arecicalov\.m2\repository\com\fasterxml\jackson\core\jackson-databind\2.9.3\jackson-databind-2.9.3.jar;C:\Users\arecicalov\.m2\repository\com\fasterxml\jackson\core\jackson-annotations\2.9.0\jackson-annotations-2.9.0.jar;C:\Users\arecicalov\.m2\repository\com\fasterxml\jackson\core\jackson-core\2.9.3\jackson-core-2.9.3.jar;C:\Users\arecicalov\.m2\repository\org\springframework\spring-web\4.3.13.RELEASE\spring-web-4.3.13.RELEASE.jar;C:\Users\arecicalov\.m2\repository\org\springframework\spring-aop\4.3.13.RELEASE\spring-aop-4.3.13.RELEASE.jar;C:\Users\arecicalov\.m2\repository\org\springframework\spring-beans\4.3.13.RELEASE\spring-beans-4.3.13.RELEASE.jar;C:\Users\arecicalov\.m2\repository\org\springframework\spring-webmvc\4.3.13.RELEASE\spring-webmvc-4.3.13.RELEASE.jar;C:\Users\arecicalov\.m2\repository\org\springframework\spring-expression\4.3.13.RELEASE\spring-expression-4.3.13.RELEASE.jar;C:\Users\arecicalov\.m2\repository\org\apache\httpcomponents\httpclient\4.5.3\httpclient-4.5.3.jar;C:\Users\arecicalov\.m2\repository\org\apache\httpcomponents\httpcore\4.4.8\httpcore-4.4.8.jar;C:\Users\arecicalov\.m2\repository\commons-codec\commons-codec\1.10\commons-codec-1.10.jar;C:\Users\arecicalov\.m2\repository\org\projectlombok\lombok\1.16.18\lombok-1.16.18.jar;C:\Users\arecicalov\.m2\repository\org\springframework\cloud\spring-cloud-starter-contract-stub-runner\2.0.0.BUILD-SNAPSHOT\spring-cloud-starter-contract-stub-runner-2.0.0.BUILD-SNAPSHOT.jar;C:\Users\arecicalov\.m2\repository\org\springframework\cloud\spring-cloud-contract-stub-runner\2.0.0.BUILD-SNAPSHOT\spring-cloud-contract-stub-runner-2.0.0.BUILD-SNAPSHOT.jar;C:\Users\arecicalov\.m2\repository\org\springframework\cloud\spring-cloud-contract-verifier\2.0.0.BUILD-SNAPSHOT\spring-cloud-contract-verifier-2.0.0.BUILD-SNAPSHOT.jar;C:\Users\arecicalov\.m2\repository\javax\inject\javax.inject\1\javax.inject-1.jar;C:\Users\arecicalov\.m2\repository\org\slf4j\slf4j-api\1.7.25\slf4j-api-1.7.25.jar;C:\Users\arecicalov\.m2\repository\com\toomuchcoding\jsonassert\jsonassert\0.4.10\jsonassert-0.4.10.jar;C:\Users\arecicalov\.m2\repository\org\codehaus\groovy\groovy\2.4.13\groovy-2.4.13.jar;C:\Users\arecicalov\.m2\repository\org\codehaus\groovy\groovy-nio\2.4.13\groovy-nio-2.4.13.jar;C:\Users\arecicalov\.m2\repository\org\codehaus\groovy\groovy-json\2.4.13\groovy-json-2.4.13.jar;C:\Users\arecicalov\.m2\repository\org\codehaus\groovy\groovy-xml\2.4.13\groovy-xml-2.4.13.jar;C:\Users\arecicalov\.m2\repository\com\github\jknack\handlebars\4.0.6\handlebars-4.0.6.jar;C:\Users\arecicalov\.m2\repository\org\apache\commons\commons-lang3\3.1\commons-lang3-3.1.jar;C:\Users\arecicalov\.m2\repository\org\antlr\antlr4-runtime\4.5.1-1\antlr4-runtime-4.5.1-1.jar;C:\Users\arecicalov\.m2\repository\org\mozilla\rhino\1.7R4\rhino-1.7R4.jar;C:\Users\arecicalov\.m2\repository\org\springframework\cloud\spring-cloud-contract-shade\2.0.0.BUILD-SNAPSHOT\spring-cloud-contract-shade-2.0.0.BUILD-SNAPSHOT.jar;C:\Users\arecicalov\.m2\repository\org\springframework\cloud\spring-cloud-contract-spec\2.0.0.BUILD-SNAPSHOT\spring-cloud-contract-spec-2.0.0.BUILD-SNAPSHOT.jar;C:\Users\arecicalov\.m2\repository\dk\brics\automaton\automaton\1.11-8\automaton-1.11-8.jar;C:\Users\arecicalov\.m2\repository\org\apache\commons\commons-text\1.1\commons-text-1.1.jar;C:\Users\arecicalov\.m2\repository\junit\junit\4.12\junit-4.12.jar;C:\Users\arecicalov\.m2\repository\org\springframework\boot\spring-boot-starter-test\1.5.9.RELEASE\spring-boot-starter-test-1.5.9.RELEASE.jar;C:\Users\arecicalov\.m2\repository\org\springframework\boot\spring-boot-test\1.5.9.RELEASE\spring-boot-test-1.5.9.RELEASE.jar;C:\Users\arecicalov\.m2\repository\org\springframework\boot\spring-boot-test-autoconfigure\1.5.9.RELEASE\spring-boot-test-autoconfigure-1.5.9.RELEASE.jar;C:\Users\arecicalov\.m2\repository\com\jayway\jsonpath\json-path\2.2.0\json-path-2.2.0.jar;C:\Users\arecicalov\.m2\repository\net\minidev\json-smart\2.2.1\json-smart-2.2.1.jar;C:\Users\arecicalov\.m2\repository\net\minidev\accessors-smart\1.1\accessors-smart-1.1.jar;C:\Users\arecicalov\.m2\repository\org\ow2\asm\asm\5.0.3\asm-5.0.3.jar;C:\Users\arecicalov\.m2\repository\org\assertj\assertj-core\2.6.0\assertj-core-2.6.0.jar;C:\Users\arecicalov\.m2\repository\org\mockito\mockito-core\1.10.19\mockito-core-1.10.19.jar;C:\Users\arecicalov\.m2\repository\org\objenesis\objenesis\2.1\objenesis-2.1.jar;C:\Users\arecicalov\.m2\repository\org\hamcrest\hamcrest-core\1.3\hamcrest-core-1.3.jar;C:\Users\arecicalov\.m2\repository\org\hamcrest\hamcrest-library\1.3\hamcrest-library-1.3.jar;C:\Users\arecicalov\.m2\repository\org\skyscreamer\jsonassert\1.4.0\jsonassert-1.4.0.jar;C:\Users\arecicalov\.m2\repository\com\vaadin\external\google\android-json\0.0.20131108.vaadin1\android-json-0.0.20131108.vaadin1.jar;C:\Users\arecicalov\.m2\repository\org\springframework\spring-test\4.3.13.RELEASE\spring-test-4.3.13.RELEASE.jar;C:\Users\arecicalov\.m2\repository\org\springframework\cloud\spring-cloud-stream-test-support\2.0.0.BUILD-SNAPSHOT\spring-cloud-stream-test-support-2.0.0.BUILD-SNAPSHOT.jar;C:\Users\arecicalov\.m2\repository\org\springframework\cloud\spring-cloud-stream\2.0.0.BUILD-SNAPSHOT\spring-cloud-stream-2.0.0.BUILD-SNAPSHOT.jar;C:\Users\arecicalov\.m2\repository\org\springframework\boot\spring-boot-starter-validation\1.5.9.RELEASE\spring-boot-starter-validation-1.5.9.RELEASE.jar;C:\Users\arecicalov\.m2\repository\org\springframework\spring-messaging\4.3.13.RELEASE\spring-messaging-4.3.13.RELEASE.jar;C:\Users\arecicalov\.m2\repository\org\springframework\integration\spring-integration-core\4.3.12.RELEASE\spring-integration-core-4.3.12.RELEASE.jar;C:\Users\arecicalov\.m2\repository\org\springframework\spring-tx\4.3.13.RELEASE\spring-tx-4.3.13.RELEASE.jar;C:\Users\arecicalov\.m2\repository\org\springframework\integration\spring-integration-jmx\4.3.12.RELEASE\spring-integration-jmx-4.3.12.RELEASE.jar;C:\Users\arecicalov\.m2\repository\org\springframework\spring-tuple\1.0.0.RELEASE\spring-tuple-1.0.0.RELEASE.jar;C:\Users\arecicalov\.m2\repository\com\esotericsoftware\kryo-shaded\3.0.3\kryo-shaded-3.0.3.jar;C:\Users\arecicalov\.m2\repository\com\esotericsoftware\minlog\1.3.0\minlog-1.3.0.jar;C:\Users\arecicalov\.m2\repository\org\springframework\integration\spring-integration-tuple\1.0.0.RELEASE\spring-integration-tuple-1.0.0.RELEASE.jar;C:\Users\arecicalov\.m2\repository\org\springframework\retry\spring-retry\1.2.1.RELEASE\spring-retry-1.2.1.RELEASE.jar;C:\Users\arecicalov\.m2\repository\org\springframework\cloud\spring-cloud-contract-wiremock\2.0.0.BUILD-SNAPSHOT\spring-cloud-contract-wiremock-2.0.0.BUILD-SNAPSHOT.jar;C:\Users\arecicalov\.m2\repository\com\github\tomakehurst\wiremock-standalone\2.14.0\wiremock-standalone-2.14.0.jar;C:\Users\arecicalov\.m2\repository\org\eclipse\aether\aether-api\1.0.2.v20150114\aether-api-1.0.2.v20150114.jar;, user.name=arecicalov, java.vm.specification.version=1.8, sun.java.command=D:\projects\presentation\cloud-contract\bank\target\surefire\surefirebooter8472915972823468913.jar D:\projects\presentation\cloud-contract\bank\target\surefire\surefire1421615576438430313tmp D:\projects\presentation\cloud-contract\bank\target\surefire\surefire_03400371804532588747tmp, java.home=C:\Program Files\Java\jdk1.8.0_77\jre, sun.arch.data.model=64, user.language=en, java.specification.vendor=Oracle Corporation, awt.toolkit=sun.awt.windows.WToolkit, java.vm.info=mixed mode, java.version=1.8.0_77, java.ext.dirs=C:\Program Files\Java\jdk1.8.0_77\jre\lib\ext;C:\Windows\Sun\Java\lib\ext, sun.boot.class.path=C:\Program Files\Java\jdk1.8.0_77\jre\lib\resources.jar;C:\Program Files\Java\jdk1.8.0_77\jre\lib\rt.jar;C:\Program Files\Java\jdk1.8.0_77\jre\lib\sunrsasign.jar;C:\Program Files\Java\jdk1.8.0_77\jre\lib\jsse.jar;C:\Program Files\Java\jdk1.8.0_77\jre\lib\jce.jar;C:\Program Files\Java\jdk1.8.0_77\jre\lib\charsets.jar;C:\Program Files\Java\jdk1.8.0_77\jre\lib\jfr.jar;C:\Program Files\Java\jdk1.8.0_77\jre\classes, java.vendor=Oracle Corporation, localRepository=C:\Users\arecicalov\.m2\repository, file.separator=\, java.vendor.url.bug=http://bugreport.sun.com/bugreport/, sun.io.unicode.encoding=UnicodeLittle, sun.cpu.endian=little, sun.desktop=windows, sun.cpu.isalist=amd64}}, SystemEnvironmentPropertySource@1545087375 {name='systemEnvironment', properties={PATH=C:\app\arecicalov\product\12.1.0\dbhome_1\bin;C:\ProgramData\Oracle\Java\javapath;C:\Windows\system32;C:\Windows;C:\Windows\System32\Wbem;C:\Windows\System32\WindowsPowerShell\v1.0\;C:\Windows\CCM;C:\Program Files\OpenVPN\bin;C:\Program Files\Java\jdk1.8.0_77\bin;C:\Program Files (x86)\GitExtensions\;D:\Programms\Maven\apache-maven-3.3.9\bin;C:\Program Files (x86)\Skype\Phone\, USERDOMAIN_ROAMINGPROFILE=ENDAVA, =U:=U:\, LOCALAPPDATA=C:\Users\arecicalov\AppData\Local, PROCESSOR_LEVEL=6, SYSTEMDRIVE=C:, COMMONPROGRAMFILES(X86)=C:\Program Files (x86)\Common Files, FP_NO_HOST_CHECK=NO, USERDOMAIN=ENDAVA, LOGONSERVER=\\MDCHDC05, JAVA_HOME=C:\Program Files\Java\jdk1.8.0_77, PROMPT=$P$G, SESSIONNAME=Console, ALLUSERSPROFILE=C:\ProgramData, PROGRAMFILES(X86)=C:\Program Files (x86), ASL.LOG=Destination=file, PROCESSOR_ARCHITECTURE=AMD64, PROGRAMFILES=C:\Program Files, APPDATA=C:\Users\arecicalov\AppData\Roaming, PSMODULEPATH=C:\Windows\system32\WindowsPowerShell\v1.0\Modules\, PROGRAMW6432=C:\Program Files, PROGRAMDATA=C:\ProgramData, SYSTEMROOT=C:\Windows, USERNAME=arecicalov, USERDNSDOMAIN=ENDAVA.NET, PATHEXT=.COM;.EXE;.BAT;.CMD;.VBS;.VBE;.JS;.JSE;.WSF;.WSH;.MSC, OS=Windows_NT, COMMONPROGRAMW6432=C:\Program Files\Common Files, COMPUTERNAME=EN410013, COMMONPROGRAMFILES=C:\Program Files\Common Files, COMSPEC=C:\Windows\system32\cmd.exe, PROCESSOR_REVISION=4501, HOMESHARE=\\storage\home\arecicalov, UATDATA=C:\Windows\CCM\UATData\D9F8C395-CAB8-491d-B8AC-179A1FE1BE77, WINDIR=C:\Windows, =D:=D:\projects\presentation\cloud-contract\bank, HOMEPATH=\, TEMP=C:\Users\ARECIC~1\AppData\Local\Temp, HOMEDRIVE=U:, PROCESSOR_IDENTIFIER=Intel64 Family 6 Model 69 Stepping 1, GenuineIntel, USERPROFILE=C:\Users\arecicalov, TMP=C:\Users\ARECIC~1\AppData\Local\Temp, M2_HOME=D:\Programms\Maven\apache-maven-3.3.9, PUBLIC=C:\Users\Public, NUMBER_OF_PROCESSORS=4, =::=::\}}]
17:43:15.576 [main] DEBUG org.springframework.core.io.support.PathMatchingResourcePatternResolver - Resolved classpath location [com/endava/bank/] to resources [URL [file:/D:/projects/presentation/cloud-contract/bank/target/test-classes/com/endava/bank/], URL [file:/D:/projects/presentation/cloud-contract/bank/target/classes/com/endava/bank/]]
17:43:15.577 [main] DEBUG org.springframework.core.io.support.PathMatchingResourcePatternResolver - Looking for matching resources in directory tree [D:\projects\presentation\cloud-contract\bank\target\test-classes\com\endava\bank]
17:43:15.578 [main] DEBUG org.springframework.core.io.support.PathMatchingResourcePatternResolver - Searching directory [D:\projects\presentation\cloud-contract\bank\target\test-classes\com\endava\bank] for files matching pattern [D:/projects/presentation/cloud-contract/bank/target/test-classes/com/endava/bank/*.class]
17:43:15.584 [main] DEBUG org.springframework.core.io.support.PathMatchingResourcePatternResolver - Looking for matching resources in directory tree [D:\projects\presentation\cloud-contract\bank\target\classes\com\endava\bank]
17:43:15.584 [main] DEBUG org.springframework.core.io.support.PathMatchingResourcePatternResolver - Searching directory [D:\projects\presentation\cloud-contract\bank\target\classes\com\endava\bank] for files matching pattern [D:/projects/presentation/cloud-contract/bank/target/classes/com/endava/bank/*.class]
17:43:15.586 [main] DEBUG org.springframework.core.io.support.PathMatchingResourcePatternResolver - Resolved location pattern [classpath*:com/endava/bank/*.class] to resources [file [D:\projects\presentation\cloud-contract\bank\target\test-classes\com\endava\bank\ApplyServiceTests.class], file [D:\projects\presentation\cloud-contract\bank\target\classes\com\endava\bank\Application.class]]
17:43:15.687 [main] DEBUG org.springframework.context.annotation.ClassPathScanningCandidateComponentProvider - Identified candidate component class: file [D:\projects\presentation\cloud-contract\bank\target\classes\com\endava\bank\Application.class]
17:43:15.689 [main] INFO org.springframework.boot.test.context.SpringBootTestContextBootstrapper - Found @SpringBootConfiguration com.endava.bank.Application for test class com.endava.bank.ApplyServiceTests
17:43:15.692 [main] DEBUG org.springframework.boot.test.context.SpringBootTestContextBootstrapper - @TestExecutionListeners is not present for class [com.endava.bank.ApplyServiceTests]: using defaults.
17:43:15.700 [main] INFO org.springframework.boot.test.context.SpringBootTestContextBootstrapper - Loaded default TestExecutionListener class names from location [META-INF/spring.factories]: [org.springframework.boot.test.mock.mockito.MockitoTestExecutionListener, org.springframework.boot.test.mock.mockito.ResetMocksTestExecutionListener, org.springframework.boot.test.autoconfigure.restdocs.RestDocsTestExecutionListener, org.springframework.boot.test.autoconfigure.web.client.MockRestServiceServerResetTestExecutionListener, org.springframework.boot.test.autoconfigure.web.servlet.MockMvcPrintOnlyOnFailureTestExecutionListener, org.springframework.boot.test.autoconfigure.web.servlet.WebDriverTestExecutionListener, org.springframework.test.context.web.ServletTestExecutionListener, org.springframework.test.context.support.DirtiesContextBeforeModesTestExecutionListener, org.springframework.test.context.support.DependencyInjectionTestExecutionListener, org.springframework.test.context.support.DirtiesContextTestExecutionListener, org.springframework.test.context.transaction.TransactionalTestExecutionListener, org.springframework.test.context.jdbc.SqlScriptsTestExecutionListener]
17:43:15.801 [main] INFO org.springframework.boot.test.context.SpringBootTestContextBootstrapper - Using TestExecutionListeners: [org.springframework.test.context.web.ServletTestExecutionListener@143640d5, org.springframework.test.context.support.DirtiesContextBeforeModesTestExecutionListener@6295d394, org.springframework.boot.test.autoconfigure.SpringBootDependencyInjectionTestExecutionListener@475e586c, org.springframework.test.context.support.DirtiesContextTestExecutionListener@657c8ad9, org.springframework.test.context.transaction.TransactionalTestExecutionListener@436a4e4b, org.springframework.test.context.jdbc.SqlScriptsTestExecutionListener@f2f2cc1, org.springframework.boot.test.mock.mockito.ResetMocksTestExecutionListener@3a079870, org.springframework.boot.test.autoconfigure.restdocs.RestDocsTestExecutionListener@3b2cf7ab, org.springframework.boot.test.mock.mockito.MockitoTestExecutionListener@2aa5fe93, org.springframework.boot.test.autoconfigure.web.client.MockRestServiceServerResetTestExecutionListener@5c1a8622, org.springframework.boot.test.autoconfigure.web.servlet.MockMvcPrintOnlyOnFailureTestExecutionListener@5ad851c9, org.springframework.boot.test.autoconfigure.web.servlet.WebDriverTestExecutionListener@6156496]
17:43:15.805 [main] DEBUG org.springframework.test.annotation.ProfileValueUtils - Retrieved @ProfileValueSourceConfiguration [null] for test class [com.endava.bank.ApplyServiceTests]
17:43:15.807 [main] DEBUG org.springframework.test.annotation.ProfileValueUtils - Retrieved ProfileValueSource type [class org.springframework.test.annotation.SystemProfileValueSource] for class [com.endava.bank.ApplyServiceTests]
17:43:15.812 [main] DEBUG org.springframework.test.context.junit4.SpringJUnit4ClassRunner - SpringJUnit4ClassRunner constructor called with [class com.endava.bank.ApplyServiceTests]
17:43:15.812 [main] DEBUG org.springframework.test.context.BootstrapUtils - Instantiating CacheAwareContextLoaderDelegate from class [org.springframework.test.context.cache.DefaultCacheAwareContextLoaderDelegate]
17:43:15.812 [main] DEBUG org.springframework.test.context.BootstrapUtils - Instantiating BootstrapContext using constructor [public org.springframework.test.context.support.DefaultBootstrapContext(java.lang.Class,org.springframework.test.context.CacheAwareContextLoaderDelegate)]
17:43:15.813 [main] DEBUG org.springframework.test.context.BootstrapUtils - Instantiating TestContextBootstrapper for test class [com.endava.bank.ApplyServiceTests] from class [org.springframework.boot.test.context.SpringBootTestContextBootstrapper]
17:43:15.814 [main] INFO org.springframework.boot.test.context.SpringBootTestContextBootstrapper - Neither @ContextConfiguration nor @ContextHierarchy found for test class [com.endava.bank.ApplyServiceTests], using SpringBootContextLoader
17:43:15.815 [main] DEBUG org.springframework.test.context.support.AbstractContextLoader - Did not detect default resource location for test class [com.endava.bank.ApplyServiceTests]: class path resource [com/endava/bank/ApplyServiceTests-context.xml] does not exist
17:43:15.815 [main] DEBUG org.springframework.test.context.support.AbstractContextLoader - Did not detect default resource location for test class [com.endava.bank.ApplyServiceTests]: class path resource [com/endava/bank/ApplyServiceTestsContext.groovy] does not exist
17:43:15.815 [main] INFO org.springframework.test.context.support.AbstractContextLoader - Could not detect default resource locations for test class [com.endava.bank.ApplyServiceTests]: no resource found for suffixes {-context.xml, Context.groovy}.
17:43:15.816 [main] INFO org.springframework.test.context.support.AnnotationConfigContextLoaderUtils - Could not detect default configuration classes for test class [com.endava.bank.ApplyServiceTests]: ApplyServiceTests does not declare any static, non-private, non-final, nested classes annotated with @Configuration.
17:43:15.894 [main] DEBUG org.springframework.test.context.support.ActiveProfilesUtils - Could not find an 'annotation declaring class' for annotation type [org.springframework.test.context.ActiveProfiles] and class [com.endava.bank.ApplyServiceTests]
17:43:15.896 [main] DEBUG org.springframework.core.env.StandardEnvironment - Adding PropertySource 'systemProperties' with lowest search precedence
17:43:15.896 [main] DEBUG org.springframework.core.env.StandardEnvironment - Adding PropertySource 'systemEnvironment' with lowest search precedence
17:43:15.897 [main] DEBUG org.springframework.core.env.StandardEnvironment - Initialized StandardEnvironment with PropertySources [MapPropertySource@1990098664 {name='systemProperties', properties={idea.version=2017.2.5, java.runtime.name=Java(TM) SE Runtime Environment, sun.boot.library.path=C:\Program Files\Java\jdk1.8.0_77\jre\bin, java.vm.version=25.77-b03, java.vm.vendor=Oracle Corporation, java.vendor.url=http://java.oracle.com/, path.separator=;, java.vm.name=Java HotSpot(TM) 64-Bit Server VM, file.encoding.pkg=sun.io, user.country=US, user.script=, sun.java.launcher=SUN_STANDARD, sun.os.patch.level=, java.vm.specification.name=Java Virtual Machine Specification, user.dir=D:\projects\presentation\cloud-contract\bank, java.runtime.version=1.8.0_77-b03, basedir=D:\projects\presentation\cloud-contract\bank, java.awt.graphicsenv=sun.awt.Win32GraphicsEnvironment, java.endorsed.dirs=C:\Program Files\Java\jdk1.8.0_77\jre\lib\endorsed, os.arch=amd64, surefire.real.class.path=D:\projects\presentation\cloud-contract\bank\target\surefire\surefirebooter8472915972823468913.jar, java.io.tmpdir=C:\Users\ARECIC~1\AppData\Local\Temp\, line.separator=
, java.vm.specification.vendor=Oracle Corporation, user.variant=, os.name=Windows 8.1, sun.jnu.encoding=Cp1252, java.library.path=C:\Program Files\Java\jdk1.8.0_77\jre\bin;C:\Windows\Sun\Java\bin;C:\Windows\system32;C:\Windows;C:\app\arecicalov\product\12.1.0\dbhome_1\bin;C:\ProgramData\Oracle\Java\javapath;C:\Windows\system32;C:\Windows;C:\Windows\System32\Wbem;C:\Windows\System32\WindowsPowerShell\v1.0\;C:\Windows\CCM;C:\Program Files\OpenVPN\bin;C:\Program Files\Java\jdk1.8.0_77\bin;C:\Program Files (x86)\GitExtensions\;D:\Programms\Maven\apache-maven-3.3.9\bin;C:\Program Files (x86)\Skype\Phone\;., surefire.test.class.path=D:\projects\presentation\cloud-contract\bank\target\test-classes;D:\projects\presentation\cloud-contract\bank\target\classes;C:\Users\arecicalov\.m2\repository\org\springframework\boot\spring-boot-starter-actuator\1.5.9.RELEASE\spring-boot-starter-actuator-1.5.9.RELEASE.jar;C:\Users\arecicalov\.m2\repository\org\springframework\boot\spring-boot-starter\1.5.9.RELEASE\spring-boot-starter-1.5.9.RELEASE.jar;C:\Users\arecicalov\.m2\repository\org\springframework\boot\spring-boot\1.5.9.RELEASE\spring-boot-1.5.9.RELEASE.jar;C:\Users\arecicalov\.m2\repository\org\springframework\boot\spring-boot-autoconfigure\1.5.9.RELEASE\spring-boot-autoconfigure-1.5.9.RELEASE.jar;C:\Users\arecicalov\.m2\repository\org\springframework\boot\spring-boot-starter-logging\1.5.9.RELEASE\spring-boot-starter-logging-1.5.9.RELEASE.jar;C:\Users\arecicalov\.m2\repository\ch\qos\logback\logback-classic\1.1.11\logback-classic-1.1.11.jar;C:\Users\arecicalov\.m2\repository\ch\qos\logback\logback-core\1.1.11\logback-core-1.1.11.jar;C:\Users\arecicalov\.m2\repository\org\slf4j\jcl-over-slf4j\1.7.25\jcl-over-slf4j-1.7.25.jar;C:\Users\arecicalov\.m2\repository\org\slf4j\jul-to-slf4j\1.7.25\jul-to-slf4j-1.7.25.jar;C:\Users\arecicalov\.m2\repository\org\slf4j\log4j-over-slf4j\1.7.25\log4j-over-slf4j-1.7.25.jar;C:\Users\arecicalov\.m2\repository\org\springframework\spring-core\4.3.13.RELEASE\spring-core-4.3.13.RELEASE.jar;C:\Users\arecicalov\.m2\repository\org\yaml\snakeyaml\1.17\snakeyaml-1.17.jar;C:\Users\arecicalov\.m2\repository\org\springframework\boot\spring-boot-actuator\1.5.9.RELEASE\spring-boot-actuator-1.5.9.RELEASE.jar;C:\Users\arecicalov\.m2\repository\org\springframework\spring-context\4.3.13.RELEASE\spring-context-4.3.13.RELEASE.jar;C:\Users\arecicalov\.m2\repository\org\springframework\boot\spring-boot-starter-web\1.5.9.RELEASE\spring-boot-starter-web-1.5.9.RELEASE.jar;C:\Users\arecicalov\.m2\repository\org\springframework\boot\spring-boot-starter-tomcat\1.5.9.RELEASE\spring-boot-starter-tomcat-1.5.9.RELEASE.jar;C:\Users\arecicalov\.m2\repository\org\apache\tomcat\embed\tomcat-embed-core\8.5.23\tomcat-embed-core-8.5.23.jar;C:\Users\arecicalov\.m2\repository\org\apache\tomcat\tomcat-annotations-api\8.5.23\tomcat-annotations-api-8.5.23.jar;C:\Users\arecicalov\.m2\repository\org\apache\tomcat\embed\tomcat-embed-el\8.5.23\tomcat-embed-el-8.5.23.jar;C:\Users\arecicalov\.m2\repository\org\apache\tomcat\embed\tomcat-embed-websocket\8.5.23\tomcat-embed-websocket-8.5.23.jar;C:\Users\arecicalov\.m2\repository\org\hibernate\hibernate-validator\5.3.6.Final\hibernate-validator-5.3.6.Final.jar;C:\Users\arecicalov\.m2\repository\javax\validation\validation-api\1.1.0.Final\validation-api-1.1.0.Final.jar;C:\Users\arecicalov\.m2\repository\org\jboss\logging\jboss-logging\3.3.1.Final\jboss-logging-3.3.1.Final.jar;C:\Users\arecicalov\.m2\repository\com\fasterxml\classmate\1.3.4\classmate-1.3.4.jar;C:\Users\arecicalov\.m2\repository\com\fasterxml\jackson\core\jackson-databind\2.9.3\jackson-databind-2.9.3.jar;C:\Users\arecicalov\.m2\repository\com\fasterxml\jackson\core\jackson-annotations\2.9.0\jackson-annotations-2.9.0.jar;C:\Users\arecicalov\.m2\repository\com\fasterxml\jackson\core\jackson-core\2.9.3\jackson-core-2.9.3.jar;C:\Users\arecicalov\.m2\repository\org\springframework\spring-web\4.3.13.RELEASE\spring-web-4.3.13.RELEASE.jar;C:\Users\arecicalov\.m2\repository\org\springframework\spring-aop\4.3.13.RELEASE\spring-aop-4.3.13.RELEASE.jar;C:\Users\arecicalov\.m2\repository\org\springframework\spring-beans\4.3.13.RELEASE\spring-beans-4.3.13.RELEASE.jar;C:\Users\arecicalov\.m2\repository\org\springframework\spring-webmvc\4.3.13.RELEASE\spring-webmvc-4.3.13.RELEASE.jar;C:\Users\arecicalov\.m2\repository\org\springframework\spring-expression\4.3.13.RELEASE\spring-expression-4.3.13.RELEASE.jar;C:\Users\arecicalov\.m2\repository\org\apache\httpcomponents\httpclient\4.5.3\httpclient-4.5.3.jar;C:\Users\arecicalov\.m2\repository\org\apache\httpcomponents\httpcore\4.4.8\httpcore-4.4.8.jar;C:\Users\arecicalov\.m2\repository\commons-codec\commons-codec\1.10\commons-codec-1.10.jar;C:\Users\arecicalov\.m2\repository\org\projectlombok\lombok\1.16.18\lombok-1.16.18.jar;C:\Users\arecicalov\.m2\repository\org\springframework\cloud\spring-cloud-starter-contract-stub-runner\2.0.0.BUILD-SNAPSHOT\spring-cloud-starter-contract-stub-runner-2.0.0.BUILD-SNAPSHOT.jar;C:\Users\arecicalov\.m2\repository\org\springframework\cloud\spring-cloud-contract-stub-runner\2.0.0.BUILD-SNAPSHOT\spring-cloud-contract-stub-runner-2.0.0.BUILD-SNAPSHOT.jar;C:\Users\arecicalov\.m2\repository\org\springframework\cloud\spring-cloud-contract-verifier\2.0.0.BUILD-SNAPSHOT\spring-cloud-contract-verifier-2.0.0.BUILD-SNAPSHOT.jar;C:\Users\arecicalov\.m2\repository\javax\inject\javax.inject\1\javax.inject-1.jar;C:\Users\arecicalov\.m2\repository\org\slf4j\slf4j-api\1.7.25\slf4j-api-1.7.25.jar;C:\Users\arecicalov\.m2\repository\com\toomuchcoding\jsonassert\jsonassert\0.4.10\jsonassert-0.4.10.jar;C:\Users\arecicalov\.m2\repository\org\codehaus\groovy\groovy\2.4.13\groovy-2.4.13.jar;C:\Users\arecicalov\.m2\repository\org\codehaus\groovy\groovy-nio\2.4.13\groovy-nio-2.4.13.jar;C:\Users\arecicalov\.m2\repository\org\codehaus\groovy\groovy-json\2.4.13\groovy-json-2.4.13.jar;C:\Users\arecicalov\.m2\repository\org\codehaus\groovy\groovy-xml\2.4.13\groovy-xml-2.4.13.jar;C:\Users\arecicalov\.m2\repository\com\github\jknack\handlebars\4.0.6\handlebars-4.0.6.jar;C:\Users\arecicalov\.m2\repository\org\apache\commons\commons-lang3\3.1\commons-lang3-3.1.jar;C:\Users\arecicalov\.m2\repository\org\antlr\antlr4-runtime\4.5.1-1\antlr4-runtime-4.5.1-1.jar;C:\Users\arecicalov\.m2\repository\org\mozilla\rhino\1.7R4\rhino-1.7R4.jar;C:\Users\arecicalov\.m2\repository\org\springframework\cloud\spring-cloud-contract-shade\2.0.0.BUILD-SNAPSHOT\spring-cloud-contract-shade-2.0.0.BUILD-SNAPSHOT.jar;C:\Users\arecicalov\.m2\repository\org\springframework\cloud\spring-cloud-contract-spec\2.0.0.BUILD-SNAPSHOT\spring-cloud-contract-spec-2.0.0.BUILD-SNAPSHOT.jar;C:\Users\arecicalov\.m2\repository\dk\brics\automaton\automaton\1.11-8\automaton-1.11-8.jar;C:\Users\arecicalov\.m2\repository\org\apache\commons\commons-text\1.1\commons-text-1.1.jar;C:\Users\arecicalov\.m2\repository\junit\junit\4.12\junit-4.12.jar;C:\Users\arecicalov\.m2\repository\org\springframework\boot\spring-boot-starter-test\1.5.9.RELEASE\spring-boot-starter-test-1.5.9.RELEASE.jar;C:\Users\arecicalov\.m2\repository\org\springframework\boot\spring-boot-test\1.5.9.RELEASE\spring-boot-test-1.5.9.RELEASE.jar;C:\Users\arecicalov\.m2\repository\org\springframework\boot\spring-boot-test-autoconfigure\1.5.9.RELEASE\spring-boot-test-autoconfigure-1.5.9.RELEASE.jar;C:\Users\arecicalov\.m2\repository\com\jayway\jsonpath\json-path\2.2.0\json-path-2.2.0.jar;C:\Users\arecicalov\.m2\repository\net\minidev\json-smart\2.2.1\json-smart-2.2.1.jar;C:\Users\arecicalov\.m2\repository\net\minidev\accessors-smart\1.1\accessors-smart-1.1.jar;C:\Users\arecicalov\.m2\repository\org\ow2\asm\asm\5.0.3\asm-5.0.3.jar;C:\Users\arecicalov\.m2\repository\org\assertj\assertj-core\2.6.0\assertj-core-2.6.0.jar;C:\Users\arecicalov\.m2\repository\org\mockito\mockito-core\1.10.19\mockito-core-1.10.19.jar;C:\Users\arecicalov\.m2\repository\org\objenesis\objenesis\2.1\objenesis-2.1.jar;C:\Users\arecicalov\.m2\repository\org\hamcrest\hamcrest-core\1.3\hamcrest-core-1.3.jar;C:\Users\arecicalov\.m2\repository\org\hamcrest\hamcrest-library\1.3\hamcrest-library-1.3.jar;C:\Users\arecicalov\.m2\repository\org\skyscreamer\jsonassert\1.4.0\jsonassert-1.4.0.jar;C:\Users\arecicalov\.m2\repository\com\vaadin\external\google\android-json\0.0.20131108.vaadin1\android-json-0.0.20131108.vaadin1.jar;C:\Users\arecicalov\.m2\repository\org\springframework\spring-test\4.3.13.RELEASE\spring-test-4.3.13.RELEASE.jar;C:\Users\arecicalov\.m2\repository\org\springframework\cloud\spring-cloud-stream-test-support\2.0.0.BUILD-SNAPSHOT\spring-cloud-stream-test-support-2.0.0.BUILD-SNAPSHOT.jar;C:\Users\arecicalov\.m2\repository\org\springframework\cloud\spring-cloud-stream\2.0.0.BUILD-SNAPSHOT\spring-cloud-stream-2.0.0.BUILD-SNAPSHOT.jar;C:\Users\arecicalov\.m2\repository\org\springframework\boot\spring-boot-starter-validation\1.5.9.RELEASE\spring-boot-starter-validation-1.5.9.RELEASE.jar;C:\Users\arecicalov\.m2\repository\org\springframework\spring-messaging\4.3.13.RELEASE\spring-messaging-4.3.13.RELEASE.jar;C:\Users\arecicalov\.m2\repository\org\springframework\integration\spring-integration-core\4.3.12.RELEASE\spring-integration-core-4.3.12.RELEASE.jar;C:\Users\arecicalov\.m2\repository\org\springframework\spring-tx\4.3.13.RELEASE\spring-tx-4.3.13.RELEASE.jar;C:\Users\arecicalov\.m2\repository\org\springframework\integration\spring-integration-jmx\4.3.12.RELEASE\spring-integration-jmx-4.3.12.RELEASE.jar;C:\Users\arecicalov\.m2\repository\org\springframework\spring-tuple\1.0.0.RELEASE\spring-tuple-1.0.0.RELEASE.jar;C:\Users\arecicalov\.m2\repository\com\esotericsoftware\kryo-shaded\3.0.3\kryo-shaded-3.0.3.jar;C:\Users\arecicalov\.m2\repository\com\esotericsoftware\minlog\1.3.0\minlog-1.3.0.jar;C:\Users\arecicalov\.m2\repository\org\springframework\integration\spring-integration-tuple\1.0.0.RELEASE\spring-integration-tuple-1.0.0.RELEASE.jar;C:\Users\arecicalov\.m2\repository\org\springframework\retry\spring-retry\1.2.1.RELEASE\spring-retry-1.2.1.RELEASE.jar;C:\Users\arecicalov\.m2\repository\org\springframework\cloud\spring-cloud-contract-wiremock\2.0.0.BUILD-SNAPSHOT\spring-cloud-contract-wiremock-2.0.0.BUILD-SNAPSHOT.jar;C:\Users\arecicalov\.m2\repository\com\github\tomakehurst\wiremock-standalone\2.14.0\wiremock-standalone-2.14.0.jar;C:\Users\arecicalov\.m2\repository\org\eclipse\aether\aether-api\1.0.2.v20150114\aether-api-1.0.2.v20150114.jar;, java.specification.name=Java Platform API Specification, java.class.version=52.0, sun.management.compiler=HotSpot 64-Bit Tiered Compilers, os.version=6.3, user.home=C:\Users\arecicalov, user.timezone=EET, java.awt.printerjob=sun.awt.windows.WPrinterJob, file.encoding=Cp1252, java.specification.version=1.8, java.class.path=D:\projects\presentation\cloud-contract\bank\target\test-classes;D:\projects\presentation\cloud-contract\bank\target\classes;C:\Users\arecicalov\.m2\repository\org\springframework\boot\spring-boot-starter-actuator\1.5.9.RELEASE\spring-boot-starter-actuator-1.5.9.RELEASE.jar;C:\Users\arecicalov\.m2\repository\org\springframework\boot\spring-boot-starter\1.5.9.RELEASE\spring-boot-starter-1.5.9.RELEASE.jar;C:\Users\arecicalov\.m2\repository\org\springframework\boot\spring-boot\1.5.9.RELEASE\spring-boot-1.5.9.RELEASE.jar;C:\Users\arecicalov\.m2\repository\org\springframework\boot\spring-boot-autoconfigure\1.5.9.RELEASE\spring-boot-autoconfigure-1.5.9.RELEASE.jar;C:\Users\arecicalov\.m2\repository\org\springframework\boot\spring-boot-starter-logging\1.5.9.RELEASE\spring-boot-starter-logging-1.5.9.RELEASE.jar;C:\Users\arecicalov\.m2\repository\ch\qos\logback\logback-classic\1.1.11\logback-classic-1.1.11.jar;C:\Users\arecicalov\.m2\repository\ch\qos\logback\logback-core\1.1.11\logback-core-1.1.11.jar;C:\Users\arecicalov\.m2\repository\org\slf4j\jcl-over-slf4j\1.7.25\jcl-over-slf4j-1.7.25.jar;C:\Users\arecicalov\.m2\repository\org\slf4j\jul-to-slf4j\1.7.25\jul-to-slf4j-1.7.25.jar;C:\Users\arecicalov\.m2\repository\org\slf4j\log4j-over-slf4j\1.7.25\log4j-over-slf4j-1.7.25.jar;C:\Users\arecicalov\.m2\repository\org\springframework\spring-core\4.3.13.RELEASE\spring-core-4.3.13.RELEASE.jar;C:\Users\arecicalov\.m2\repository\org\yaml\snakeyaml\1.17\snakeyaml-1.17.jar;C:\Users\arecicalov\.m2\repository\org\springframework\boot\spring-boot-actuator\1.5.9.RELEASE\spring-boot-actuator-1.5.9.RELEASE.jar;C:\Users\arecicalov\.m2\repository\org\springframework\spring-context\4.3.13.RELEASE\spring-context-4.3.13.RELEASE.jar;C:\Users\arecicalov\.m2\repository\org\springframework\boot\spring-boot-starter-web\1.5.9.RELEASE\spring-boot-starter-web-1.5.9.RELEASE.jar;C:\Users\arecicalov\.m2\repository\org\springframework\boot\spring-boot-starter-tomcat\1.5.9.RELEASE\spring-boot-starter-tomcat-1.5.9.RELEASE.jar;C:\Users\arecicalov\.m2\repository\org\apache\tomcat\embed\tomcat-embed-core\8.5.23\tomcat-embed-core-8.5.23.jar;C:\Users\arecicalov\.m2\repository\org\apache\tomcat\tomcat-annotations-api\8.5.23\tomcat-annotations-api-8.5.23.jar;C:\Users\arecicalov\.m2\repository\org\apache\tomcat\embed\tomcat-embed-el\8.5.23\tomcat-embed-el-8.5.23.jar;C:\Users\arecicalov\.m2\repository\org\apache\tomcat\embed\tomcat-embed-websocket\8.5.23\tomcat-embed-websocket-8.5.23.jar;C:\Users\arecicalov\.m2\repository\org\hibernate\hibernate-validator\5.3.6.Final\hibernate-validator-5.3.6.Final.jar;C:\Users\arecicalov\.m2\repository\javax\validation\validation-api\1.1.0.Final\validation-api-1.1.0.Final.jar;C:\Users\arecicalov\.m2\repository\org\jboss\logging\jboss-logging\3.3.1.Final\jboss-logging-3.3.1.Final.jar;C:\Users\arecicalov\.m2\repository\com\fasterxml\classmate\1.3.4\classmate-1.3.4.jar;C:\Users\arecicalov\.m2\repository\com\fasterxml\jackson\core\jackson-databind\2.9.3\jackson-databind-2.9.3.jar;C:\Users\arecicalov\.m2\repository\com\fasterxml\jackson\core\jackson-annotations\2.9.0\jackson-annotations-2.9.0.jar;C:\Users\arecicalov\.m2\repository\com\fasterxml\jackson\core\jackson-core\2.9.3\jackson-core-2.9.3.jar;C:\Users\arecicalov\.m2\repository\org\springframework\spring-web\4.3.13.RELEASE\spring-web-4.3.13.RELEASE.jar;C:\Users\arecicalov\.m2\repository\org\springframework\spring-aop\4.3.13.RELEASE\spring-aop-4.3.13.RELEASE.jar;C:\Users\arecicalov\.m2\repository\org\springframework\spring-beans\4.3.13.RELEASE\spring-beans-4.3.13.RELEASE.jar;C:\Users\arecicalov\.m2\repository\org\springframework\spring-webmvc\4.3.13.RELEASE\spring-webmvc-4.3.13.RELEASE.jar;C:\Users\arecicalov\.m2\repository\org\springframework\spring-expression\4.3.13.RELEASE\spring-expression-4.3.13.RELEASE.jar;C:\Users\arecicalov\.m2\repository\org\apache\httpcomponents\httpclient\4.5.3\httpclient-4.5.3.jar;C:\Users\arecicalov\.m2\repository\org\apache\httpcomponents\httpcore\4.4.8\httpcore-4.4.8.jar;C:\Users\arecicalov\.m2\repository\commons-codec\commons-codec\1.10\commons-codec-1.10.jar;C:\Users\arecicalov\.m2\repository\org\projectlombok\lombok\1.16.18\lombok-1.16.18.jar;C:\Users\arecicalov\.m2\repository\org\springframework\cloud\spring-cloud-starter-contract-stub-runner\2.0.0.BUILD-SNAPSHOT\spring-cloud-starter-contract-stub-runner-2.0.0.BUILD-SNAPSHOT.jar;C:\Users\arecicalov\.m2\repository\org\springframework\cloud\spring-cloud-contract-stub-runner\2.0.0.BUILD-SNAPSHOT\spring-cloud-contract-stub-runner-2.0.0.BUILD-SNAPSHOT.jar;C:\Users\arecicalov\.m2\repository\org\springframework\cloud\spring-cloud-contract-verifier\2.0.0.BUILD-SNAPSHOT\spring-cloud-contract-verifier-2.0.0.BUILD-SNAPSHOT.jar;C:\Users\arecicalov\.m2\repository\javax\inject\javax.inject\1\javax.inject-1.jar;C:\Users\arecicalov\.m2\repository\org\slf4j\slf4j-api\1.7.25\slf4j-api-1.7.25.jar;C:\Users\arecicalov\.m2\repository\com\toomuchcoding\jsonassert\jsonassert\0.4.10\jsonassert-0.4.10.jar;C:\Users\arecicalov\.m2\repository\org\codehaus\groovy\groovy\2.4.13\groovy-2.4.13.jar;C:\Users\arecicalov\.m2\repository\org\codehaus\groovy\groovy-nio\2.4.13\groovy-nio-2.4.13.jar;C:\Users\arecicalov\.m2\repository\org\codehaus\groovy\groovy-json\2.4.13\groovy-json-2.4.13.jar;C:\Users\arecicalov\.m2\repository\org\codehaus\groovy\groovy-xml\2.4.13\groovy-xml-2.4.13.jar;C:\Users\arecicalov\.m2\repository\com\github\jknack\handlebars\4.0.6\handlebars-4.0.6.jar;C:\Users\arecicalov\.m2\repository\org\apache\commons\commons-lang3\3.1\commons-lang3-3.1.jar;C:\Users\arecicalov\.m2\repository\org\antlr\antlr4-runtime\4.5.1-1\antlr4-runtime-4.5.1-1.jar;C:\Users\arecicalov\.m2\repository\org\mozilla\rhino\1.7R4\rhino-1.7R4.jar;C:\Users\arecicalov\.m2\repository\org\springframework\cloud\spring-cloud-contract-shade\2.0.0.BUILD-SNAPSHOT\spring-cloud-contract-shade-2.0.0.BUILD-SNAPSHOT.jar;C:\Users\arecicalov\.m2\repository\org\springframework\cloud\spring-cloud-contract-spec\2.0.0.BUILD-SNAPSHOT\spring-cloud-contract-spec-2.0.0.BUILD-SNAPSHOT.jar;C:\Users\arecicalov\.m2\repository\dk\brics\automaton\automaton\1.11-8\automaton-1.11-8.jar;C:\Users\arecicalov\.m2\repository\org\apache\commons\commons-text\1.1\commons-text-1.1.jar;C:\Users\arecicalov\.m2\repository\junit\junit\4.12\junit-4.12.jar;C:\Users\arecicalov\.m2\repository\org\springframework\boot\spring-boot-starter-test\1.5.9.RELEASE\spring-boot-starter-test-1.5.9.RELEASE.jar;C:\Users\arecicalov\.m2\repository\org\springframework\boot\spring-boot-test\1.5.9.RELEASE\spring-boot-test-1.5.9.RELEASE.jar;C:\Users\arecicalov\.m2\repository\org\springframework\boot\spring-boot-test-autoconfigure\1.5.9.RELEASE\spring-boot-test-autoconfigure-1.5.9.RELEASE.jar;C:\Users\arecicalov\.m2\repository\com\jayway\jsonpath\json-path\2.2.0\json-path-2.2.0.jar;C:\Users\arecicalov\.m2\repository\net\minidev\json-smart\2.2.1\json-smart-2.2.1.jar;C:\Users\arecicalov\.m2\repository\net\minidev\accessors-smart\1.1\accessors-smart-1.1.jar;C:\Users\arecicalov\.m2\repository\org\ow2\asm\asm\5.0.3\asm-5.0.3.jar;C:\Users\arecicalov\.m2\repository\org\assertj\assertj-core\2.6.0\assertj-core-2.6.0.jar;C:\Users\arecicalov\.m2\repository\org\mockito\mockito-core\1.10.19\mockito-core-1.10.19.jar;C:\Users\arecicalov\.m2\repository\org\objenesis\objenesis\2.1\objenesis-2.1.jar;C:\Users\arecicalov\.m2\repository\org\hamcrest\hamcrest-core\1.3\hamcrest-core-1.3.jar;C:\Users\arecicalov\.m2\repository\org\hamcrest\hamcrest-library\1.3\hamcrest-library-1.3.jar;C:\Users\arecicalov\.m2\repository\org\skyscreamer\jsonassert\1.4.0\jsonassert-1.4.0.jar;C:\Users\arecicalov\.m2\repository\com\vaadin\external\google\android-json\0.0.20131108.vaadin1\android-json-0.0.20131108.vaadin1.jar;C:\Users\arecicalov\.m2\repository\org\springframework\spring-test\4.3.13.RELEASE\spring-test-4.3.13.RELEASE.jar;C:\Users\arecicalov\.m2\repository\org\springframework\cloud\spring-cloud-stream-test-support\2.0.0.BUILD-SNAPSHOT\spring-cloud-stream-test-support-2.0.0.BUILD-SNAPSHOT.jar;C:\Users\arecicalov\.m2\repository\org\springframework\cloud\spring-cloud-stream\2.0.0.BUILD-SNAPSHOT\spring-cloud-stream-2.0.0.BUILD-SNAPSHOT.jar;C:\Users\arecicalov\.m2\repository\org\springframework\boot\spring-boot-starter-validation\1.5.9.RELEASE\spring-boot-starter-validation-1.5.9.RELEASE.jar;C:\Users\arecicalov\.m2\repository\org\springframework\spring-messaging\4.3.13.RELEASE\spring-messaging-4.3.13.RELEASE.jar;C:\Users\arecicalov\.m2\repository\org\springframework\integration\spring-integration-core\4.3.12.RELEASE\spring-integration-core-4.3.12.RELEASE.jar;C:\Users\arecicalov\.m2\repository\org\springframework\spring-tx\4.3.13.RELEASE\spring-tx-4.3.13.RELEASE.jar;C:\Users\arecicalov\.m2\repository\org\springframework\integration\spring-integration-jmx\4.3.12.RELEASE\spring-integration-jmx-4.3.12.RELEASE.jar;C:\Users\arecicalov\.m2\repository\org\springframework\spring-tuple\1.0.0.RELEASE\spring-tuple-1.0.0.RELEASE.jar;C:\Users\arecicalov\.m2\repository\com\esotericsoftware\kryo-shaded\3.0.3\kryo-shaded-3.0.3.jar;C:\Users\arecicalov\.m2\repository\com\esotericsoftware\minlog\1.3.0\minlog-1.3.0.jar;C:\Users\arecicalov\.m2\repository\org\springframework\integration\spring-integration-tuple\1.0.0.RELEASE\spring-integration-tuple-1.0.0.RELEASE.jar;C:\Users\arecicalov\.m2\repository\org\springframework\retry\spring-retry\1.2.1.RELEASE\spring-retry-1.2.1.RELEASE.jar;C:\Users\arecicalov\.m2\repository\org\springframework\cloud\spring-cloud-contract-wiremock\2.0.0.BUILD-SNAPSHOT\spring-cloud-contract-wiremock-2.0.0.BUILD-SNAPSHOT.jar;C:\Users\arecicalov\.m2\repository\com\github\tomakehurst\wiremock-standalone\2.14.0\wiremock-standalone-2.14.0.jar;C:\Users\arecicalov\.m2\repository\org\eclipse\aether\aether-api\1.0.2.v20150114\aether-api-1.0.2.v20150114.jar;, user.name=arecicalov, java.vm.specification.version=1.8, sun.java.command=D:\projects\presentation\cloud-contract\bank\target\surefire\surefirebooter8472915972823468913.jar D:\projects\presentation\cloud-contract\bank\target\surefire\surefire1421615576438430313tmp D:\projects\presentation\cloud-contract\bank\target\surefire\surefire_03400371804532588747tmp, java.home=C:\Program Files\Java\jdk1.8.0_77\jre, sun.arch.data.model=64, user.language=en, java.specification.vendor=Oracle Corporation, awt.toolkit=sun.awt.windows.WToolkit, java.vm.info=mixed mode, java.version=1.8.0_77, java.ext.dirs=C:\Program Files\Java\jdk1.8.0_77\jre\lib\ext;C:\Windows\Sun\Java\lib\ext, sun.boot.class.path=C:\Program Files\Java\jdk1.8.0_77\jre\lib\resources.jar;C:\Program Files\Java\jdk1.8.0_77\jre\lib\rt.jar;C:\Program Files\Java\jdk1.8.0_77\jre\lib\sunrsasign.jar;C:\Program Files\Java\jdk1.8.0_77\jre\lib\jsse.jar;C:\Program Files\Java\jdk1.8.0_77\jre\lib\jce.jar;C:\Program Files\Java\jdk1.8.0_77\jre\lib\charsets.jar;C:\Program Files\Java\jdk1.8.0_77\jre\lib\jfr.jar;C:\Program Files\Java\jdk1.8.0_77\jre\classes, java.vendor=Oracle Corporation, localRepository=C:\Users\arecicalov\.m2\repository, file.separator=\, java.vendor.url.bug=http://bugreport.sun.com/bugreport/, sun.io.unicode.encoding=UnicodeLittle, sun.cpu.endian=little, sun.desktop=windows, sun.cpu.isalist=amd64}}, SystemEnvironmentPropertySource@1383524016 {name='systemEnvironment', properties={PATH=C:\app\arecicalov\product\12.1.0\dbhome_1\bin;C:\ProgramData\Oracle\Java\javapath;C:\Windows\system32;C:\Windows;C:\Windows\System32\Wbem;C:\Windows\System32\WindowsPowerShell\v1.0\;C:\Windows\CCM;C:\Program Files\OpenVPN\bin;C:\Program Files\Java\jdk1.8.0_77\bin;C:\Program Files (x86)\GitExtensions\;D:\Programms\Maven\apache-maven-3.3.9\bin;C:\Program Files (x86)\Skype\Phone\, USERDOMAIN_ROAMINGPROFILE=ENDAVA, =U:=U:\, LOCALAPPDATA=C:\Users\arecicalov\AppData\Local, PROCESSOR_LEVEL=6, SYSTEMDRIVE=C:, COMMONPROGRAMFILES(X86)=C:\Program Files (x86)\Common Files, FP_NO_HOST_CHECK=NO, USERDOMAIN=ENDAVA, LOGONSERVER=\\MDCHDC05, JAVA_HOME=C:\Program Files\Java\jdk1.8.0_77, PROMPT=$P$G, SESSIONNAME=Console, ALLUSERSPROFILE=C:\ProgramData, PROGRAMFILES(X86)=C:\Program Files (x86), ASL.LOG=Destination=file, PROCESSOR_ARCHITECTURE=AMD64, PROGRAMFILES=C:\Program Files, APPDATA=C:\Users\arecicalov\AppData\Roaming, PSMODULEPATH=C:\Windows\system32\WindowsPowerShell\v1.0\Modules\, PROGRAMW6432=C:\Program Files, PROGRAMDATA=C:\ProgramData, SYSTEMROOT=C:\Windows, USERNAME=arecicalov, USERDNSDOMAIN=ENDAVA.NET, PATHEXT=.COM;.EXE;.BAT;.CMD;.VBS;.VBE;.JS;.JSE;.WSF;.WSH;.MSC, OS=Windows_NT, COMMONPROGRAMW6432=C:\Program Files\Common Files, COMPUTERNAME=EN410013, COMMONPROGRAMFILES=C:\Program Files\Common Files, COMSPEC=C:\Windows\system32\cmd.exe, PROCESSOR_REVISION=4501, HOMESHARE=\\storage\home\arecicalov, UATDATA=C:\Windows\CCM\UATData\D9F8C395-CAB8-491d-B8AC-179A1FE1BE77, WINDIR=C:\Windows, =D:=D:\projects\presentation\cloud-contract\bank, HOMEPATH=\, TEMP=C:\Users\ARECIC~1\AppData\Local\Temp, HOMEDRIVE=U:, PROCESSOR_IDENTIFIER=Intel64 Family 6 Model 69 Stepping 1, GenuineIntel, USERPROFILE=C:\Users\arecicalov, TMP=C:\Users\ARECIC~1\AppData\Local\Temp, M2_HOME=D:\Programms\Maven\apache-maven-3.3.9, PUBLIC=C:\Users\Public, NUMBER_OF_PROCESSORS=4, =::=::\}}]
17:43:15.903 [main] INFO org.springframework.boot.test.context.SpringBootTestContextBootstrapper - Found @SpringBootConfiguration com.endava.bank.Application for test class com.endava.bank.ApplyServiceTests
17:43:15.919 [main] DEBUG org.springframework.boot.test.context.SpringBootTestContextBootstrapper - @TestExecutionListeners is not present for class [com.endava.bank.ApplyServiceTests]: using defaults.
17:43:15.929 [main] INFO org.springframework.boot.test.context.SpringBootTestContextBootstrapper - Loaded default TestExecutionListener class names from location [META-INF/spring.factories]: [org.springframework.boot.test.mock.mockito.MockitoTestExecutionListener, org.springframework.boot.test.mock.mockito.ResetMocksTestExecutionListener, org.springframework.boot.test.autoconfigure.restdocs.RestDocsTestExecutionListener, org.springframework.boot.test.autoconfigure.web.client.MockRestServiceServerResetTestExecutionListener, org.springframework.boot.test.autoconfigure.web.servlet.MockMvcPrintOnlyOnFailureTestExecutionListener, org.springframework.boot.test.autoconfigure.web.servlet.WebDriverTestExecutionListener, org.springframework.test.context.web.ServletTestExecutionListener, org.springframework.test.context.support.DirtiesContextBeforeModesTestExecutionListener, org.springframework.test.context.support.DependencyInjectionTestExecutionListener, org.springframework.test.context.support.DirtiesContextTestExecutionListener, org.springframework.test.context.transaction.TransactionalTestExecutionListener, org.springframework.test.context.jdbc.SqlScriptsTestExecutionListener]
17:43:15.971 [main] INFO org.springframework.boot.test.context.SpringBootTestContextBootstrapper - Using TestExecutionListeners: [org.springframework.test.context.web.ServletTestExecutionListener@5ae50ce6, org.springframework.test.context.support.DirtiesContextBeforeModesTestExecutionListener@6f96c77, org.springframework.boot.test.autoconfigure.SpringBootDependencyInjectionTestExecutionListener@be64738, org.springframework.test.context.support.DirtiesContextTestExecutionListener@3ba9ad43, org.springframework.test.context.transaction.TransactionalTestExecutionListener@49d904ec, org.springframework.test.context.jdbc.SqlScriptsTestExecutionListener@48e4374, org.springframework.boot.test.mock.mockito.ResetMocksTestExecutionListener@3d680b5a, org.springframework.boot.test.autoconfigure.restdocs.RestDocsTestExecutionListener@4b5d6a01, org.springframework.boot.test.mock.mockito.MockitoTestExecutionListener@4a22f9e2, org.springframework.boot.test.autoconfigure.web.client.MockRestServiceServerResetTestExecutionListener@3c419631, org.springframework.boot.test.autoconfigure.web.servlet.MockMvcPrintOnlyOnFailureTestExecutionListener@418e7838, org.springframework.boot.test.autoconfigure.web.servlet.WebDriverTestExecutionListener@61230f6a]
17:43:15.971 [main] DEBUG org.springframework.test.annotation.ProfileValueUtils - Retrieved @ProfileValueSourceConfiguration [null] for test class [com.endava.bank.ApplyServiceTests]
17:43:15.971 [main] DEBUG org.springframework.test.annotation.ProfileValueUtils - Retrieved ProfileValueSource type [class org.springframework.test.annotation.SystemProfileValueSource] for class [com.endava.bank.ApplyServiceTests]
17:43:15.973 [main] DEBUG org.springframework.test.annotation.ProfileValueUtils - Retrieved @ProfileValueSourceConfiguration [null] for test class [com.endava.bank.ApplyServiceTests]
17:43:15.973 [main] DEBUG org.springframework.test.annotation.ProfileValueUtils - Retrieved ProfileValueSource type [class org.springframework.test.annotation.SystemProfileValueSource] for class [com.endava.bank.ApplyServiceTests]
17:43:15.989 [main] DEBUG org.springframework.test.context.support.AbstractDirtiesContextTestExecutionListener - Before test class: context [DefaultTestContext@34b7ac2f testClass = ApplyServiceTests, testInstance = [null], testMethod = [null], testException = [null], mergedContextConfiguration = [MergedContextConfiguration@e056f20 testClass = ApplyServiceTests, locations = '{}', classes = '{class com.endava.bank.Application}', contextInitializerClasses = '[]', activeProfiles = '{}', propertySourceLocations = '{}', propertySourceProperties = '{org.springframework.boot.test.context.SpringBootTestContextBootstrapper=true}', contextCustomizers = set[[ImportsContextCustomizer@4b0b0854 key = [org.springframework.cloud.contract.stubrunner.spring.StubRunnerConfiguration, org.springframework.cloud.contract.stubrunner.spring.cloud.StubRunnerSpringCloudAutoConfiguration, org.springframework.cloud.contract.stubrunner.spring.cloud.ribbon.StubRunnerRibbonAutoConfiguration, org.springframework.cloud.contract.stubrunner.messaging.stream.StubRunnerStreamConfiguration, org.springframework.cloud.contract.stubrunner.messaging.integration.StubRunnerIntegrationConfiguration, org.springframework.cloud.contract.stubrunner.spring.cloud.zookeeper.StubRunnerSpringCloudZookeeperAutoConfiguration, org.springframework.cloud.contract.stubrunner.spring.cloud.eureka.StubRunnerSpringCloudEurekaAutoConfiguration, org.springframework.cloud.contract.stubrunner.spring.cloud.consul.StubRunnerSpringCloudConsulAutoConfiguration, org.springframework.cloud.contract.stubrunner.messaging.StubRunnerStreamsIntegrationAutoConfiguration, org.springframework.cloud.contract.verifier.messaging.stream.ContractVerifierStreamAutoConfiguration, org.springframework.cloud.contract.verifier.messaging.integration.ContractVerifierIntegrationConfiguration, org.springframework.cloud.contract.verifier.messaging.amqp.ContractVerifierAmqpAutoConfiguration, org.springframework.cloud.contract.verifier.messaging.amqp.RabbitMockConnectionFactoryAutoConfiguration, org.springframework.cloud.contract.verifier.messaging.noop.NoOpContractVerifierAutoConfiguration]], org.springframework.boot.test.context.SpringBootTestContextCustomizer@e720b71, org.springframework.boot.test.context.filter.ExcludeFilterContextCustomizer@74ad1f1f, org.springframework.boot.test.json.DuplicateJsonObjectContextCustomizerFactory$DuplicateJsonObjectContextCustomizer@69b0fd6f, org.springframework.boot.test.mock.mockito.MockitoContextCustomizer@0, org.springframework.boot.test.autoconfigure.properties.PropertyMappingContextCustomizer@c6064fca, org.springframework.boot.test.autoconfigure.web.servlet.WebDriverContextCustomizerFactory$Customizer@2de8284b], contextLoader = 'org.springframework.boot.test.context.SpringBootContextLoader', parent = [null]]], class annotated with @DirtiesContext [true] with mode [AFTER_CLASS].
17:43:15.990 [main] DEBUG org.springframework.test.annotation.ProfileValueUtils - Retrieved @ProfileValueSourceConfiguration [null] for test class [com.endava.bank.ApplyServiceTests]
17:43:15.990 [main] DEBUG org.springframework.test.annotation.ProfileValueUtils - Retrieved ProfileValueSource type [class org.springframework.test.annotation.SystemProfileValueSource] for class [com.endava.bank.ApplyServiceTests]
17:43:15.995 [main] DEBUG org.springframework.test.context.support.DependencyInjectionTestExecutionListener - Performing dependency injection for test context [[DefaultTestContext@34b7ac2f testClass = ApplyServiceTests, testInstance = com.endava.bank.ApplyServiceTests@654f0d9c, testMethod = [null], testException = [null], mergedContextConfiguration = [MergedContextConfiguration@e056f20 testClass = ApplyServiceTests, locations = '{}', classes = '{class com.endava.bank.Application}', contextInitializerClasses = '[]', activeProfiles = '{}', propertySourceLocations = '{}', propertySourceProperties = '{org.springframework.boot.test.context.SpringBootTestContextBootstrapper=true}', contextCustomizers = set[[ImportsContextCustomizer@4b0b0854 key = [org.springframework.cloud.contract.stubrunner.spring.StubRunnerConfiguration, org.springframework.cloud.contract.stubrunner.spring.cloud.StubRunnerSpringCloudAutoConfiguration, org.springframework.cloud.contract.stubrunner.spring.cloud.ribbon.StubRunnerRibbonAutoConfiguration, org.springframework.cloud.contract.stubrunner.messaging.stream.StubRunnerStreamConfiguration, org.springframework.cloud.contract.stubrunner.messaging.integration.StubRunnerIntegrationConfiguration, org.springframework.cloud.contract.stubrunner.spring.cloud.zookeeper.StubRunnerSpringCloudZookeeperAutoConfiguration, org.springframework.cloud.contract.stubrunner.spring.cloud.eureka.StubRunnerSpringCloudEurekaAutoConfiguration, org.springframework.cloud.contract.stubrunner.spring.cloud.consul.StubRunnerSpringCloudConsulAutoConfiguration, org.springframework.cloud.contract.stubrunner.messaging.StubRunnerStreamsIntegrationAutoConfiguration, org.springframework.cloud.contract.verifier.messaging.stream.ContractVerifierStreamAutoConfiguration, org.springframework.cloud.contract.verifier.messaging.integration.ContractVerifierIntegrationConfiguration, org.springframework.cloud.contract.verifier.messaging.amqp.ContractVerifierAmqpAutoConfiguration, org.springframework.cloud.contract.verifier.messaging.amqp.RabbitMockConnectionFactoryAutoConfiguration, org.springframework.cloud.contract.verifier.messaging.noop.NoOpContractVerifierAutoConfiguration]], org.springframework.boot.test.context.SpringBootTestContextCustomizer@e720b71, org.springframework.boot.test.context.filter.ExcludeFilterContextCustomizer@74ad1f1f, org.springframework.boot.test.json.DuplicateJsonObjectContextCustomizerFactory$DuplicateJsonObjectContextCustomizer@69b0fd6f, org.springframework.boot.test.mock.mockito.MockitoContextCustomizer@0, org.springframework.boot.test.autoconfigure.properties.PropertyMappingContextCustomizer@c6064fca, org.springframework.boot.test.autoconfigure.web.servlet.WebDriverContextCustomizerFactory$Customizer@2de8284b], contextLoader = 'org.springframework.boot.test.context.SpringBootContextLoader', parent = [null]]]].
17:43:16.164 [main] DEBUG org.springframework.core.env.StandardEnvironment - Adding PropertySource 'systemProperties' with lowest search precedence
17:43:16.164 [main] DEBUG org.springframework.core.env.StandardEnvironment - Adding PropertySource 'systemEnvironment' with lowest search precedence
17:43:16.165 [main] DEBUG org.springframework.core.env.StandardEnvironment - Initialized StandardEnvironment with PropertySources [MapPropertySource@396283472 {name='systemProperties', properties={idea.version=2017.2.5, java.runtime.name=Java(TM) SE Runtime Environment, sun.boot.library.path=C:\Program Files\Java\jdk1.8.0_77\jre\bin, java.vm.version=25.77-b03, java.vm.vendor=Oracle Corporation, java.vendor.url=http://java.oracle.com/, path.separator=;, java.vm.name=Java HotSpot(TM) 64-Bit Server VM, file.encoding.pkg=sun.io, user.country=US, user.script=, sun.java.launcher=SUN_STANDARD, sun.os.patch.level=, java.vm.specification.name=Java Virtual Machine Specification, user.dir=D:\projects\presentation\cloud-contract\bank, java.runtime.version=1.8.0_77-b03, basedir=D:\projects\presentation\cloud-contract\bank, java.awt.graphicsenv=sun.awt.Win32GraphicsEnvironment, java.endorsed.dirs=C:\Program Files\Java\jdk1.8.0_77\jre\lib\endorsed, os.arch=amd64, surefire.real.class.path=D:\projects\presentation\cloud-contract\bank\target\surefire\surefirebooter8472915972823468913.jar, java.io.tmpdir=C:\Users\ARECIC~1\AppData\Local\Temp\, line.separator=
, java.vm.specification.vendor=Oracle Corporation, user.variant=, os.name=Windows 8.1, sun.jnu.encoding=Cp1252, java.library.path=C:\Program Files\Java\jdk1.8.0_77\jre\bin;C:\Windows\Sun\Java\bin;C:\Windows\system32;C:\Windows;C:\app\arecicalov\product\12.1.0\dbhome_1\bin;C:\ProgramData\Oracle\Java\javapath;C:\Windows\system32;C:\Windows;C:\Windows\System32\Wbem;C:\Windows\System32\WindowsPowerShell\v1.0\;C:\Windows\CCM;C:\Program Files\OpenVPN\bin;C:\Program Files\Java\jdk1.8.0_77\bin;C:\Program Files (x86)\GitExtensions\;D:\Programms\Maven\apache-maven-3.3.9\bin;C:\Program Files (x86)\Skype\Phone\;., surefire.test.class.path=D:\projects\presentation\cloud-contract\bank\target\test-classes;D:\projects\presentation\cloud-contract\bank\target\classes;C:\Users\arecicalov\.m2\repository\org\springframework\boot\spring-boot-starter-actuator\1.5.9.RELEASE\spring-boot-starter-actuator-1.5.9.RELEASE.jar;C:\Users\arecicalov\.m2\repository\org\springframework\boot\spring-boot-starter\1.5.9.RELEASE\spring-boot-starter-1.5.9.RELEASE.jar;C:\Users\arecicalov\.m2\repository\org\springframework\boot\spring-boot\1.5.9.RELEASE\spring-boot-1.5.9.RELEASE.jar;C:\Users\arecicalov\.m2\repository\org\springframework\boot\spring-boot-autoconfigure\1.5.9.RELEASE\spring-boot-autoconfigure-1.5.9.RELEASE.jar;C:\Users\arecicalov\.m2\repository\org\springframework\boot\spring-boot-starter-logging\1.5.9.RELEASE\spring-boot-starter-logging-1.5.9.RELEASE.jar;C:\Users\arecicalov\.m2\repository\ch\qos\logback\logback-classic\1.1.11\logback-classic-1.1.11.jar;C:\Users\arecicalov\.m2\repository\ch\qos\logback\logback-core\1.1.11\logback-core-1.1.11.jar;C:\Users\arecicalov\.m2\repository\org\slf4j\jcl-over-slf4j\1.7.25\jcl-over-slf4j-1.7.25.jar;C:\Users\arecicalov\.m2\repository\org\slf4j\jul-to-slf4j\1.7.25\jul-to-slf4j-1.7.25.jar;C:\Users\arecicalov\.m2\repository\org\slf4j\log4j-over-slf4j\1.7.25\log4j-over-slf4j-1.7.25.jar;C:\Users\arecicalov\.m2\repository\org\springframework\spring-core\4.3.13.RELEASE\spring-core-4.3.13.RELEASE.jar;C:\Users\arecicalov\.m2\repository\org\yaml\snakeyaml\1.17\snakeyaml-1.17.jar;C:\Users\arecicalov\.m2\repository\org\springframework\boot\spring-boot-actuator\1.5.9.RELEASE\spring-boot-actuator-1.5.9.RELEASE.jar;C:\Users\arecicalov\.m2\repository\org\springframework\spring-context\4.3.13.RELEASE\spring-context-4.3.13.RELEASE.jar;C:\Users\arecicalov\.m2\repository\org\springframework\boot\spring-boot-starter-web\1.5.9.RELEASE\spring-boot-starter-web-1.5.9.RELEASE.jar;C:\Users\arecicalov\.m2\repository\org\springframework\boot\spring-boot-starter-tomcat\1.5.9.RELEASE\spring-boot-starter-tomcat-1.5.9.RELEASE.jar;C:\Users\arecicalov\.m2\repository\org\apache\tomcat\embed\tomcat-embed-core\8.5.23\tomcat-embed-core-8.5.23.jar;C:\Users\arecicalov\.m2\repository\org\apache\tomcat\tomcat-annotations-api\8.5.23\tomcat-annotations-api-8.5.23.jar;C:\Users\arecicalov\.m2\repository\org\apache\tomcat\embed\tomcat-embed-el\8.5.23\tomcat-embed-el-8.5.23.jar;C:\Users\arecicalov\.m2\repository\org\apache\tomcat\embed\tomcat-embed-websocket\8.5.23\tomcat-embed-websocket-8.5.23.jar;C:\Users\arecicalov\.m2\repository\org\hibernate\hibernate-validator\5.3.6.Final\hibernate-validator-5.3.6.Final.jar;C:\Users\arecicalov\.m2\repository\javax\validation\validation-api\1.1.0.Final\validation-api-1.1.0.Final.jar;C:\Users\arecicalov\.m2\repository\org\jboss\logging\jboss-logging\3.3.1.Final\jboss-logging-3.3.1.Final.jar;C:\Users\arecicalov\.m2\repository\com\fasterxml\classmate\1.3.4\classmate-1.3.4.jar;C:\Users\arecicalov\.m2\repository\com\fasterxml\jackson\core\jackson-databind\2.9.3\jackson-databind-2.9.3.jar;C:\Users\arecicalov\.m2\repository\com\fasterxml\jackson\core\jackson-annotations\2.9.0\jackson-annotations-2.9.0.jar;C:\Users\arecicalov\.m2\repository\com\fasterxml\jackson\core\jackson-core\2.9.3\jackson-core-2.9.3.jar;C:\Users\arecicalov\.m2\repository\org\springframework\spring-web\4.3.13.RELEASE\spring-web-4.3.13.RELEASE.jar;C:\Users\arecicalov\.m2\repository\org\springframework\spring-aop\4.3.13.RELEASE\spring-aop-4.3.13.RELEASE.jar;C:\Users\arecicalov\.m2\repository\org\springframework\spring-beans\4.3.13.RELEASE\spring-beans-4.3.13.RELEASE.jar;C:\Users\arecicalov\.m2\repository\org\springframework\spring-webmvc\4.3.13.RELEASE\spring-webmvc-4.3.13.RELEASE.jar;C:\Users\arecicalov\.m2\repository\org\springframework\spring-expression\4.3.13.RELEASE\spring-expression-4.3.13.RELEASE.jar;C:\Users\arecicalov\.m2\repository\org\apache\httpcomponents\httpclient\4.5.3\httpclient-4.5.3.jar;C:\Users\arecicalov\.m2\repository\org\apache\httpcomponents\httpcore\4.4.8\httpcore-4.4.8.jar;C:\Users\arecicalov\.m2\repository\commons-codec\commons-codec\1.10\commons-codec-1.10.jar;C:\Users\arecicalov\.m2\repository\org\projectlombok\lombok\1.16.18\lombok-1.16.18.jar;C:\Users\arecicalov\.m2\repository\org\springframework\cloud\spring-cloud-starter-contract-stub-runner\2.0.0.BUILD-SNAPSHOT\spring-cloud-starter-contract-stub-runner-2.0.0.BUILD-SNAPSHOT.jar;C:\Users\arecicalov\.m2\repository\org\springframework\cloud\spring-cloud-contract-stub-runner\2.0.0.BUILD-SNAPSHOT\spring-cloud-contract-stub-runner-2.0.0.BUILD-SNAPSHOT.jar;C:\Users\arecicalov\.m2\repository\org\springframework\cloud\spring-cloud-contract-verifier\2.0.0.BUILD-SNAPSHOT\spring-cloud-contract-verifier-2.0.0.BUILD-SNAPSHOT.jar;C:\Users\arecicalov\.m2\repository\javax\inject\javax.inject\1\javax.inject-1.jar;C:\Users\arecicalov\.m2\repository\org\slf4j\slf4j-api\1.7.25\slf4j-api-1.7.25.jar;C:\Users\arecicalov\.m2\repository\com\toomuchcoding\jsonassert\jsonassert\0.4.10\jsonassert-0.4.10.jar;C:\Users\arecicalov\.m2\repository\org\codehaus\groovy\groovy\2.4.13\groovy-2.4.13.jar;C:\Users\arecicalov\.m2\repository\org\codehaus\groovy\groovy-nio\2.4.13\groovy-nio-2.4.13.jar;C:\Users\arecicalov\.m2\repository\org\codehaus\groovy\groovy-json\2.4.13\groovy-json-2.4.13.jar;C:\Users\arecicalov\.m2\repository\org\codehaus\groovy\groovy-xml\2.4.13\groovy-xml-2.4.13.jar;C:\Users\arecicalov\.m2\repository\com\github\jknack\handlebars\4.0.6\handlebars-4.0.6.jar;C:\Users\arecicalov\.m2\repository\org\apache\commons\commons-lang3\3.1\commons-lang3-3.1.jar;C:\Users\arecicalov\.m2\repository\org\antlr\antlr4-runtime\4.5.1-1\antlr4-runtime-4.5.1-1.jar;C:\Users\arecicalov\.m2\repository\org\mozilla\rhino\1.7R4\rhino-1.7R4.jar;C:\Users\arecicalov\.m2\repository\org\springframework\cloud\spring-cloud-contract-shade\2.0.0.BUILD-SNAPSHOT\spring-cloud-contract-shade-2.0.0.BUILD-SNAPSHOT.jar;C:\Users\arecicalov\.m2\repository\org\springframework\cloud\spring-cloud-contract-spec\2.0.0.BUILD-SNAPSHOT\spring-cloud-contract-spec-2.0.0.BUILD-SNAPSHOT.jar;C:\Users\arecicalov\.m2\repository\dk\brics\automaton\automaton\1.11-8\automaton-1.11-8.jar;C:\Users\arecicalov\.m2\repository\org\apache\commons\commons-text\1.1\commons-text-1.1.jar;C:\Users\arecicalov\.m2\repository\junit\junit\4.12\junit-4.12.jar;C:\Users\arecicalov\.m2\repository\org\springframework\boot\spring-boot-starter-test\1.5.9.RELEASE\spring-boot-starter-test-1.5.9.RELEASE.jar;C:\Users\arecicalov\.m2\repository\org\springframework\boot\spring-boot-test\1.5.9.RELEASE\spring-boot-test-1.5.9.RELEASE.jar;C:\Users\arecicalov\.m2\repository\org\springframework\boot\spring-boot-test-autoconfigure\1.5.9.RELEASE\spring-boot-test-autoconfigure-1.5.9.RELEASE.jar;C:\Users\arecicalov\.m2\repository\com\jayway\jsonpath\json-path\2.2.0\json-path-2.2.0.jar;C:\Users\arecicalov\.m2\repository\net\minidev\json-smart\2.2.1\json-smart-2.2.1.jar;C:\Users\arecicalov\.m2\repository\net\minidev\accessors-smart\1.1\accessors-smart-1.1.jar;C:\Users\arecicalov\.m2\repository\org\ow2\asm\asm\5.0.3\asm-5.0.3.jar;C:\Users\arecicalov\.m2\repository\org\assertj\assertj-core\2.6.0\assertj-core-2.6.0.jar;C:\Users\arecicalov\.m2\repository\org\mockito\mockito-core\1.10.19\mockito-core-1.10.19.jar;C:\Users\arecicalov\.m2\repository\org\objenesis\objenesis\2.1\objenesis-2.1.jar;C:\Users\arecicalov\.m2\repository\org\hamcrest\hamcrest-core\1.3\hamcrest-core-1.3.jar;C:\Users\arecicalov\.m2\repository\org\hamcrest\hamcrest-library\1.3\hamcrest-library-1.3.jar;C:\Users\arecicalov\.m2\repository\org\skyscreamer\jsonassert\1.4.0\jsonassert-1.4.0.jar;C:\Users\arecicalov\.m2\repository\com\vaadin\external\google\android-json\0.0.20131108.vaadin1\android-json-0.0.20131108.vaadin1.jar;C:\Users\arecicalov\.m2\repository\org\springframework\spring-test\4.3.13.RELEASE\spring-test-4.3.13.RELEASE.jar;C:\Users\arecicalov\.m2\repository\org\springframework\cloud\spring-cloud-stream-test-support\2.0.0.BUILD-SNAPSHOT\spring-cloud-stream-test-support-2.0.0.BUILD-SNAPSHOT.jar;C:\Users\arecicalov\.m2\repository\org\springframework\cloud\spring-cloud-stream\2.0.0.BUILD-SNAPSHOT\spring-cloud-stream-2.0.0.BUILD-SNAPSHOT.jar;C:\Users\arecicalov\.m2\repository\org\springframework\boot\spring-boot-starter-validation\1.5.9.RELEASE\spring-boot-starter-validation-1.5.9.RELEASE.jar;C:\Users\arecicalov\.m2\repository\org\springframework\spring-messaging\4.3.13.RELEASE\spring-messaging-4.3.13.RELEASE.jar;C:\Users\arecicalov\.m2\repository\org\springframework\integration\spring-integration-core\4.3.12.RELEASE\spring-integration-core-4.3.12.RELEASE.jar;C:\Users\arecicalov\.m2\repository\org\springframework\spring-tx\4.3.13.RELEASE\spring-tx-4.3.13.RELEASE.jar;C:\Users\arecicalov\.m2\repository\org\springframework\integration\spring-integration-jmx\4.3.12.RELEASE\spring-integration-jmx-4.3.12.RELEASE.jar;C:\Users\arecicalov\.m2\repository\org\springframework\spring-tuple\1.0.0.RELEASE\spring-tuple-1.0.0.RELEASE.jar;C:\Users\arecicalov\.m2\repository\com\esotericsoftware\kryo-shaded\3.0.3\kryo-shaded-3.0.3.jar;C:\Users\arecicalov\.m2\repository\com\esotericsoftware\minlog\1.3.0\minlog-1.3.0.jar;C:\Users\arecicalov\.m2\repository\org\springframework\integration\spring-integration-tuple\1.0.0.RELEASE\spring-integration-tuple-1.0.0.RELEASE.jar;C:\Users\arecicalov\.m2\repository\org\springframework\retry\spring-retry\1.2.1.RELEASE\spring-retry-1.2.1.RELEASE.jar;C:\Users\arecicalov\.m2\repository\org\springframework\cloud\spring-cloud-contract-wiremock\2.0.0.BUILD-SNAPSHOT\spring-cloud-contract-wiremock-2.0.0.BUILD-SNAPSHOT.jar;C:\Users\arecicalov\.m2\repository\com\github\tomakehurst\wiremock-standalone\2.14.0\wiremock-standalone-2.14.0.jar;C:\Users\arecicalov\.m2\repository\org\eclipse\aether\aether-api\1.0.2.v20150114\aether-api-1.0.2.v20150114.jar;, java.specification.name=Java Platform API Specification, java.class.version=52.0, sun.management.compiler=HotSpot 64-Bit Tiered Compilers, os.version=6.3, user.home=C:\Users\arecicalov, user.timezone=EET, java.awt.printerjob=sun.awt.windows.WPrinterJob, file.encoding=Cp1252, java.specification.version=1.8, java.class.path=D:\projects\presentation\cloud-contract\bank\target\test-classes;D:\projects\presentation\cloud-contract\bank\target\classes;C:\Users\arecicalov\.m2\repository\org\springframework\boot\spring-boot-starter-actuator\1.5.9.RELEASE\spring-boot-starter-actuator-1.5.9.RELEASE.jar;C:\Users\arecicalov\.m2\repository\org\springframework\boot\spring-boot-starter\1.5.9.RELEASE\spring-boot-starter-1.5.9.RELEASE.jar;C:\Users\arecicalov\.m2\repository\org\springframework\boot\spring-boot\1.5.9.RELEASE\spring-boot-1.5.9.RELEASE.jar;C:\Users\arecicalov\.m2\repository\org\springframework\boot\spring-boot-autoconfigure\1.5.9.RELEASE\spring-boot-autoconfigure-1.5.9.RELEASE.jar;C:\Users\arecicalov\.m2\repository\org\springframework\boot\spring-boot-starter-logging\1.5.9.RELEASE\spring-boot-starter-logging-1.5.9.RELEASE.jar;C:\Users\arecicalov\.m2\repository\ch\qos\logback\logback-classic\1.1.11\logback-classic-1.1.11.jar;C:\Users\arecicalov\.m2\repository\ch\qos\logback\logback-core\1.1.11\logback-core-1.1.11.jar;C:\Users\arecicalov\.m2\repository\org\slf4j\jcl-over-slf4j\1.7.25\jcl-over-slf4j-1.7.25.jar;C:\Users\arecicalov\.m2\repository\org\slf4j\jul-to-slf4j\1.7.25\jul-to-slf4j-1.7.25.jar;C:\Users\arecicalov\.m2\repository\org\slf4j\log4j-over-slf4j\1.7.25\log4j-over-slf4j-1.7.25.jar;C:\Users\arecicalov\.m2\repository\org\springframework\spring-core\4.3.13.RELEASE\spring-core-4.3.13.RELEASE.jar;C:\Users\arecicalov\.m2\repository\org\yaml\snakeyaml\1.17\snakeyaml-1.17.jar;C:\Users\arecicalov\.m2\repository\org\springframework\boot\spring-boot-actuator\1.5.9.RELEASE\spring-boot-actuator-1.5.9.RELEASE.jar;C:\Users\arecicalov\.m2\repository\org\springframework\spring-context\4.3.13.RELEASE\spring-context-4.3.13.RELEASE.jar;C:\Users\arecicalov\.m2\repository\org\springframework\boot\spring-boot-starter-web\1.5.9.RELEASE\spring-boot-starter-web-1.5.9.RELEASE.jar;C:\Users\arecicalov\.m2\repository\org\springframework\boot\spring-boot-starter-tomcat\1.5.9.RELEASE\spring-boot-starter-tomcat-1.5.9.RELEASE.jar;C:\Users\arecicalov\.m2\repository\org\apache\tomcat\embed\tomcat-embed-core\8.5.23\tomcat-embed-core-8.5.23.jar;C:\Users\arecicalov\.m2\repository\org\apache\tomcat\tomcat-annotations-api\8.5.23\tomcat-annotations-api-8.5.23.jar;C:\Users\arecicalov\.m2\repository\org\apache\tomcat\embed\tomcat-embed-el\8.5.23\tomcat-embed-el-8.5.23.jar;C:\Users\arecicalov\.m2\repository\org\apache\tomcat\embed\tomcat-embed-websocket\8.5.23\tomcat-embed-websocket-8.5.23.jar;C:\Users\arecicalov\.m2\repository\org\hibernate\hibernate-validator\5.3.6.Final\hibernate-validator-5.3.6.Final.jar;C:\Users\arecicalov\.m2\repository\javax\validation\validation-api\1.1.0.Final\validation-api-1.1.0.Final.jar;C:\Users\arecicalov\.m2\repository\org\jboss\logging\jboss-logging\3.3.1.Final\jboss-logging-3.3.1.Final.jar;C:\Users\arecicalov\.m2\repository\com\fasterxml\classmate\1.3.4\classmate-1.3.4.jar;C:\Users\arecicalov\.m2\repository\com\fasterxml\jackson\core\jackson-databind\2.9.3\jackson-databind-2.9.3.jar;C:\Users\arecicalov\.m2\repository\com\fasterxml\jackson\core\jackson-annotations\2.9.0\jackson-annotations-2.9.0.jar;C:\Users\arecicalov\.m2\repository\com\fasterxml\jackson\core\jackson-core\2.9.3\jackson-core-2.9.3.jar;C:\Users\arecicalov\.m2\repository\org\springframework\spring-web\4.3.13.RELEASE\spring-web-4.3.13.RELEASE.jar;C:\Users\arecicalov\.m2\repository\org\springframework\spring-aop\4.3.13.RELEASE\spring-aop-4.3.13.RELEASE.jar;C:\Users\arecicalov\.m2\repository\org\springframework\spring-beans\4.3.13.RELEASE\spring-beans-4.3.13.RELEASE.jar;C:\Users\arecicalov\.m2\repository\org\springframework\spring-webmvc\4.3.13.RELEASE\spring-webmvc-4.3.13.RELEASE.jar;C:\Users\arecicalov\.m2\repository\org\springframework\spring-expression\4.3.13.RELEASE\spring-expression-4.3.13.RELEASE.jar;C:\Users\arecicalov\.m2\repository\org\apache\httpcomponents\httpclient\4.5.3\httpclient-4.5.3.jar;C:\Users\arecicalov\.m2\repository\org\apache\httpcomponents\httpcore\4.4.8\httpcore-4.4.8.jar;C:\Users\arecicalov\.m2\repository\commons-codec\commons-codec\1.10\commons-codec-1.10.jar;C:\Users\arecicalov\.m2\repository\org\projectlombok\lombok\1.16.18\lombok-1.16.18.jar;C:\Users\arecicalov\.m2\repository\org\springframework\cloud\spring-cloud-starter-contract-stub-runner\2.0.0.BUILD-SNAPSHOT\spring-cloud-starter-contract-stub-runner-2.0.0.BUILD-SNAPSHOT.jar;C:\Users\arecicalov\.m2\repository\org\springframework\cloud\spring-cloud-contract-stub-runner\2.0.0.BUILD-SNAPSHOT\spring-cloud-contract-stub-runner-2.0.0.BUILD-SNAPSHOT.jar;C:\Users\arecicalov\.m2\repository\org\springframework\cloud\spring-cloud-contract-verifier\2.0.0.BUILD-SNAPSHOT\spring-cloud-contract-verifier-2.0.0.BUILD-SNAPSHOT.jar;C:\Users\arecicalov\.m2\repository\javax\inject\javax.inject\1\javax.inject-1.jar;C:\Users\arecicalov\.m2\repository\org\slf4j\slf4j-api\1.7.25\slf4j-api-1.7.25.jar;C:\Users\arecicalov\.m2\repository\com\toomuchcoding\jsonassert\jsonassert\0.4.10\jsonassert-0.4.10.jar;C:\Users\arecicalov\.m2\repository\org\codehaus\groovy\groovy\2.4.13\groovy-2.4.13.jar;C:\Users\arecicalov\.m2\repository\org\codehaus\groovy\groovy-nio\2.4.13\groovy-nio-2.4.13.jar;C:\Users\arecicalov\.m2\repository\org\codehaus\groovy\groovy-json\2.4.13\groovy-json-2.4.13.jar;C:\Users\arecicalov\.m2\repository\org\codehaus\groovy\groovy-xml\2.4.13\groovy-xml-2.4.13.jar;C:\Users\arecicalov\.m2\repository\com\github\jknack\handlebars\4.0.6\handlebars-4.0.6.jar;C:\Users\arecicalov\.m2\repository\org\apache\commons\commons-lang3\3.1\commons-lang3-3.1.jar;C:\Users\arecicalov\.m2\repository\org\antlr\antlr4-runtime\4.5.1-1\antlr4-runtime-4.5.1-1.jar;C:\Users\arecicalov\.m2\repository\org\mozilla\rhino\1.7R4\rhino-1.7R4.jar;C:\Users\arecicalov\.m2\repository\org\springframework\cloud\spring-cloud-contract-shade\2.0.0.BUILD-SNAPSHOT\spring-cloud-contract-shade-2.0.0.BUILD-SNAPSHOT.jar;C:\Users\arecicalov\.m2\repository\org\springframework\cloud\spring-cloud-contract-spec\2.0.0.BUILD-SNAPSHOT\spring-cloud-contract-spec-2.0.0.BUILD-SNAPSHOT.jar;C:\Users\arecicalov\.m2\repository\dk\brics\automaton\automaton\1.11-8\automaton-1.11-8.jar;C:\Users\arecicalov\.m2\repository\org\apache\commons\commons-text\1.1\commons-text-1.1.jar;C:\Users\arecicalov\.m2\repository\junit\junit\4.12\junit-4.12.jar;C:\Users\arecicalov\.m2\repository\org\springframework\boot\spring-boot-starter-test\1.5.9.RELEASE\spring-boot-starter-test-1.5.9.RELEASE.jar;C:\Users\arecicalov\.m2\repository\org\springframework\boot\spring-boot-test\1.5.9.RELEASE\spring-boot-test-1.5.9.RELEASE.jar;C:\Users\arecicalov\.m2\repository\org\springframework\boot\spring-boot-test-autoconfigure\1.5.9.RELEASE\spring-boot-test-autoconfigure-1.5.9.RELEASE.jar;C:\Users\arecicalov\.m2\repository\com\jayway\jsonpath\json-path\2.2.0\json-path-2.2.0.jar;C:\Users\arecicalov\.m2\repository\net\minidev\json-smart\2.2.1\json-smart-2.2.1.jar;C:\Users\arecicalov\.m2\repository\net\minidev\accessors-smart\1.1\accessors-smart-1.1.jar;C:\Users\arecicalov\.m2\repository\org\ow2\asm\asm\5.0.3\asm-5.0.3.jar;C:\Users\arecicalov\.m2\repository\org\assertj\assertj-core\2.6.0\assertj-core-2.6.0.jar;C:\Users\arecicalov\.m2\repository\org\mockito\mockito-core\1.10.19\mockito-core-1.10.19.jar;C:\Users\arecicalov\.m2\repository\org\objenesis\objenesis\2.1\objenesis-2.1.jar;C:\Users\arecicalov\.m2\repository\org\hamcrest\hamcrest-core\1.3\hamcrest-core-1.3.jar;C:\Users\arecicalov\.m2\repository\org\hamcrest\hamcrest-library\1.3\hamcrest-library-1.3.jar;C:\Users\arecicalov\.m2\repository\org\skyscreamer\jsonassert\1.4.0\jsonassert-1.4.0.jar;C:\Users\arecicalov\.m2\repository\com\vaadin\external\google\android-json\0.0.20131108.vaadin1\android-json-0.0.20131108.vaadin1.jar;C:\Users\arecicalov\.m2\repository\org\springframework\spring-test\4.3.13.RELEASE\spring-test-4.3.13.RELEASE.jar;C:\Users\arecicalov\.m2\repository\org\springframework\cloud\spring-cloud-stream-test-support\2.0.0.BUILD-SNAPSHOT\spring-cloud-stream-test-support-2.0.0.BUILD-SNAPSHOT.jar;C:\Users\arecicalov\.m2\repository\org\springframework\cloud\spring-cloud-stream\2.0.0.BUILD-SNAPSHOT\spring-cloud-stream-2.0.0.BUILD-SNAPSHOT.jar;C:\Users\arecicalov\.m2\repository\org\springframework\boot\spring-boot-starter-validation\1.5.9.RELEASE\spring-boot-starter-validation-1.5.9.RELEASE.jar;C:\Users\arecicalov\.m2\repository\org\springframework\spring-messaging\4.3.13.RELEASE\spring-messaging-4.3.13.RELEASE.jar;C:\Users\arecicalov\.m2\repository\org\springframework\integration\spring-integration-core\4.3.12.RELEASE\spring-integration-core-4.3.12.RELEASE.jar;C:\Users\arecicalov\.m2\repository\org\springframework\spring-tx\4.3.13.RELEASE\spring-tx-4.3.13.RELEASE.jar;C:\Users\arecicalov\.m2\repository\org\springframework\integration\spring-integration-jmx\4.3.12.RELEASE\spring-integration-jmx-4.3.12.RELEASE.jar;C:\Users\arecicalov\.m2\repository\org\springframework\spring-tuple\1.0.0.RELEASE\spring-tuple-1.0.0.RELEASE.jar;C:\Users\arecicalov\.m2\repository\com\esotericsoftware\kryo-shaded\3.0.3\kryo-shaded-3.0.3.jar;C:\Users\arecicalov\.m2\repository\com\esotericsoftware\minlog\1.3.0\minlog-1.3.0.jar;C:\Users\arecicalov\.m2\repository\org\springframework\integration\spring-integration-tuple\1.0.0.RELEASE\spring-integration-tuple-1.0.0.RELEASE.jar;C:\Users\arecicalov\.m2\repository\org\springframework\retry\spring-retry\1.2.1.RELEASE\spring-retry-1.2.1.RELEASE.jar;C:\Users\arecicalov\.m2\repository\org\springframework\cloud\spring-cloud-contract-wiremock\2.0.0.BUILD-SNAPSHOT\spring-cloud-contract-wiremock-2.0.0.BUILD-SNAPSHOT.jar;C:\Users\arecicalov\.m2\repository\com\github\tomakehurst\wiremock-standalone\2.14.0\wiremock-standalone-2.14.0.jar;C:\Users\arecicalov\.m2\repository\org\eclipse\aether\aether-api\1.0.2.v20150114\aether-api-1.0.2.v20150114.jar;, user.name=arecicalov, java.vm.specification.version=1.8, sun.java.command=D:\projects\presentation\cloud-contract\bank\target\surefire\surefirebooter8472915972823468913.jar D:\projects\presentation\cloud-contract\bank\target\surefire\surefire1421615576438430313tmp D:\projects\presentation\cloud-contract\bank\target\surefire\surefire_03400371804532588747tmp, java.home=C:\Program Files\Java\jdk1.8.0_77\jre, sun.arch.data.model=64, user.language=en, java.specification.vendor=Oracle Corporation, awt.toolkit=sun.awt.windows.WToolkit, java.vm.info=mixed mode, java.version=1.8.0_77, java.ext.dirs=C:\Program Files\Java\jdk1.8.0_77\jre\lib\ext;C:\Windows\Sun\Java\lib\ext, sun.boot.class.path=C:\Program Files\Java\jdk1.8.0_77\jre\lib\resources.jar;C:\Program Files\Java\jdk1.8.0_77\jre\lib\rt.jar;C:\Program Files\Java\jdk1.8.0_77\jre\lib\sunrsasign.jar;C:\Program Files\Java\jdk1.8.0_77\jre\lib\jsse.jar;C:\Program Files\Java\jdk1.8.0_77\jre\lib\jce.jar;C:\Program Files\Java\jdk1.8.0_77\jre\lib\charsets.jar;C:\Program Files\Java\jdk1.8.0_77\jre\lib\jfr.jar;C:\Program Files\Java\jdk1.8.0_77\jre\classes, java.vendor=Oracle Corporation, localRepository=C:\Users\arecicalov\.m2\repository, file.separator=\, java.vendor.url.bug=http://bugreport.sun.com/bugreport/, sun.io.unicode.encoding=UnicodeLittle, sun.cpu.endian=little, sun.desktop=windows, sun.cpu.isalist=amd64}}, SystemEnvironmentPropertySource@989892772 {name='systemEnvironment', properties={PATH=C:\app\arecicalov\product\12.1.0\dbhome_1\bin;C:\ProgramData\Oracle\Java\javapath;C:\Windows\system32;C:\Windows;C:\Windows\System32\Wbem;C:\Windows\System32\WindowsPowerShell\v1.0\;C:\Windows\CCM;C:\Program Files\OpenVPN\bin;C:\Program Files\Java\jdk1.8.0_77\bin;C:\Program Files (x86)\GitExtensions\;D:\Programms\Maven\apache-maven-3.3.9\bin;C:\Program Files (x86)\Skype\Phone\, USERDOMAIN_ROAMINGPROFILE=ENDAVA, =U:=U:\, LOCALAPPDATA=C:\Users\arecicalov\AppData\Local, PROCESSOR_LEVEL=6, SYSTEMDRIVE=C:, COMMONPROGRAMFILES(X86)=C:\Program Files (x86)\Common Files, FP_NO_HOST_CHECK=NO, USERDOMAIN=ENDAVA, LOGONSERVER=\\MDCHDC05, JAVA_HOME=C:\Program Files\Java\jdk1.8.0_77, PROMPT=$P$G, SESSIONNAME=Console, ALLUSERSPROFILE=C:\ProgramData, PROGRAMFILES(X86)=C:\Program Files (x86), ASL.LOG=Destination=file, PROCESSOR_ARCHITECTURE=AMD64, PROGRAMFILES=C:\Program Files, APPDATA=C:\Users\arecicalov\AppData\Roaming, PSMODULEPATH=C:\Windows\system32\WindowsPowerShell\v1.0\Modules\, PROGRAMW6432=C:\Program Files, PROGRAMDATA=C:\ProgramData, SYSTEMROOT=C:\Windows, USERNAME=arecicalov, USERDNSDOMAIN=ENDAVA.NET, PATHEXT=.COM;.EXE;.BAT;.CMD;.VBS;.VBE;.JS;.JSE;.WSF;.WSH;.MSC, OS=Windows_NT, COMMONPROGRAMW6432=C:\Program Files\Common Files, COMPUTERNAME=EN410013, COMMONPROGRAMFILES=C:\Program Files\Common Files, COMSPEC=C:\Windows\system32\cmd.exe, PROCESSOR_REVISION=4501, HOMESHARE=\\storage\home\arecicalov, UATDATA=C:\Windows\CCM\UATData\D9F8C395-CAB8-491d-B8AC-179A1FE1BE77, WINDIR=C:\Windows, =D:=D:\projects\presentation\cloud-contract\bank, HOMEPATH=\, TEMP=C:\Users\ARECIC~1\AppData\Local\Temp, HOMEDRIVE=U:, PROCESSOR_IDENTIFIER=Intel64 Family 6 Model 69 Stepping 1, GenuineIntel, USERPROFILE=C:\Users\arecicalov, TMP=C:\Users\ARECIC~1\AppData\Local\Temp, M2_HOME=D:\Programms\Maven\apache-maven-3.3.9, PUBLIC=C:\Users\Public, NUMBER_OF_PROCESSORS=4, =::=::\}}]
17:43:16.173 [main] DEBUG org.springframework.core.env.MutablePropertySources - Adding PropertySource 'inline' with highest search precedence
17:43:16.181 [main] DEBUG org.springframework.test.context.support.TestPropertySourceUtils - Adding inlined properties to environment: {spring.jmx.enabled=false, org.springframework.boot.test.context.SpringBootTestContextBootstrapper=true, server.port=-1}
17:43:16.181 [main] DEBUG org.springframework.core.env.StandardEnvironment - Adding PropertySource 'Inlined Test Properties' with highest search precedence

  .   ____          _            __ _ _
 /\\ / ___'_ __ _ _(_)_ __  __ _ \ \ \ \
( ( )\___ | '_ | '_| | '_ \/ _` | \ \ \ \
 \\/  ___)| |_)| | | | | || (_| |  ) ) ) )
  '  |____| .__|_| |_|_| |_\__, | / / / /
 =========|_|==============|___/=/_/_/_/
 :: Spring Boot ::        (v1.5.9.RELEASE)

2018-02-03 17:43:17.101  INFO 3192 --- [           main] com.endava.bank.ApplyServiceTests        : Starting ApplyServiceTests on EN410013 with PID 3192 (started by arecicalov in D:\projects\presentation\cloud-contract\bank)
2018-02-03 17:43:17.103  INFO 3192 --- [           main] com.endava.bank.ApplyServiceTests        : No active profile set, falling back to default profiles: default
2018-02-03 17:43:17.645  INFO 3192 --- [           main] s.c.a.AnnotationConfigApplicationContext : Refreshing org.springframework.context.annotation.AnnotationConfigApplicationContext@4bff7da0: startup date [Sat Feb 03 17:43:17 EET 2018]; root of context hierarchy
2018-02-03 17:43:19.200  INFO 3192 --- [           main] o.s.i.config.IntegrationRegistrar        : No bean named 'integrationHeaderChannelRegistry' has been explicitly defined. Therefore, a default DefaultHeaderChannelRegistry will be created.
2018-02-03 17:43:20.130  INFO 3192 --- [           main] faultConfiguringBeanFactoryPostProcessor : No bean named 'errorChannel' has been explicitly defined. Therefore, a default PublishSubscribeChannel will be created.
2018-02-03 17:43:20.143  INFO 3192 --- [           main] faultConfiguringBeanFactoryPostProcessor : No bean named 'taskScheduler' has been explicitly defined. Therefore, a default ThreadPoolTaskScheduler will be created.
2018-02-03 17:43:20.154  INFO 3192 --- [           main] f.a.AutowiredAnnotationBeanPostProcessor : JSR-330 'javax.inject.Inject' annotation found and supported for autowiring
2018-02-03 17:43:20.348  INFO 3192 --- [           main] trationDelegate$BeanPostProcessorChecker : Bean 'integrationGlobalProperties' of type [org.springframework.beans.factory.config.PropertiesFactoryBean] is not eligible for getting processed by all BeanPostProcessors (for example: not eligible for auto-proxying)
2018-02-03 17:43:20.358  INFO 3192 --- [           main] trationDelegate$BeanPostProcessorChecker : Bean 'integrationGlobalProperties' of type [java.util.Properties] is not eligible for getting processed by all BeanPostProcessors (for example: not eligible for auto-proxying)
2018-02-03 17:43:21.498  INFO 3192 --- [           main] o.s.s.c.ThreadPoolTaskScheduler          : Initializing ExecutorService  'taskScheduler'
2018-02-03 17:43:21.803  INFO 3192 --- [           main] o.s.c.c.s.StubDownloaderBuilderProvider  : Will download stubs using Aether
2018-02-03 17:43:21.810  INFO 3192 --- [           main] o.s.c.c.stubrunner.AetherStubDownloader  : Remote repos not passed but the switch to work offline was set. Stubs will be used from your local Maven repository.
2018-02-03 17:43:22.046  INFO 3192 --- [           main] o.s.c.c.stubrunner.AetherStubDownloader  : Desired version is [+] - will try to resolve the latest version
2018-02-03 17:43:22.067  WARN 3192 --- [           main] s.c.a.AnnotationConfigApplicationContext : Exception encountered during context initialization - cancelling refresh attempt: org.springframework.beans.factory.BeanCreationException: Error creating bean with name 'batchStubRunner' defined in class path resource [org/springframework/cloud/contract/stubrunner/spring/StubRunnerConfiguration.class]: Bean instantiation via factory method failed; nested exception is org.springframework.beans.BeanInstantiationException: Failed to instantiate [org.springframework.cloud.contract.stubrunner.BatchStubRunner]: Factory method 'batchStubRunner' threw exception; nested exception is java.lang.IllegalArgumentException: For groupId [com.endava] artifactId [fraud-service] and classifier [stubs] the version was not resolved! The following exceptions took place [org.eclipse.aether.transfer.MetadataNotFoundException: Could not find metadata com.endava:fraud-service/maven-metadata.xml in local (C:\Users\arecicalov\.m2\repository)]
2018-02-03 17:43:22.069  INFO 3192 --- [           main] o.s.s.c.ThreadPoolTaskScheduler          : Shutting down ExecutorService 'taskScheduler'
2018-02-03 17:43:22.093  INFO 3192 --- [           main] utoConfigurationReportLoggingInitializer : 

Error starting ApplicationContext. To display the auto-configuration report re-run your application with 'debug' enabled.
2018-02-03 17:43:22.118 ERROR 3192 --- [           main] o.s.boot.SpringApplication               : Application startup failed

org.springframework.beans.factory.BeanCreationException: Error creating bean with name 'batchStubRunner' defined in class path resource [org/springframework/cloud/contract/stubrunner/spring/StubRunnerConfiguration.class]: Bean instantiation via factory method failed; nested exception is org.springframework.beans.BeanInstantiationException: Failed to instantiate [org.springframework.cloud.contract.stubrunner.BatchStubRunner]: Factory method 'batchStubRunner' threw exception; nested exception is java.lang.IllegalArgumentException: For groupId [com.endava] artifactId [fraud-service] and classifier [stubs] the version was not resolved! The following exceptions took place [org.eclipse.aether.transfer.MetadataNotFoundException: Could not find metadata com.endava:fraud-service/maven-metadata.xml in local (C:\Users\arecicalov\.m2\repository)]
	at org.springframework.beans.factory.support.ConstructorResolver.instantiateUsingFactoryMethod(ConstructorResolver.java:599) ~[spring-beans-4.3.13.RELEASE.jar:4.3.13.RELEASE]
	at org.springframework.beans.factory.support.AbstractAutowireCapableBeanFactory.instantiateUsingFactoryMethod(AbstractAutowireCapableBeanFactory.java:1173) ~[spring-beans-4.3.13.RELEASE.jar:4.3.13.RELEASE]
	at org.springframework.beans.factory.support.AbstractAutowireCapableBeanFactory.createBeanInstance(AbstractAutowireCapableBeanFactory.java:1067) ~[spring-beans-4.3.13.RELEASE.jar:4.3.13.RELEASE]
	at org.springframework.beans.factory.support.AbstractAutowireCapableBeanFactory.doCreateBean(AbstractAutowireCapableBeanFactory.java:513) ~[spring-beans-4.3.13.RELEASE.jar:4.3.13.RELEASE]
	at org.springframework.beans.factory.support.AbstractAutowireCapableBeanFactory.createBean(AbstractAutowireCapableBeanFactory.java:483) ~[spring-beans-4.3.13.RELEASE.jar:4.3.13.RELEASE]
	at org.springframework.beans.factory.support.AbstractBeanFactory$1.getObject(AbstractBeanFactory.java:306) ~[spring-beans-4.3.13.RELEASE.jar:4.3.13.RELEASE]
	at org.springframework.beans.factory.support.DefaultSingletonBeanRegistry.getSingleton(DefaultSingletonBeanRegistry.java:230) ~[spring-beans-4.3.13.RELEASE.jar:4.3.13.RELEASE]
	at org.springframework.beans.factory.support.AbstractBeanFactory.doGetBean(AbstractBeanFactory.java:302) ~[spring-beans-4.3.13.RELEASE.jar:4.3.13.RELEASE]
	at org.springframework.beans.factory.support.AbstractBeanFactory.getBean(AbstractBeanFactory.java:197) ~[spring-beans-4.3.13.RELEASE.jar:4.3.13.RELEASE]
	at org.springframework.beans.factory.support.DefaultListableBeanFactory.preInstantiateSingletons(DefaultListableBeanFactory.java:761) ~[spring-beans-4.3.13.RELEASE.jar:4.3.13.RELEASE]
	at org.springframework.context.support.AbstractApplicationContext.finishBeanFactoryInitialization(AbstractApplicationContext.java:867) ~[spring-context-4.3.13.RELEASE.jar:4.3.13.RELEASE]
	at org.springframework.context.support.AbstractApplicationContext.refresh(AbstractApplicationContext.java:543) ~[spring-context-4.3.13.RELEASE.jar:4.3.13.RELEASE]
	at org.springframework.boot.SpringApplication.refresh(SpringApplication.java:693) ~[spring-boot-1.5.9.RELEASE.jar:1.5.9.RELEASE]
	at org.springframework.boot.SpringApplication.refreshContext(SpringApplication.java:360) ~[spring-boot-1.5.9.RELEASE.jar:1.5.9.RELEASE]
	at org.springframework.boot.SpringApplication.run(SpringApplication.java:303) ~[spring-boot-1.5.9.RELEASE.jar:1.5.9.RELEASE]
	at org.springframework.boot.test.context.SpringBootContextLoader.loadContext(SpringBootContextLoader.java:120) [spring-boot-test-1.5.9.RELEASE.jar:1.5.9.RELEASE]
	at org.springframework.test.context.cache.DefaultCacheAwareContextLoaderDelegate.loadContextInternal(DefaultCacheAwareContextLoaderDelegate.java:98) [spring-test-4.3.13.RELEASE.jar:4.3.13.RELEASE]
	at org.springframework.test.context.cache.DefaultCacheAwareContextLoaderDelegate.loadContext(DefaultCacheAwareContextLoaderDelegate.java:116) [spring-test-4.3.13.RELEASE.jar:4.3.13.RELEASE]
	at org.springframework.test.context.support.DefaultTestContext.getApplicationContext(DefaultTestContext.java:83) [spring-test-4.3.13.RELEASE.jar:4.3.13.RELEASE]
	at org.springframework.test.context.support.DependencyInjectionTestExecutionListener.injectDependencies(DependencyInjectionTestExecutionListener.java:117) [spring-test-4.3.13.RELEASE.jar:4.3.13.RELEASE]
	at org.springframework.test.context.support.DependencyInjectionTestExecutionListener.prepareTestInstance(DependencyInjectionTestExecutionListener.java:83) [spring-test-4.3.13.RELEASE.jar:4.3.13.RELEASE]
	at org.springframework.boot.test.autoconfigure.SpringBootDependencyInjectionTestExecutionListener.prepareTestInstance(SpringBootDependencyInjectionTestExecutionListener.java:44) [spring-boot-test-autoconfigure-1.5.9.RELEASE.jar:1.5.9.RELEASE]
	at org.springframework.test.context.TestContextManager.prepareTestInstance(TestContextManager.java:230) [spring-test-4.3.13.RELEASE.jar:4.3.13.RELEASE]
	at org.springframework.test.context.junit4.SpringJUnit4ClassRunner.createTest(SpringJUnit4ClassRunner.java:228) [spring-test-4.3.13.RELEASE.jar:4.3.13.RELEASE]
	at org.springframework.test.context.junit4.SpringJUnit4ClassRunner$1.runReflectiveCall(SpringJUnit4ClassRunner.java:287) [spring-test-4.3.13.RELEASE.jar:4.3.13.RELEASE]
	at org.junit.internal.runners.model.ReflectiveCallable.run(ReflectiveCallable.java:12) [junit-4.12.jar:4.12]
	at org.springframework.test.context.junit4.SpringJUnit4ClassRunner.methodBlock(SpringJUnit4ClassRunner.java:289) [spring-test-4.3.13.RELEASE.jar:4.3.13.RELEASE]
	at org.springframework.test.context.junit4.SpringJUnit4ClassRunner.runChild(SpringJUnit4ClassRunner.java:247) [spring-test-4.3.13.RELEASE.jar:4.3.13.RELEASE]
	at org.springframework.test.context.junit4.SpringJUnit4ClassRunner.runChild(SpringJUnit4ClassRunner.java:94) [spring-test-4.3.13.RELEASE.jar:4.3.13.RELEASE]
	at org.junit.runners.ParentRunner$3.run(ParentRunner.java:290) [junit-4.12.jar:4.12]
	at org.junit.runners.ParentRunner$1.schedule(ParentRunner.java:71) [junit-4.12.jar:4.12]
	at org.junit.runners.ParentRunner.runChildren(ParentRunner.java:288) [junit-4.12.jar:4.12]
	at org.junit.runners.ParentRunner.access$000(ParentRunner.java:58) [junit-4.12.jar:4.12]
	at org.junit.runners.ParentRunner$2.evaluate(ParentRunner.java:268) [junit-4.12.jar:4.12]
	at org.springframework.test.context.junit4.statements.RunBeforeTestClassCallbacks.evaluate(RunBeforeTestClassCallbacks.java:61) [spring-test-4.3.13.RELEASE.jar:4.3.13.RELEASE]
	at org.springframework.test.context.junit4.statements.RunAfterTestClassCallbacks.evaluate(RunAfterTestClassCallbacks.java:70) [spring-test-4.3.13.RELEASE.jar:4.3.13.RELEASE]
	at org.junit.runners.ParentRunner.run(ParentRunner.java:363) [junit-4.12.jar:4.12]
	at org.springframework.test.context.junit4.SpringJUnit4ClassRunner.run(SpringJUnit4ClassRunner.java:191) [spring-test-4.3.13.RELEASE.jar:4.3.13.RELEASE]
	at org.apache.maven.surefire.junit4.JUnit4Provider.execute(JUnit4Provider.java:283) [surefire-junit4-2.18.1.jar:2.18.1]
	at org.apache.maven.surefire.junit4.JUnit4Provider.executeWithRerun(JUnit4Provider.java:173) [surefire-junit4-2.18.1.jar:2.18.1]
	at org.apache.maven.surefire.junit4.JUnit4Provider.executeTestSet(JUnit4Provider.java:153) [surefire-junit4-2.18.1.jar:2.18.1]
	at org.apache.maven.surefire.junit4.JUnit4Provider.invoke(JUnit4Provider.java:128) [surefire-junit4-2.18.1.jar:2.18.1]
	at org.apache.maven.surefire.booter.ForkedBooter.invokeProviderInSameClassLoader(ForkedBooter.java:203) [surefire-booter-2.18.1.jar:2.18.1]
	at org.apache.maven.surefire.booter.ForkedBooter.runSuitesInProcess(ForkedBooter.java:155) [surefire-booter-2.18.1.jar:2.18.1]
	at org.apache.maven.surefire.booter.ForkedBooter.main(ForkedBooter.java:103) [surefire-booter-2.18.1.jar:2.18.1]
Caused by: org.springframework.beans.BeanInstantiationException: Failed to instantiate [org.springframework.cloud.contract.stubrunner.BatchStubRunner]: Factory method 'batchStubRunner' threw exception; nested exception is java.lang.IllegalArgumentException: For groupId [com.endava] artifactId [fraud-service] and classifier [stubs] the version was not resolved! The following exceptions took place [org.eclipse.aether.transfer.MetadataNotFoundException: Could not find metadata com.endava:fraud-service/maven-metadata.xml in local (C:\Users\arecicalov\.m2\repository)]
	at org.springframework.beans.factory.support.SimpleInstantiationStrategy.instantiate(SimpleInstantiationStrategy.java:189) ~[spring-beans-4.3.13.RELEASE.jar:4.3.13.RELEASE]
	at org.springframework.beans.factory.support.ConstructorResolver.instantiateUsingFactoryMethod(ConstructorResolver.java:588) ~[spring-beans-4.3.13.RELEASE.jar:4.3.13.RELEASE]
	... 44 common frames omitted
Caused by: java.lang.IllegalArgumentException: For groupId [com.endava] artifactId [fraud-service] and classifier [stubs] the version was not resolved! The following exceptions took place [org.eclipse.aether.transfer.MetadataNotFoundException: Could not find metadata com.endava:fraud-service/maven-metadata.xml in local (C:\Users\arecicalov\.m2\repository)]
	at org.springframework.cloud.contract.stubrunner.AetherStubDownloader.resolveHighestArtifactVersion(AetherStubDownloader.java:252) ~[spring-cloud-contract-stub-runner-2.0.0.BUILD-SNAPSHOT.jar:2.0.0.BUILD-SNAPSHOT]
	at org.springframework.cloud.contract.stubrunner.AetherStubDownloader.getVersion(AetherStubDownloader.java:209) ~[spring-cloud-contract-stub-runner-2.0.0.BUILD-SNAPSHOT.jar:2.0.0.BUILD-SNAPSHOT]
	at org.springframework.cloud.contract.stubrunner.AetherStubDownloader.downloadAndUnpackStubJar(AetherStubDownloader.java:216) ~[spring-cloud-contract-stub-runner-2.0.0.BUILD-SNAPSHOT.jar:2.0.0.BUILD-SNAPSHOT]
	at org.springframework.cloud.contract.stubrunner.StubRunnerFactory.createStubsFromServiceConfiguration(StubRunnerFactory.java:60) ~[spring-cloud-contract-stub-runner-2.0.0.BUILD-SNAPSHOT.jar:2.0.0.BUILD-SNAPSHOT]
	at org.springframework.cloud.contract.stubrunner.BatchStubRunnerFactory.buildBatchStubRunner(BatchStubRunnerFactory.java:59) ~[spring-cloud-contract-stub-runner-2.0.0.BUILD-SNAPSHOT.jar:2.0.0.BUILD-SNAPSHOT]
	at org.springframework.cloud.contract.stubrunner.spring.StubRunnerConfiguration.batchStubRunner(StubRunnerConfiguration.java:77) ~[spring-cloud-contract-stub-runner-2.0.0.BUILD-SNAPSHOT.jar:2.0.0.BUILD-SNAPSHOT]
	at org.springframework.cloud.contract.stubrunner.spring.StubRunnerConfiguration$$EnhancerBySpringCGLIB$$490bfd54.CGLIB$batchStubRunner$0(<generated>) ~[spring-cloud-contract-stub-runner-2.0.0.BUILD-SNAPSHOT.jar:2.0.0.BUILD-SNAPSHOT]
	at org.springframework.cloud.contract.stubrunner.spring.StubRunnerConfiguration$$EnhancerBySpringCGLIB$$490bfd54$$FastClassBySpringCGLIB$$ec088cc2.invoke(<generated>) ~[spring-cloud-contract-stub-runner-2.0.0.BUILD-SNAPSHOT.jar:2.0.0.BUILD-SNAPSHOT]
	at org.springframework.cglib.proxy.MethodProxy.invokeSuper(MethodProxy.java:228) ~[spring-core-4.3.13.RELEASE.jar:4.3.13.RELEASE]
	at org.springframework.context.annotation.ConfigurationClassEnhancer$BeanMethodInterceptor.intercept(ConfigurationClassEnhancer.java:358) ~[spring-context-4.3.13.RELEASE.jar:4.3.13.RELEASE]
	at org.springframework.cloud.contract.stubrunner.spring.StubRunnerConfiguration$$EnhancerBySpringCGLIB$$490bfd54.batchStubRunner(<generated>) ~[spring-cloud-contract-stub-runner-2.0.0.BUILD-SNAPSHOT.jar:2.0.0.BUILD-SNAPSHOT]
	at sun.reflect.NativeMethodAccessorImpl.invoke0(Native Method) ~[na:1.8.0_77]
	at sun.reflect.NativeMethodAccessorImpl.invoke(NativeMethodAccessorImpl.java:62) ~[na:1.8.0_77]
	at sun.reflect.DelegatingMethodAccessorImpl.invoke(DelegatingMethodAccessorImpl.java:43) ~[na:1.8.0_77]
	at java.lang.reflect.Method.invoke(Method.java:498) ~[na:1.8.0_77]
	at org.springframework.beans.factory.support.SimpleInstantiationStrategy.instantiate(SimpleInstantiationStrategy.java:162) ~[spring-beans-4.3.13.RELEASE.jar:4.3.13.RELEASE]
	... 45 common frames omitted


  .   ____          _            __ _ _
 /\\ / ___'_ __ _ _(_)_ __  __ _ \ \ \ \
( ( )\___ | '_ | '_| | '_ \/ _` | \ \ \ \
 \\/  ___)| |_)| | | | | || (_| |  ) ) ) )
  '  |____| .__|_| |_|_| |_\__, | / / / /
 =========|_|==============|___/=/_/_/_/
 :: Spring Boot ::        (v1.5.9.RELEASE)

2018-02-03 17:43:22.232  INFO 3192 --- [           main] com.endava.bank.ApplyServiceTests        : Starting ApplyServiceTests on EN410013 with PID 3192 (started by arecicalov in D:\projects\presentation\cloud-contract\bank)
2018-02-03 17:43:22.233  INFO 3192 --- [           main] com.endava.bank.ApplyServiceTests        : No active profile set, falling back to default profiles: default
2018-02-03 17:43:22.237  INFO 3192 --- [           main] s.c.a.AnnotationConfigApplicationContext : Refreshing org.springframework.context.annotation.AnnotationConfigApplicationContext@5e922647: startup date [Sat Feb 03 17:43:22 EET 2018]; root of context hierarchy
2018-02-03 17:43:23.057  INFO 3192 --- [           main] o.s.i.config.IntegrationRegistrar        : No bean named 'integrationHeaderChannelRegistry' has been explicitly defined. Therefore, a default DefaultHeaderChannelRegistry will be created.
2018-02-03 17:43:23.219  INFO 3192 --- [           main] faultConfiguringBeanFactoryPostProcessor : No bean named 'errorChannel' has been explicitly defined. Therefore, a default PublishSubscribeChannel will be created.
2018-02-03 17:43:23.221  INFO 3192 --- [           main] faultConfiguringBeanFactoryPostProcessor : No bean named 'taskScheduler' has been explicitly defined. Therefore, a default ThreadPoolTaskScheduler will be created.
2018-02-03 17:43:23.226  INFO 3192 --- [           main] f.a.AutowiredAnnotationBeanPostProcessor : JSR-330 'javax.inject.Inject' annotation found and supported for autowiring
2018-02-03 17:43:23.405  INFO 3192 --- [           main] trationDelegate$BeanPostProcessorChecker : Bean 'integrationGlobalProperties' of type [org.springframework.beans.factory.config.PropertiesFactoryBean] is not eligible for getting processed by all BeanPostProcessors (for example: not eligible for auto-proxying)
2018-02-03 17:43:23.409  INFO 3192 --- [           main] trationDelegate$BeanPostProcessorChecker : Bean 'integrationGlobalProperties' of type [java.util.Properties] is not eligible for getting processed by all BeanPostProcessors (for example: not eligible for auto-proxying)
2018-02-03 17:43:23.705  INFO 3192 --- [           main] o.s.s.c.ThreadPoolTaskScheduler          : Initializing ExecutorService  'taskScheduler'
2018-02-03 17:43:23.833  INFO 3192 --- [           main] o.s.c.c.s.StubDownloaderBuilderProvider  : Will download stubs using Aether
2018-02-03 17:43:23.833  INFO 3192 --- [           main] o.s.c.c.stubrunner.AetherStubDownloader  : Remote repos not passed but the switch to work offline was set. Stubs will be used from your local Maven repository.
2018-02-03 17:43:23.835  INFO 3192 --- [           main] o.s.c.c.stubrunner.AetherStubDownloader  : Desired version is [+] - will try to resolve the latest version
2018-02-03 17:43:23.836  WARN 3192 --- [           main] s.c.a.AnnotationConfigApplicationContext : Exception encountered during context initialization - cancelling refresh attempt: org.springframework.beans.factory.BeanCreationException: Error creating bean with name 'batchStubRunner' defined in class path resource [org/springframework/cloud/contract/stubrunner/spring/StubRunnerConfiguration.class]: Bean instantiation via factory method failed; nested exception is org.springframework.beans.BeanInstantiationException: Failed to instantiate [org.springframework.cloud.contract.stubrunner.BatchStubRunner]: Factory method 'batchStubRunner' threw exception; nested exception is java.lang.IllegalArgumentException: For groupId [com.endava] artifactId [fraud-service] and classifier [stubs] the version was not resolved! The following exceptions took place [org.eclipse.aether.transfer.MetadataNotFoundException: Could not find metadata com.endava:fraud-service/maven-metadata.xml in local (C:\Users\arecicalov\.m2\repository)]
2018-02-03 17:43:23.837  INFO 3192 --- [           main] o.s.s.c.ThreadPoolTaskScheduler          : Shutting down ExecutorService 'taskScheduler'
2018-02-03 17:43:23.856  INFO 3192 --- [           main] utoConfigurationReportLoggingInitializer : 

Error starting ApplicationContext. To display the auto-configuration report re-run your application with 'debug' enabled.
2018-02-03 17:43:23.884 ERROR 3192 --- [           main] o.s.boot.SpringApplication               : Application startup failed

org.springframework.beans.factory.BeanCreationException: Error creating bean with name 'batchStubRunner' defined in class path resource [org/springframework/cloud/contract/stubrunner/spring/StubRunnerConfiguration.class]: Bean instantiation via factory method failed; nested exception is org.springframework.beans.BeanInstantiationException: Failed to instantiate [org.springframework.cloud.contract.stubrunner.BatchStubRunner]: Factory method 'batchStubRunner' threw exception; nested exception is java.lang.IllegalArgumentException: For groupId [com.endava] artifactId [fraud-service] and classifier [stubs] the version was not resolved! The following exceptions took place [org.eclipse.aether.transfer.MetadataNotFoundException: Could not find metadata com.endava:fraud-service/maven-metadata.xml in local (C:\Users\arecicalov\.m2\repository)]
	at org.springframework.beans.factory.support.ConstructorResolver.instantiateUsingFactoryMethod(ConstructorResolver.java:599) ~[spring-beans-4.3.13.RELEASE.jar:4.3.13.RELEASE]
	at org.springframework.beans.factory.support.AbstractAutowireCapableBeanFactory.instantiateUsingFactoryMethod(AbstractAutowireCapableBeanFactory.java:1173) ~[spring-beans-4.3.13.RELEASE.jar:4.3.13.RELEASE]
	at org.springframework.beans.factory.support.AbstractAutowireCapableBeanFactory.createBeanInstance(AbstractAutowireCapableBeanFactory.java:1067) ~[spring-beans-4.3.13.RELEASE.jar:4.3.13.RELEASE]
	at org.springframework.beans.factory.support.AbstractAutowireCapableBeanFactory.doCreateBean(AbstractAutowireCapableBeanFactory.java:513) ~[spring-beans-4.3.13.RELEASE.jar:4.3.13.RELEASE]
	at org.springframework.beans.factory.support.AbstractAutowireCapableBeanFactory.createBean(AbstractAutowireCapableBeanFactory.java:483) ~[spring-beans-4.3.13.RELEASE.jar:4.3.13.RELEASE]
	at org.springframework.beans.factory.support.AbstractBeanFactory$1.getObject(AbstractBeanFactory.java:306) ~[spring-beans-4.3.13.RELEASE.jar:4.3.13.RELEASE]
	at org.springframework.beans.factory.support.DefaultSingletonBeanRegistry.getSingleton(DefaultSingletonBeanRegistry.java:230) ~[spring-beans-4.3.13.RELEASE.jar:4.3.13.RELEASE]
	at org.springframework.beans.factory.support.AbstractBeanFactory.doGetBean(AbstractBeanFactory.java:302) ~[spring-beans-4.3.13.RELEASE.jar:4.3.13.RELEASE]
	at org.springframework.beans.factory.support.AbstractBeanFactory.getBean(AbstractBeanFactory.java:197) ~[spring-beans-4.3.13.RELEASE.jar:4.3.13.RELEASE]
	at org.springframework.beans.factory.support.DefaultListableBeanFactory.preInstantiateSingletons(DefaultListableBeanFactory.java:761) ~[spring-beans-4.3.13.RELEASE.jar:4.3.13.RELEASE]
	at org.springframework.context.support.AbstractApplicationContext.finishBeanFactoryInitialization(AbstractApplicationContext.java:867) ~[spring-context-4.3.13.RELEASE.jar:4.3.13.RELEASE]
	at org.springframework.context.support.AbstractApplicationContext.refresh(AbstractApplicationContext.java:543) ~[spring-context-4.3.13.RELEASE.jar:4.3.13.RELEASE]
	at org.springframework.boot.SpringApplication.refresh(SpringApplication.java:693) ~[spring-boot-1.5.9.RELEASE.jar:1.5.9.RELEASE]
	at org.springframework.boot.SpringApplication.refreshContext(SpringApplication.java:360) ~[spring-boot-1.5.9.RELEASE.jar:1.5.9.RELEASE]
	at org.springframework.boot.SpringApplication.run(SpringApplication.java:303) ~[spring-boot-1.5.9.RELEASE.jar:1.5.9.RELEASE]
	at org.springframework.boot.test.context.SpringBootContextLoader.loadContext(SpringBootContextLoader.java:120) [spring-boot-test-1.5.9.RELEASE.jar:1.5.9.RELEASE]
	at org.springframework.test.context.cache.DefaultCacheAwareContextLoaderDelegate.loadContextInternal(DefaultCacheAwareContextLoaderDelegate.java:98) [spring-test-4.3.13.RELEASE.jar:4.3.13.RELEASE]
	at org.springframework.test.context.cache.DefaultCacheAwareContextLoaderDelegate.loadContext(DefaultCacheAwareContextLoaderDelegate.java:116) [spring-test-4.3.13.RELEASE.jar:4.3.13.RELEASE]
	at org.springframework.test.context.support.DefaultTestContext.getApplicationContext(DefaultTestContext.java:83) [spring-test-4.3.13.RELEASE.jar:4.3.13.RELEASE]
	at org.springframework.boot.test.autoconfigure.SpringBootDependencyInjectionTestExecutionListener.outputConditionEvaluationReport(SpringBootDependencyInjectionTestExecutionListener.java:54) [spring-boot-test-autoconfigure-1.5.9.RELEASE.jar:1.5.9.RELEASE]
	at org.springframework.boot.test.autoconfigure.SpringBootDependencyInjectionTestExecutionListener.prepareTestInstance(SpringBootDependencyInjectionTestExecutionListener.java:47) [spring-boot-test-autoconfigure-1.5.9.RELEASE.jar:1.5.9.RELEASE]
	at org.springframework.test.context.TestContextManager.prepareTestInstance(TestContextManager.java:230) [spring-test-4.3.13.RELEASE.jar:4.3.13.RELEASE]
	at org.springframework.test.context.junit4.SpringJUnit4ClassRunner.createTest(SpringJUnit4ClassRunner.java:228) [spring-test-4.3.13.RELEASE.jar:4.3.13.RELEASE]
	at org.springframework.test.context.junit4.SpringJUnit4ClassRunner$1.runReflectiveCall(SpringJUnit4ClassRunner.java:287) [spring-test-4.3.13.RELEASE.jar:4.3.13.RELEASE]
	at org.junit.internal.runners.model.ReflectiveCallable.run(ReflectiveCallable.java:12) [junit-4.12.jar:4.12]
	at org.springframework.test.context.junit4.SpringJUnit4ClassRunner.methodBlock(SpringJUnit4ClassRunner.java:289) [spring-test-4.3.13.RELEASE.jar:4.3.13.RELEASE]
	at org.springframework.test.context.junit4.SpringJUnit4ClassRunner.runChild(SpringJUnit4ClassRunner.java:247) [spring-test-4.3.13.RELEASE.jar:4.3.13.RELEASE]
	at org.springframework.test.context.junit4.SpringJUnit4ClassRunner.runChild(SpringJUnit4ClassRunner.java:94) [spring-test-4.3.13.RELEASE.jar:4.3.13.RELEASE]
	at org.junit.runners.ParentRunner$3.run(ParentRunner.java:290) [junit-4.12.jar:4.12]
	at org.junit.runners.ParentRunner$1.schedule(ParentRunner.java:71) [junit-4.12.jar:4.12]
	at org.junit.runners.ParentRunner.runChildren(ParentRunner.java:288) [junit-4.12.jar:4.12]
	at org.junit.runners.ParentRunner.access$000(ParentRunner.java:58) [junit-4.12.jar:4.12]
	at org.junit.runners.ParentRunner$2.evaluate(ParentRunner.java:268) [junit-4.12.jar:4.12]
	at org.springframework.test.context.junit4.statements.RunBeforeTestClassCallbacks.evaluate(RunBeforeTestClassCallbacks.java:61) [spring-test-4.3.13.RELEASE.jar:4.3.13.RELEASE]
	at org.springframework.test.context.junit4.statements.RunAfterTestClassCallbacks.evaluate(RunAfterTestClassCallbacks.java:70) [spring-test-4.3.13.RELEASE.jar:4.3.13.RELEASE]
	at org.junit.runners.ParentRunner.run(ParentRunner.java:363) [junit-4.12.jar:4.12]
	at org.springframework.test.context.junit4.SpringJUnit4ClassRunner.run(SpringJUnit4ClassRunner.java:191) [spring-test-4.3.13.RELEASE.jar:4.3.13.RELEASE]
	at org.apache.maven.surefire.junit4.JUnit4Provider.execute(JUnit4Provider.java:283) [surefire-junit4-2.18.1.jar:2.18.1]
	at org.apache.maven.surefire.junit4.JUnit4Provider.executeWithRerun(JUnit4Provider.java:173) [surefire-junit4-2.18.1.jar:2.18.1]
	at org.apache.maven.surefire.junit4.JUnit4Provider.executeTestSet(JUnit4Provider.java:153) [surefire-junit4-2.18.1.jar:2.18.1]
	at org.apache.maven.surefire.junit4.JUnit4Provider.invoke(JUnit4Provider.java:128) [surefire-junit4-2.18.1.jar:2.18.1]
	at org.apache.maven.surefire.booter.ForkedBooter.invokeProviderInSameClassLoader(ForkedBooter.java:203) [surefire-booter-2.18.1.jar:2.18.1]
	at org.apache.maven.surefire.booter.ForkedBooter.runSuitesInProcess(ForkedBooter.java:155) [surefire-booter-2.18.1.jar:2.18.1]
	at org.apache.maven.surefire.booter.ForkedBooter.main(ForkedBooter.java:103) [surefire-booter-2.18.1.jar:2.18.1]
Caused by: org.springframework.beans.BeanInstantiationException: Failed to instantiate [org.springframework.cloud.contract.stubrunner.BatchStubRunner]: Factory method 'batchStubRunner' threw exception; nested exception is java.lang.IllegalArgumentException: For groupId [com.endava] artifactId [fraud-service] and classifier [stubs] the version was not resolved! The following exceptions took place [org.eclipse.aether.transfer.MetadataNotFoundException: Could not find metadata com.endava:fraud-service/maven-metadata.xml in local (C:\Users\arecicalov\.m2\repository)]
	at org.springframework.beans.factory.support.SimpleInstantiationStrategy.instantiate(SimpleInstantiationStrategy.java:189) ~[spring-beans-4.3.13.RELEASE.jar:4.3.13.RELEASE]
	at org.springframework.beans.factory.support.ConstructorResolver.instantiateUsingFactoryMethod(ConstructorResolver.java:588) ~[spring-beans-4.3.13.RELEASE.jar:4.3.13.RELEASE]
	... 43 common frames omitted
Caused by: java.lang.IllegalArgumentException: For groupId [com.endava] artifactId [fraud-service] and classifier [stubs] the version was not resolved! The following exceptions took place [org.eclipse.aether.transfer.MetadataNotFoundException: Could not find metadata com.endava:fraud-service/maven-metadata.xml in local (C:\Users\arecicalov\.m2\repository)]
	at org.springframework.cloud.contract.stubrunner.AetherStubDownloader.resolveHighestArtifactVersion(AetherStubDownloader.java:252) ~[spring-cloud-contract-stub-runner-2.0.0.BUILD-SNAPSHOT.jar:2.0.0.BUILD-SNAPSHOT]
	at org.springframework.cloud.contract.stubrunner.AetherStubDownloader.getVersion(AetherStubDownloader.java:209) ~[spring-cloud-contract-stub-runner-2.0.0.BUILD-SNAPSHOT.jar:2.0.0.BUILD-SNAPSHOT]
	at org.springframework.cloud.contract.stubrunner.AetherStubDownloader.downloadAndUnpackStubJar(AetherStubDownloader.java:216) ~[spring-cloud-contract-stub-runner-2.0.0.BUILD-SNAPSHOT.jar:2.0.0.BUILD-SNAPSHOT]
	at org.springframework.cloud.contract.stubrunner.StubRunnerFactory.createStubsFromServiceConfiguration(StubRunnerFactory.java:60) ~[spring-cloud-contract-stub-runner-2.0.0.BUILD-SNAPSHOT.jar:2.0.0.BUILD-SNAPSHOT]
	at org.springframework.cloud.contract.stubrunner.BatchStubRunnerFactory.buildBatchStubRunner(BatchStubRunnerFactory.java:59) ~[spring-cloud-contract-stub-runner-2.0.0.BUILD-SNAPSHOT.jar:2.0.0.BUILD-SNAPSHOT]
	at org.springframework.cloud.contract.stubrunner.spring.StubRunnerConfiguration.batchStubRunner(StubRunnerConfiguration.java:77) ~[spring-cloud-contract-stub-runner-2.0.0.BUILD-SNAPSHOT.jar:2.0.0.BUILD-SNAPSHOT]
	at org.springframework.cloud.contract.stubrunner.spring.StubRunnerConfiguration$$EnhancerBySpringCGLIB$$490bfd54.CGLIB$batchStubRunner$0(<generated>) ~[spring-cloud-contract-stub-runner-2.0.0.BUILD-SNAPSHOT.jar:2.0.0.BUILD-SNAPSHOT]
	at org.springframework.cloud.contract.stubrunner.spring.StubRunnerConfiguration$$EnhancerBySpringCGLIB$$490bfd54$$FastClassBySpringCGLIB$$ec088cc2.invoke(<generated>) ~[spring-cloud-contract-stub-runner-2.0.0.BUILD-SNAPSHOT.jar:2.0.0.BUILD-SNAPSHOT]
	at org.springframework.cglib.proxy.MethodProxy.invokeSuper(MethodProxy.java:228) ~[spring-core-4.3.13.RELEASE.jar:4.3.13.RELEASE]
	at org.springframework.context.annotation.ConfigurationClassEnhancer$BeanMethodInterceptor.intercept(ConfigurationClassEnhancer.java:358) ~[spring-context-4.3.13.RELEASE.jar:4.3.13.RELEASE]
	at org.springframework.cloud.contract.stubrunner.spring.StubRunnerConfiguration$$EnhancerBySpringCGLIB$$490bfd54.batchStubRunner(<generated>) ~[spring-cloud-contract-stub-runner-2.0.0.BUILD-SNAPSHOT.jar:2.0.0.BUILD-SNAPSHOT]
	at sun.reflect.NativeMethodAccessorImpl.invoke0(Native Method) ~[na:1.8.0_77]
	at sun.reflect.NativeMethodAccessorImpl.invoke(NativeMethodAccessorImpl.java:62) ~[na:1.8.0_77]
	at sun.reflect.DelegatingMethodAccessorImpl.invoke(DelegatingMethodAccessorImpl.java:43) ~[na:1.8.0_77]
	at java.lang.reflect.Method.invoke(Method.java:498) ~[na:1.8.0_77]
	at org.springframework.beans.factory.support.SimpleInstantiationStrategy.instantiate(SimpleInstantiationStrategy.java:162) ~[spring-beans-4.3.13.RELEASE.jar:4.3.13.RELEASE]
	... 44 common frames omitted

2018-02-03 17:43:23.888 ERROR 3192 --- [           main] o.s.test.context.TestContextManager      : Caught exception while allowing TestExecutionListener [org.springframework.boot.test.autoconfigure.SpringBootDependencyInjectionTestExecutionListener@be64738] to prepare test instance [com.endava.bank.ApplyServiceTests@654f0d9c]

java.lang.IllegalStateException: Failed to load ApplicationContext
	at org.springframework.test.context.cache.DefaultCacheAwareContextLoaderDelegate.loadContext(DefaultCacheAwareContextLoaderDelegate.java:124) ~[spring-test-4.3.13.RELEASE.jar:4.3.13.RELEASE]
	at org.springframework.test.context.support.DefaultTestContext.getApplicationContext(DefaultTestContext.java:83) ~[spring-test-4.3.13.RELEASE.jar:4.3.13.RELEASE]
	at org.springframework.test.context.support.DependencyInjectionTestExecutionListener.injectDependencies(DependencyInjectionTestExecutionListener.java:117) ~[spring-test-4.3.13.RELEASE.jar:4.3.13.RELEASE]
	at org.springframework.test.context.support.DependencyInjectionTestExecutionListener.prepareTestInstance(DependencyInjectionTestExecutionListener.java:83) ~[spring-test-4.3.13.RELEASE.jar:4.3.13.RELEASE]
	at org.springframework.boot.test.autoconfigure.SpringBootDependencyInjectionTestExecutionListener.prepareTestInstance(SpringBootDependencyInjectionTestExecutionListener.java:44) ~[spring-boot-test-autoconfigure-1.5.9.RELEASE.jar:1.5.9.RELEASE]
	at org.springframework.test.context.TestContextManager.prepareTestInstance(TestContextManager.java:230) ~[spring-test-4.3.13.RELEASE.jar:4.3.13.RELEASE]
	at org.springframework.test.context.junit4.SpringJUnit4ClassRunner.createTest(SpringJUnit4ClassRunner.java:228) [spring-test-4.3.13.RELEASE.jar:4.3.13.RELEASE]
	at org.springframework.test.context.junit4.SpringJUnit4ClassRunner$1.runReflectiveCall(SpringJUnit4ClassRunner.java:287) [spring-test-4.3.13.RELEASE.jar:4.3.13.RELEASE]
	at org.junit.internal.runners.model.ReflectiveCallable.run(ReflectiveCallable.java:12) [junit-4.12.jar:4.12]
	at org.springframework.test.context.junit4.SpringJUnit4ClassRunner.methodBlock(SpringJUnit4ClassRunner.java:289) [spring-test-4.3.13.RELEASE.jar:4.3.13.RELEASE]
	at org.springframework.test.context.junit4.SpringJUnit4ClassRunner.runChild(SpringJUnit4ClassRunner.java:247) [spring-test-4.3.13.RELEASE.jar:4.3.13.RELEASE]
	at org.springframework.test.context.junit4.SpringJUnit4ClassRunner.runChild(SpringJUnit4ClassRunner.java:94) [spring-test-4.3.13.RELEASE.jar:4.3.13.RELEASE]
	at org.junit.runners.ParentRunner$3.run(ParentRunner.java:290) [junit-4.12.jar:4.12]
	at org.junit.runners.ParentRunner$1.schedule(ParentRunner.java:71) [junit-4.12.jar:4.12]
	at org.junit.runners.ParentRunner.runChildren(ParentRunner.java:288) [junit-4.12.jar:4.12]
	at org.junit.runners.ParentRunner.access$000(ParentRunner.java:58) [junit-4.12.jar:4.12]
	at org.junit.runners.ParentRunner$2.evaluate(ParentRunner.java:268) [junit-4.12.jar:4.12]
	at org.springframework.test.context.junit4.statements.RunBeforeTestClassCallbacks.evaluate(RunBeforeTestClassCallbacks.java:61) [spring-test-4.3.13.RELEASE.jar:4.3.13.RELEASE]
	at org.springframework.test.context.junit4.statements.RunAfterTestClassCallbacks.evaluate(RunAfterTestClassCallbacks.java:70) [spring-test-4.3.13.RELEASE.jar:4.3.13.RELEASE]
	at org.junit.runners.ParentRunner.run(ParentRunner.java:363) [junit-4.12.jar:4.12]
	at org.springframework.test.context.junit4.SpringJUnit4ClassRunner.run(SpringJUnit4ClassRunner.java:191) [spring-test-4.3.13.RELEASE.jar:4.3.13.RELEASE]
	at org.apache.maven.surefire.junit4.JUnit4Provider.execute(JUnit4Provider.java:283) [surefire-junit4-2.18.1.jar:2.18.1]
	at org.apache.maven.surefire.junit4.JUnit4Provider.executeWithRerun(JUnit4Provider.java:173) [surefire-junit4-2.18.1.jar:2.18.1]
	at org.apache.maven.surefire.junit4.JUnit4Provider.executeTestSet(JUnit4Provider.java:153) [surefire-junit4-2.18.1.jar:2.18.1]
	at org.apache.maven.surefire.junit4.JUnit4Provider.invoke(JUnit4Provider.java:128) [surefire-junit4-2.18.1.jar:2.18.1]
	at org.apache.maven.surefire.booter.ForkedBooter.invokeProviderInSameClassLoader(ForkedBooter.java:203) [surefire-booter-2.18.1.jar:2.18.1]
	at org.apache.maven.surefire.booter.ForkedBooter.runSuitesInProcess(ForkedBooter.java:155) [surefire-booter-2.18.1.jar:2.18.1]
	at org.apache.maven.surefire.booter.ForkedBooter.main(ForkedBooter.java:103) [surefire-booter-2.18.1.jar:2.18.1]
Caused by: org.springframework.beans.factory.BeanCreationException: Error creating bean with name 'batchStubRunner' defined in class path resource [org/springframework/cloud/contract/stubrunner/spring/StubRunnerConfiguration.class]: Bean instantiation via factory method failed; nested exception is org.springframework.beans.BeanInstantiationException: Failed to instantiate [org.springframework.cloud.contract.stubrunner.BatchStubRunner]: Factory method 'batchStubRunner' threw exception; nested exception is java.lang.IllegalArgumentException: For groupId [com.endava] artifactId [fraud-service] and classifier [stubs] the version was not resolved! The following exceptions took place [org.eclipse.aether.transfer.MetadataNotFoundException: Could not find metadata com.endava:fraud-service/maven-metadata.xml in local (C:\Users\arecicalov\.m2\repository)]
	at org.springframework.beans.factory.support.ConstructorResolver.instantiateUsingFactoryMethod(ConstructorResolver.java:599) ~[spring-beans-4.3.13.RELEASE.jar:4.3.13.RELEASE]
	at org.springframework.beans.factory.support.AbstractAutowireCapableBeanFactory.instantiateUsingFactoryMethod(AbstractAutowireCapableBeanFactory.java:1173) ~[spring-beans-4.3.13.RELEASE.jar:4.3.13.RELEASE]
	at org.springframework.beans.factory.support.AbstractAutowireCapableBeanFactory.createBeanInstance(AbstractAutowireCapableBeanFactory.java:1067) ~[spring-beans-4.3.13.RELEASE.jar:4.3.13.RELEASE]
	at org.springframework.beans.factory.support.AbstractAutowireCapableBeanFactory.doCreateBean(AbstractAutowireCapableBeanFactory.java:513) ~[spring-beans-4.3.13.RELEASE.jar:4.3.13.RELEASE]
	at org.springframework.beans.factory.support.AbstractAutowireCapableBeanFactory.createBean(AbstractAutowireCapableBeanFactory.java:483) ~[spring-beans-4.3.13.RELEASE.jar:4.3.13.RELEASE]
	at org.springframework.beans.factory.support.AbstractBeanFactory$1.getObject(AbstractBeanFactory.java:306) ~[spring-beans-4.3.13.RELEASE.jar:4.3.13.RELEASE]
	at org.springframework.beans.factory.support.DefaultSingletonBeanRegistry.getSingleton(DefaultSingletonBeanRegistry.java:230) ~[spring-beans-4.3.13.RELEASE.jar:4.3.13.RELEASE]
	at org.springframework.beans.factory.support.AbstractBeanFactory.doGetBean(AbstractBeanFactory.java:302) ~[spring-beans-4.3.13.RELEASE.jar:4.3.13.RELEASE]
	at org.springframework.beans.factory.support.AbstractBeanFactory.getBean(AbstractBeanFactory.java:197) ~[spring-beans-4.3.13.RELEASE.jar:4.3.13.RELEASE]
	at org.springframework.beans.factory.support.DefaultListableBeanFactory.preInstantiateSingletons(DefaultListableBeanFactory.java:761) ~[spring-beans-4.3.13.RELEASE.jar:4.3.13.RELEASE]
	at org.springframework.context.support.AbstractApplicationContext.finishBeanFactoryInitialization(AbstractApplicationContext.java:867) ~[spring-context-4.3.13.RELEASE.jar:4.3.13.RELEASE]
	at org.springframework.context.support.AbstractApplicationContext.refresh(AbstractApplicationContext.java:543) ~[spring-context-4.3.13.RELEASE.jar:4.3.13.RELEASE]
	at org.springframework.boot.SpringApplication.refresh(SpringApplication.java:693) ~[spring-boot-1.5.9.RELEASE.jar:1.5.9.RELEASE]
	at org.springframework.boot.SpringApplication.refreshContext(SpringApplication.java:360) ~[spring-boot-1.5.9.RELEASE.jar:1.5.9.RELEASE]
	at org.springframework.boot.SpringApplication.run(SpringApplication.java:303) ~[spring-boot-1.5.9.RELEASE.jar:1.5.9.RELEASE]
	at org.springframework.boot.test.context.SpringBootContextLoader.loadContext(SpringBootContextLoader.java:120) ~[spring-boot-test-1.5.9.RELEASE.jar:1.5.9.RELEASE]
	at org.springframework.test.context.cache.DefaultCacheAwareContextLoaderDelegate.loadContextInternal(DefaultCacheAwareContextLoaderDelegate.java:98) ~[spring-test-4.3.13.RELEASE.jar:4.3.13.RELEASE]
	at org.springframework.test.context.cache.DefaultCacheAwareContextLoaderDelegate.loadContext(DefaultCacheAwareContextLoaderDelegate.java:116) ~[spring-test-4.3.13.RELEASE.jar:4.3.13.RELEASE]
	... 27 common frames omitted
Caused by: org.springframework.beans.BeanInstantiationException: Failed to instantiate [org.springframework.cloud.contract.stubrunner.BatchStubRunner]: Factory method 'batchStubRunner' threw exception; nested exception is java.lang.IllegalArgumentException: For groupId [com.endava] artifactId [fraud-service] and classifier [stubs] the version was not resolved! The following exceptions took place [org.eclipse.aether.transfer.MetadataNotFoundException: Could not find metadata com.endava:fraud-service/maven-metadata.xml in local (C:\Users\arecicalov\.m2\repository)]
	at org.springframework.beans.factory.support.SimpleInstantiationStrategy.instantiate(SimpleInstantiationStrategy.java:189) ~[spring-beans-4.3.13.RELEASE.jar:4.3.13.RELEASE]
	at org.springframework.beans.factory.support.ConstructorResolver.instantiateUsingFactoryMethod(ConstructorResolver.java:588) ~[spring-beans-4.3.13.RELEASE.jar:4.3.13.RELEASE]
	... 44 common frames omitted
Caused by: java.lang.IllegalArgumentException: For groupId [com.endava] artifactId [fraud-service] and classifier [stubs] the version was not resolved! The following exceptions took place [org.eclipse.aether.transfer.MetadataNotFoundException: Could not find metadata com.endava:fraud-service/maven-metadata.xml in local (C:\Users\arecicalov\.m2\repository)]
	at org.springframework.cloud.contract.stubrunner.AetherStubDownloader.resolveHighestArtifactVersion(AetherStubDownloader.java:252) ~[spring-cloud-contract-stub-runner-2.0.0.BUILD-SNAPSHOT.jar:2.0.0.BUILD-SNAPSHOT]
	at org.springframework.cloud.contract.stubrunner.AetherStubDownloader.getVersion(AetherStubDownloader.java:209) ~[spring-cloud-contract-stub-runner-2.0.0.BUILD-SNAPSHOT.jar:2.0.0.BUILD-SNAPSHOT]
	at org.springframework.cloud.contract.stubrunner.AetherStubDownloader.downloadAndUnpackStubJar(AetherStubDownloader.java:216) ~[spring-cloud-contract-stub-runner-2.0.0.BUILD-SNAPSHOT.jar:2.0.0.BUILD-SNAPSHOT]
	at org.springframework.cloud.contract.stubrunner.StubRunnerFactory.createStubsFromServiceConfiguration(StubRunnerFactory.java:60) ~[spring-cloud-contract-stub-runner-2.0.0.BUILD-SNAPSHOT.jar:2.0.0.BUILD-SNAPSHOT]
	at org.springframework.cloud.contract.stubrunner.BatchStubRunnerFactory.buildBatchStubRunner(BatchStubRunnerFactory.java:59) ~[spring-cloud-contract-stub-runner-2.0.0.BUILD-SNAPSHOT.jar:2.0.0.BUILD-SNAPSHOT]
	at org.springframework.cloud.contract.stubrunner.spring.StubRunnerConfiguration.batchStubRunner(StubRunnerConfiguration.java:77) ~[spring-cloud-contract-stub-runner-2.0.0.BUILD-SNAPSHOT.jar:2.0.0.BUILD-SNAPSHOT]
	at org.springframework.cloud.contract.stubrunner.spring.StubRunnerConfiguration$$EnhancerBySpringCGLIB$$490bfd54.CGLIB$batchStubRunner$0(<generated>) ~[spring-cloud-contract-stub-runner-2.0.0.BUILD-SNAPSHOT.jar:2.0.0.BUILD-SNAPSHOT]
	at org.springframework.cloud.contract.stubrunner.spring.StubRunnerConfiguration$$EnhancerBySpringCGLIB$$490bfd54$$FastClassBySpringCGLIB$$ec088cc2.invoke(<generated>) ~[spring-cloud-contract-stub-runner-2.0.0.BUILD-SNAPSHOT.jar:2.0.0.BUILD-SNAPSHOT]
	at org.springframework.cglib.proxy.MethodProxy.invokeSuper(MethodProxy.java:228) ~[spring-core-4.3.13.RELEASE.jar:4.3.13.RELEASE]
	at org.springframework.context.annotation.ConfigurationClassEnhancer$BeanMethodInterceptor.intercept(ConfigurationClassEnhancer.java:358) ~[spring-context-4.3.13.RELEASE.jar:4.3.13.RELEASE]
	at org.springframework.cloud.contract.stubrunner.spring.StubRunnerConfiguration$$EnhancerBySpringCGLIB$$490bfd54.batchStubRunner(<generated>) ~[spring-cloud-contract-stub-runner-2.0.0.BUILD-SNAPSHOT.jar:2.0.0.BUILD-SNAPSHOT]
	at sun.reflect.NativeMethodAccessorImpl.invoke0(Native Method) ~[na:1.8.0_77]
	at sun.reflect.NativeMethodAccessorImpl.invoke(NativeMethodAccessorImpl.java:62) ~[na:1.8.0_77]
	at sun.reflect.DelegatingMethodAccessorImpl.invoke(DelegatingMethodAccessorImpl.java:43) ~[na:1.8.0_77]
	at java.lang.reflect.Method.invoke(Method.java:498) ~[na:1.8.0_77]
	at org.springframework.beans.factory.support.SimpleInstantiationStrategy.instantiate(SimpleInstantiationStrategy.java:162) ~[spring-beans-4.3.13.RELEASE.jar:4.3.13.RELEASE]
	... 45 common frames omitted

]]></system-out>
  </testcase>
</testsuite>